Mensaje I / 00:00:00:000 / Root(00) para top(01)
Mensaje I / 00:00:00:000 / top(01) para p1(02)
Mensaje I / 00:00:00:000 / top(01) para p4(03)
Mensaje I / 00:00:00:000 / top(01) para p2(04)
Mensaje I / 00:00:00:000 / top(01) para p5(05)
Mensaje I / 00:00:00:000 / top(01) para p3(06)
Mensaje I / 00:00:00:000 / top(01) para p6(07)
Mensaje I / 00:00:00:000 / top(01) para t1(08)
Mensaje I / 00:00:00:000 / top(01) para t3(09)
Mensaje I / 00:00:00:000 / top(01) para t2(10)
Mensaje I / 00:00:00:000 / top(01) para t4(11)
Mensaje D / 00:00:00:000 / p1(02) / 00:00:00:000 para top(01)
Mensaje D / 00:00:00:000 / p4(03) / 00:00:00:000 para top(01)
Mensaje D / 00:00:00:000 / p2(04) / 00:00:00:000 para top(01)
Mensaje D / 00:00:00:000 / p5(05) / 00:00:00:000 para top(01)
Mensaje D / 00:00:00:000 / p3(06) / 00:00:00:000 para top(01)
Mensaje D / 00:00:00:000 / p6(07) / 00:00:00:000 para top(01)
Mensaje D / 00:00:00:000 / t1(08) / 00:00:50:000 para top(01)
Mensaje D / 00:00:00:000 / t3(09) / 00:00:50:000 para top(01)
Mensaje D / 00:00:00:000 / t2(10) / 00:00:50:000 para top(01)
Mensaje D / 00:00:00:000 / t4(11) / 00:00:50:000 para top(01)
Mensaje D / 00:00:00:000 / top(01) / 00:00:00:000 para Root(00)
Mensaje * / 00:00:00:000 / Root(00) para top(01)
Mensaje * / 00:00:00:000 / top(01) para p1(02)
Mensaje Y / 00:00:00:000 / p1(02) / out /   2001.000 para top(01)
Mensaje D / 00:00:00:000 / p1(02) / ... para top(01)
Mensaje X / 00:00:00:000 / top(01) / in1 /   2001.000 para t1(08)
Mensaje D / 00:00:00:000 / t1(08) / 00:00:35:000 para top(01)
Mensaje D / 00:00:00:000 / top(01) / 00:00:00:000 para Root(00)
Mensaje * / 00:00:00:000 / Root(00) para top(01)
Mensaje * / 00:00:00:000 / top(01) para p4(03)
Mensaje Y / 00:00:00:000 / p4(03) / out /   3010.000 para top(01)
Mensaje D / 00:00:00:000 / p4(03) / ... para top(01)
Mensaje X / 00:00:00:000 / top(01) / in1 /   3010.000 para t3(09)
Mensaje D / 00:00:00:000 / t3(09) / 00:00:39:000 para top(01)
Mensaje D / 00:00:00:000 / top(01) / 00:00:00:000 para Root(00)
Mensaje * / 00:00:00:000 / Root(00) para top(01)
Mensaje * / 00:00:00:000 / top(01) para p2(04)
Mensaje Y / 00:00:00:000 / p2(04) / out /   4000.000 para top(01)
Mensaje D / 00:00:00:000 / p2(04) / ... para top(01)
Mensaje X / 00:00:00:000 / top(01) / in1 /   4000.000 para t2(10)
Mensaje D / 00:00:00:000 / t2(10) / ... para top(01)
Mensaje D / 00:00:00:000 / top(01) / 00:00:00:000 para Root(00)
Mensaje * / 00:00:00:000 / Root(00) para top(01)
Mensaje * / 00:00:00:000 / top(01) para p5(05)
Mensaje Y / 00:00:00:000 / p5(05) / out /   5000.000 para top(01)
Mensaje D / 00:00:00:000 / p5(05) / ... para top(01)
Mensaje X / 00:00:00:000 / top(01) / in1 /   5000.000 para t4(11)
Mensaje D / 00:00:00:000 / t4(11) / ... para top(01)
Mensaje D / 00:00:00:000 / top(01) / 00:00:00:000 para Root(00)
Mensaje * / 00:00:00:000 / Root(00) para top(01)
Mensaje * / 00:00:00:000 / top(01) para p3(06)
Mensaje Y / 00:00:00:000 / p3(06) / out /   6000.000 para top(01)
Mensaje D / 00:00:00:000 / p3(06) / ... para top(01)
Mensaje X / 00:00:00:000 / top(01) / in1 /   6000.000 para t1(08)
Mensaje D / 00:00:00:000 / t1(08) / ... para top(01)
Mensaje D / 00:00:00:000 / top(01) / 00:00:00:000 para Root(00)
Mensaje * / 00:00:00:000 / Root(00) para top(01)
Mensaje * / 00:00:00:000 / top(01) para p6(07)
Mensaje Y / 00:00:00:000 / p6(07) / out /   7000.000 para top(01)
Mensaje D / 00:00:00:000 / p6(07) / ... para top(01)
Mensaje D / 00:00:00:000 / top(01) / 00:00:39:000 para Root(00)
Mensaje * / 00:00:39:000 / Root(00) para top(01)
Mensaje * / 00:00:39:000 / top(01) para t3(09)
Mensaje Y / 00:00:39:000 / t3(09) / out1 /      1.000 para top(01)
Mensaje Y / 00:00:39:000 / t3(09) / out2 /      2.000 para top(01)
Mensaje Y / 00:00:39:000 / t3(09) / out3 /      3.000 para top(01)
Mensaje Y / 00:00:39:000 / t3(09) / out4 /      4.000 para top(01)
Mensaje Y / 00:00:39:000 / t3(09) / fired /   3001.000 para top(01)
Mensaje D / 00:00:39:000 / t3(09) / ... para top(01)
Mensaje X / 00:00:39:000 / top(01) / in /      1.000 para p3(06)
Mensaje X / 00:00:39:000 / top(01) / in /   3001.000 para p4(03)
Mensaje D / 00:00:39:000 / p3(06) / 00:00:00:000 para top(01)
Mensaje D / 00:00:39:000 / p4(03) / 00:00:00:000 para top(01)
Mensaje D / 00:00:39:000 / top(01) / 00:00:00:000 para Root(00)
Mensaje * / 00:00:39:000 / Root(00) para top(01)
Mensaje * / 00:00:39:000 / top(01) para p4(03)
Mensaje Y / 00:00:39:000 / p4(03) / out /   3009.000 para top(01)
Mensaje D / 00:00:39:000 / p4(03) / ... para top(01)
Mensaje X / 00:00:39:000 / top(01) / in1 /   3009.000 para t3(09)
Mensaje D / 00:00:39:000 / t3(09) / 00:00:48:000 para top(01)
Mensaje D / 00:00:39:000 / top(01) / 00:00:00:000 para Root(00)
Mensaje * / 00:00:39:000 / Root(00) para top(01)
Mensaje * / 00:00:39:000 / top(01) para p3(06)
Mensaje Y / 00:00:39:000 / p3(06) / out /   6001.000 para top(01)
Mensaje D / 00:00:39:000 / p3(06) / ... para top(01)
Mensaje X / 00:00:39:000 / top(01) / in1 /   6001.000 para t1(08)
Mensaje D / 00:00:39:000 / t1(08) / 00:00:22:000 para top(01)
Mensaje D / 00:00:39:000 / top(01) / 00:00:22:000 para Root(00)
Mensaje * / 00:01:01:000 / Root(00) para top(01)
Mensaje * / 00:01:01:000 / top(01) para t1(08)
Mensaje Y / 00:01:01:000 / t1(08) / out1 /      1.000 para top(01)
Mensaje Y / 00:01:01:000 / t1(08) / out2 /      2.000 para top(01)
Mensaje Y / 00:01:01:000 / t1(08) / out3 /      3.000 para top(01)
Mensaje Y / 00:01:01:000 / t1(08) / out4 /      4.000 para top(01)
Mensaje Y / 00:01:01:000 / t1(08) / fired /   2001.000 para top(01)
Mensaje Y / 00:01:01:000 / t1(08) / fired /   6001.000 para top(01)
Mensaje D / 00:01:01:000 / t1(08) / ... para top(01)
Mensaje X / 00:01:01:000 / top(01) / in /      1.000 para p2(04)
Mensaje X / 00:01:01:000 / top(01) / in /      1.000 para p5(05)
Mensaje X / 00:01:01:000 / top(01) / in /   2001.000 para p1(02)
Mensaje X / 00:01:01:000 / top(01) / in /   2001.000 para p3(06)
Mensaje X / 00:01:01:000 / top(01) / in /   6001.000 para p1(02)
Mensaje X / 00:01:01:000 / top(01) / in /   6001.000 para p3(06)
Mensaje D / 00:01:01:000 / p2(04) / 00:00:00:000 para top(01)
Mensaje D / 00:01:01:000 / p5(05) / 00:00:00:000 para top(01)
Mensaje D / 00:01:01:000 / p1(02) / 00:00:00:000 para top(01)
Mensaje D / 00:01:01:000 / p3(06) / 00:00:00:000 para top(01)
Mensaje D / 00:01:01:000 / p1(02) / 00:00:00:000 para top(01)
Mensaje D / 00:01:01:000 / p3(06) / 00:00:00:000 para top(01)
Mensaje D / 00:01:01:000 / top(01) / 00:00:00:000 para Root(00)
Mensaje * / 00:01:01:000 / Root(00) para top(01)
Mensaje * / 00:01:01:000 / top(01) para p1(02)
Mensaje Y / 00:01:01:000 / p1(02) / out /   2000.000 para top(01)
Mensaje D / 00:01:01:000 / p1(02) / ... para top(01)
Mensaje X / 00:01:01:000 / top(01) / in1 /   2000.000 para t1(08)
Mensaje D / 00:01:01:000 / t1(08) / ... para top(01)
Mensaje D / 00:01:01:000 / top(01) / 00:00:00:000 para Root(00)
Mensaje * / 00:01:01:000 / Root(00) para top(01)
Mensaje * / 00:01:01:000 / top(01) para p2(04)
Mensaje Y / 00:01:01:000 / p2(04) / out /   4001.000 para top(01)
Mensaje D / 00:01:01:000 / p2(04) / ... para top(01)
Mensaje X / 00:01:01:000 / top(01) / in1 /   4001.000 para t2(10)
Mensaje D / 00:01:01:000 / t2(10) / 00:00:53:000 para top(01)
Mensaje D / 00:01:01:000 / top(01) / 00:00:00:000 para Root(00)
Mensaje * / 00:01:01:000 / Root(00) para top(01)
Mensaje * / 00:01:01:000 / top(01) para p5(05)
Mensaje Y / 00:01:01:000 / p5(05) / out /   5001.000 para top(01)
Mensaje D / 00:01:01:000 / p5(05) / ... para top(01)
Mensaje X / 00:01:01:000 / top(01) / in1 /   5001.000 para t4(11)
Mensaje D / 00:01:01:000 / t4(11) / 00:00:45:000 para top(01)
Mensaje D / 00:01:01:000 / top(01) / 00:00:00:000 para Root(00)
Mensaje * / 00:01:01:000 / Root(00) para top(01)
Mensaje * / 00:01:01:000 / top(01) para p3(06)
Mensaje Y / 00:01:01:000 / p3(06) / out /   6000.000 para top(01)
Mensaje D / 00:01:01:000 / p3(06) / ... para top(01)
Mensaje X / 00:01:01:000 / top(01) / in1 /   6000.000 para t1(08)
Mensaje D / 00:01:01:000 / t1(08) / ... para top(01)
Mensaje D / 00:01:01:000 / top(01) / 00:00:26:000 para Root(00)
Mensaje * / 00:01:27:000 / Root(00) para top(01)
Mensaje * / 00:01:27:000 / top(01) para t3(09)
Mensaje Y / 00:01:27:000 / t3(09) / out1 /      1.000 para top(01)
Mensaje Y / 00:01:27:000 / t3(09) / out2 /      2.000 para top(01)
Mensaje Y / 00:01:27:000 / t3(09) / out3 /      3.000 para top(01)
Mensaje Y / 00:01:27:000 / t3(09) / out4 /      4.000 para top(01)
Mensaje Y / 00:01:27:000 / t3(09) / fired /   3001.000 para top(01)
Mensaje D / 00:01:27:000 / t3(09) / ... para top(01)
Mensaje X / 00:01:27:000 / top(01) / in /      1.000 para p3(06)
Mensaje X / 00:01:27:000 / top(01) / in /   3001.000 para p4(03)
Mensaje D / 00:01:27:000 / p3(06) / 00:00:00:000 para top(01)
Mensaje D / 00:01:27:000 / p4(03) / 00:00:00:000 para top(01)
Mensaje D / 00:01:27:000 / top(01) / 00:00:00:000 para Root(00)
Mensaje * / 00:01:27:000 / Root(00) para top(01)
Mensaje * / 00:01:27:000 / top(01) para p4(03)
Mensaje Y / 00:01:27:000 / p4(03) / out /   3008.000 para top(01)
Mensaje D / 00:01:27:000 / p4(03) / ... para top(01)
Mensaje X / 00:01:27:000 / top(01) / in1 /   3008.000 para t3(09)
Mensaje D / 00:01:27:000 / t3(09) / 00:00:39:000 para top(01)
Mensaje D / 00:01:27:000 / top(01) / 00:00:00:000 para Root(00)
Mensaje * / 00:01:27:000 / Root(00) para top(01)
Mensaje * / 00:01:27:000 / top(01) para p3(06)
Mensaje Y / 00:01:27:000 / p3(06) / out /   6001.000 para top(01)
Mensaje D / 00:01:27:000 / p3(06) / ... para top(01)
Mensaje X / 00:01:27:000 / top(01) / in1 /   6001.000 para t1(08)
Mensaje D / 00:01:27:000 / t1(08) / ... para top(01)
Mensaje D / 00:01:27:000 / top(01) / 00:00:19:000 para Root(00)
Mensaje * / 00:01:46:000 / Root(00) para top(01)
Mensaje * / 00:01:46:000 / top(01) para t4(11)
Mensaje Y / 00:01:46:000 / t4(11) / out1 /      1.000 para top(01)
Mensaje Y / 00:01:46:000 / t4(11) / out2 /      2.000 para top(01)
Mensaje Y / 00:01:46:000 / t4(11) / out3 /      3.000 para top(01)
Mensaje Y / 00:01:46:000 / t4(11) / out4 /      4.000 para top(01)
Mensaje Y / 00:01:46:000 / t4(11) / fired /   5001.000 para top(01)
Mensaje D / 00:01:46:000 / t4(11) / ... para top(01)
Mensaje X / 00:01:46:000 / top(01) / in /      1.000 para p6(07)
Mensaje X / 00:01:46:000 / top(01) / in /   5001.000 para p5(05)
Mensaje D / 00:01:46:000 / p6(07) / 00:00:00:000 para top(01)
Mensaje D / 00:01:46:000 / p5(05) / 00:00:00:000 para top(01)
Mensaje D / 00:01:46:000 / top(01) / 00:00:00:000 para Root(00)
Mensaje * / 00:01:46:000 / Root(00) para top(01)
Mensaje * / 00:01:46:000 / top(01) para p5(05)
Mensaje Y / 00:01:46:000 / p5(05) / out /   5000.000 para top(01)
Mensaje D / 00:01:46:000 / p5(05) / ... para top(01)
Mensaje X / 00:01:46:000 / top(01) / in1 /   5000.000 para t4(11)
Mensaje D / 00:01:46:000 / t4(11) / ... para top(01)
Mensaje D / 00:01:46:000 / top(01) / 00:00:00:000 para Root(00)
Mensaje * / 00:01:46:000 / Root(00) para top(01)
Mensaje * / 00:01:46:000 / top(01) para p6(07)
Mensaje Y / 00:01:46:000 / p6(07) / out /   7001.000 para top(01)
Mensaje D / 00:01:46:000 / p6(07) / ... para top(01)
Mensaje D / 00:01:46:000 / top(01) / 00:00:08:000 para Root(00)
Mensaje * / 00:01:54:000 / Root(00) para top(01)
Mensaje * / 00:01:54:000 / top(01) para t2(10)
Mensaje Y / 00:01:54:000 / t2(10) / out1 /      1.000 para top(01)
Mensaje Y / 00:01:54:000 / t2(10) / out2 /      2.000 para top(01)
Mensaje Y / 00:01:54:000 / t2(10) / out3 /      3.000 para top(01)
Mensaje Y / 00:01:54:000 / t2(10) / out4 /      4.000 para top(01)
Mensaje Y / 00:01:54:000 / t2(10) / fired /   4001.000 para top(01)
Mensaje D / 00:01:54:000 / t2(10) / ... para top(01)
Mensaje X / 00:01:54:000 / top(01) / in /      1.000 para p1(02)
Mensaje X / 00:01:54:000 / top(01) / in /   4001.000 para p2(04)
Mensaje D / 00:01:54:000 / p1(02) / 00:00:00:000 para top(01)
Mensaje D / 00:01:54:000 / p2(04) / 00:00:00:000 para top(01)
Mensaje D / 00:01:54:000 / top(01) / 00:00:00:000 para Root(00)
Mensaje * / 00:01:54:000 / Root(00) para top(01)
Mensaje * / 00:01:54:000 / top(01) para p1(02)
Mensaje Y / 00:01:54:000 / p1(02) / out /   2001.000 para top(01)
Mensaje D / 00:01:54:000 / p1(02) / ... para top(01)
Mensaje X / 00:01:54:000 / top(01) / in1 /   2001.000 para t1(08)
Mensaje D / 00:01:54:000 / t1(08) / 00:00:43:000 para top(01)
Mensaje D / 00:01:54:000 / top(01) / 00:00:00:000 para Root(00)
Mensaje * / 00:01:54:000 / Root(00) para top(01)
Mensaje * / 00:01:54:000 / top(01) para p2(04)
Mensaje Y / 00:01:54:000 / p2(04) / out /   4000.000 para top(01)
Mensaje D / 00:01:54:000 / p2(04) / ... para top(01)
Mensaje X / 00:01:54:000 / top(01) / in1 /   4000.000 para t2(10)
Mensaje D / 00:01:54:000 / t2(10) / ... para top(01)
Mensaje D / 00:01:54:000 / top(01) / 00:00:12:000 para Root(00)
Mensaje * / 00:02:06:000 / Root(00) para top(01)
Mensaje * / 00:02:06:000 / top(01) para t3(09)
Mensaje Y / 00:02:06:000 / t3(09) / out1 /      1.000 para top(01)
Mensaje Y / 00:02:06:000 / t3(09) / out2 /      2.000 para top(01)
Mensaje Y / 00:02:06:000 / t3(09) / out3 /      3.000 para top(01)
Mensaje Y / 00:02:06:000 / t3(09) / out4 /      4.000 para top(01)
Mensaje Y / 00:02:06:000 / t3(09) / fired /   3001.000 para top(01)
Mensaje D / 00:02:06:000 / t3(09) / ... para top(01)
Mensaje X / 00:02:06:000 / top(01) / in /      1.000 para p3(06)
Mensaje X / 00:02:06:000 / top(01) / in /   3001.000 para p4(03)
Mensaje D / 00:02:06:000 / p3(06) / 00:00:00:000 para top(01)
Mensaje D / 00:02:06:000 / p4(03) / 00:00:00:000 para top(01)
Mensaje D / 00:02:06:000 / top(01) / 00:00:00:000 para Root(00)
Mensaje * / 00:02:06:000 / Root(00) para top(01)
Mensaje * / 00:02:06:000 / top(01) para p4(03)
Mensaje Y / 00:02:06:000 / p4(03) / out /   3007.000 para top(01)
Mensaje D / 00:02:06:000 / p4(03) / ... para top(01)
Mensaje X / 00:02:06:000 / top(01) / in1 /   3007.000 para t3(09)
Mensaje D / 00:02:06:000 / t3(09) / 00:00:44:000 para top(01)
Mensaje D / 00:02:06:000 / top(01) / 00:00:00:000 para Root(00)
Mensaje * / 00:02:06:000 / Root(00) para top(01)
Mensaje * / 00:02:06:000 / top(01) para p3(06)
Mensaje Y / 00:02:06:000 / p3(06) / out /   6002.000 para top(01)
Mensaje D / 00:02:06:000 / p3(06) / ... para top(01)
Mensaje X / 00:02:06:000 / top(01) / in1 /   6002.000 para t1(08)
Mensaje D / 00:02:06:000 / t1(08) / 00:00:38:000 para top(01)
Mensaje D / 00:02:06:000 / top(01) / 00:00:38:000 para Root(00)
Mensaje * / 00:02:44:000 / Root(00) para top(01)
Mensaje * / 00:02:44:000 / top(01) para t1(08)
Mensaje Y / 00:02:44:000 / t1(08) / out1 /      1.000 para top(01)
Mensaje Y / 00:02:44:000 / t1(08) / out2 /      2.000 para top(01)
Mensaje Y / 00:02:44:000 / t1(08) / out3 /      3.000 para top(01)
Mensaje Y / 00:02:44:000 / t1(08) / out4 /      4.000 para top(01)
Mensaje Y / 00:02:44:000 / t1(08) / fired /   2001.000 para top(01)
Mensaje Y / 00:02:44:000 / t1(08) / fired /   6001.000 para top(01)
Mensaje D / 00:02:44:000 / t1(08) / ... para top(01)
Mensaje X / 00:02:44:000 / top(01) / in /      1.000 para p2(04)
Mensaje X / 00:02:44:000 / top(01) / in /      1.000 para p5(05)
Mensaje X / 00:02:44:000 / top(01) / in /   2001.000 para p1(02)
Mensaje X / 00:02:44:000 / top(01) / in /   2001.000 para p3(06)
Mensaje X / 00:02:44:000 / top(01) / in /   6001.000 para p1(02)
Mensaje X / 00:02:44:000 / top(01) / in /   6001.000 para p3(06)
Mensaje D / 00:02:44:000 / p2(04) / 00:00:00:000 para top(01)
Mensaje D / 00:02:44:000 / p5(05) / 00:00:00:000 para top(01)
Mensaje D / 00:02:44:000 / p1(02) / 00:00:00:000 para top(01)
Mensaje D / 00:02:44:000 / p3(06) / 00:00:00:000 para top(01)
Mensaje D / 00:02:44:000 / p1(02) / 00:00:00:000 para top(01)
Mensaje D / 00:02:44:000 / p3(06) / 00:00:00:000 para top(01)
Mensaje D / 00:02:44:000 / top(01) / 00:00:00:000 para Root(00)
Mensaje * / 00:02:44:000 / Root(00) para top(01)
Mensaje * / 00:02:44:000 / top(01) para p1(02)
Mensaje Y / 00:02:44:000 / p1(02) / out /   2000.000 para top(01)
Mensaje D / 00:02:44:000 / p1(02) / ... para top(01)
Mensaje X / 00:02:44:000 / top(01) / in1 /   2000.000 para t1(08)
Mensaje D / 00:02:44:000 / t1(08) / ... para top(01)
Mensaje D / 00:02:44:000 / top(01) / 00:00:00:000 para Root(00)
Mensaje * / 00:02:44:000 / Root(00) para top(01)
Mensaje * / 00:02:44:000 / top(01) para p2(04)
Mensaje Y / 00:02:44:000 / p2(04) / out /   4001.000 para top(01)
Mensaje D / 00:02:44:000 / p2(04) / ... para top(01)
Mensaje X / 00:02:44:000 / top(01) / in1 /   4001.000 para t2(10)
Mensaje D / 00:02:44:000 / t2(10) / 00:00:06:000 para top(01)
Mensaje D / 00:02:44:000 / top(01) / 00:00:00:000 para Root(00)
Mensaje * / 00:02:44:000 / Root(00) para top(01)
Mensaje * / 00:02:44:000 / top(01) para p5(05)
Mensaje Y / 00:02:44:000 / p5(05) / out /   5001.000 para top(01)
Mensaje D / 00:02:44:000 / p5(05) / ... para top(01)
Mensaje X / 00:02:44:000 / top(01) / in1 /   5001.000 para t4(11)
Mensaje D / 00:02:44:000 / t4(11) / 00:00:17:000 para top(01)
Mensaje D / 00:02:44:000 / top(01) / 00:00:00:000 para Root(00)
Mensaje * / 00:02:44:000 / Root(00) para top(01)
Mensaje * / 00:02:44:000 / top(01) para p3(06)
Mensaje Y / 00:02:44:000 / p3(06) / out /   6001.000 para top(01)
Mensaje D / 00:02:44:000 / p3(06) / ... para top(01)
Mensaje X / 00:02:44:000 / top(01) / in1 /   6001.000 para t1(08)
Mensaje D / 00:02:44:000 / t1(08) / ... para top(01)
Mensaje D / 00:02:44:000 / top(01) / 00:00:06:000 para Root(00)
Mensaje * / 00:02:50:000 / Root(00) para top(01)
Mensaje * / 00:02:50:000 / top(01) para t3(09)
Mensaje Y / 00:02:50:000 / t3(09) / out1 /      1.000 para top(01)
Mensaje Y / 00:02:50:000 / t3(09) / out2 /      2.000 para top(01)
Mensaje Y / 00:02:50:000 / t3(09) / out3 /      3.000 para top(01)
Mensaje Y / 00:02:50:000 / t3(09) / out4 /      4.000 para top(01)
Mensaje Y / 00:02:50:000 / t3(09) / fired /   3001.000 para top(01)
Mensaje D / 00:02:50:000 / t3(09) / ... para top(01)
Mensaje X / 00:02:50:000 / top(01) / in /      1.000 para p3(06)
Mensaje X / 00:02:50:000 / top(01) / in /   3001.000 para p4(03)
Mensaje D / 00:02:50:000 / p3(06) / 00:00:00:000 para top(01)
Mensaje D / 00:02:50:000 / p4(03) / 00:00:00:000 para top(01)
Mensaje D / 00:02:50:000 / top(01) / 00:00:00:000 para Root(00)
Mensaje * / 00:02:50:000 / Root(00) para top(01)
Mensaje * / 00:02:50:000 / top(01) para p4(03)
Mensaje Y / 00:02:50:000 / p4(03) / out /   3006.000 para top(01)
Mensaje D / 00:02:50:000 / p4(03) / ... para top(01)
Mensaje X / 00:02:50:000 / top(01) / in1 /   3006.000 para t3(09)
Mensaje D / 00:02:50:000 / t3(09) / 00:00:14:000 para top(01)
Mensaje D / 00:02:50:000 / top(01) / 00:00:00:000 para Root(00)
Mensaje * / 00:02:50:000 / Root(00) para top(01)
Mensaje * / 00:02:50:000 / top(01) para p3(06)
Mensaje Y / 00:02:50:000 / p3(06) / out /   6002.000 para top(01)
Mensaje D / 00:02:50:000 / p3(06) / ... para top(01)
Mensaje X / 00:02:50:000 / top(01) / in1 /   6002.000 para t1(08)
Mensaje D / 00:02:50:000 / t1(08) / ... para top(01)
Mensaje D / 00:02:50:000 / top(01) / 00:00:00:000 para Root(00)
Mensaje * / 00:02:50:000 / Root(00) para top(01)
Mensaje * / 00:02:50:000 / top(01) para t2(10)
Mensaje Y / 00:02:50:000 / t2(10) / out1 /      1.000 para top(01)
Mensaje Y / 00:02:50:000 / t2(10) / out2 /      2.000 para top(01)
Mensaje Y / 00:02:50:000 / t2(10) / out3 /      3.000 para top(01)
Mensaje Y / 00:02:50:000 / t2(10) / out4 /      4.000 para top(01)
Mensaje Y / 00:02:50:000 / t2(10) / fired /   4001.000 para top(01)
Mensaje D / 00:02:50:000 / t2(10) / ... para top(01)
Mensaje X / 00:02:50:000 / top(01) / in /      1.000 para p1(02)
Mensaje X / 00:02:50:000 / top(01) / in /   4001.000 para p2(04)
Mensaje D / 00:02:50:000 / p1(02) / 00:00:00:000 para top(01)
Mensaje D / 00:02:50:000 / p2(04) / 00:00:00:000 para top(01)
Mensaje D / 00:02:50:000 / top(01) / 00:00:00:000 para Root(00)
Mensaje * / 00:02:50:000 / Root(00) para top(01)
Mensaje * / 00:02:50:000 / top(01) para p1(02)
Mensaje Y / 00:02:50:000 / p1(02) / out /   2001.000 para top(01)
Mensaje D / 00:02:50:000 / p1(02) / ... para top(01)
Mensaje X / 00:02:50:000 / top(01) / in1 /   2001.000 para t1(08)
Mensaje D / 00:02:50:000 / t1(08) / 00:00:55:000 para top(01)
Mensaje D / 00:02:50:000 / top(01) / 00:00:00:000 para Root(00)
Mensaje * / 00:02:50:000 / Root(00) para top(01)
Mensaje * / 00:02:50:000 / top(01) para p2(04)
Mensaje Y / 00:02:50:000 / p2(04) / out /   4000.000 para top(01)
Mensaje D / 00:02:50:000 / p2(04) / ... para top(01)
Mensaje X / 00:02:50:000 / top(01) / in1 /   4000.000 para t2(10)
Mensaje D / 00:02:50:000 / t2(10) / ... para top(01)
Mensaje D / 00:02:50:000 / top(01) / 00:00:11:000 para Root(00)
Mensaje * / 00:03:01:000 / Root(00) para top(01)
Mensaje * / 00:03:01:000 / top(01) para t4(11)
Mensaje Y / 00:03:01:000 / t4(11) / out1 /      1.000 para top(01)
Mensaje Y / 00:03:01:000 / t4(11) / out2 /      2.000 para top(01)
Mensaje Y / 00:03:01:000 / t4(11) / out3 /      3.000 para top(01)
Mensaje Y / 00:03:01:000 / t4(11) / out4 /      4.000 para top(01)
Mensaje Y / 00:03:01:000 / t4(11) / fired /   5001.000 para top(01)
Mensaje D / 00:03:01:000 / t4(11) / ... para top(01)
Mensaje X / 00:03:01:000 / top(01) / in /      1.000 para p6(07)
Mensaje X / 00:03:01:000 / top(01) / in /   5001.000 para p5(05)
Mensaje D / 00:03:01:000 / p6(07) / 00:00:00:000 para top(01)
Mensaje D / 00:03:01:000 / p5(05) / 00:00:00:000 para top(01)
Mensaje D / 00:03:01:000 / top(01) / 00:00:00:000 para Root(00)
Mensaje * / 00:03:01:000 / Root(00) para top(01)
Mensaje * / 00:03:01:000 / top(01) para p5(05)
Mensaje Y / 00:03:01:000 / p5(05) / out /   5000.000 para top(01)
Mensaje D / 00:03:01:000 / p5(05) / ... para top(01)
Mensaje X / 00:03:01:000 / top(01) / in1 /   5000.000 para t4(11)
Mensaje D / 00:03:01:000 / t4(11) / ... para top(01)
Mensaje D / 00:03:01:000 / top(01) / 00:00:00:000 para Root(00)
Mensaje * / 00:03:01:000 / Root(00) para top(01)
Mensaje * / 00:03:01:000 / top(01) para p6(07)
Mensaje Y / 00:03:01:000 / p6(07) / out /   7002.000 para top(01)
Mensaje D / 00:03:01:000 / p6(07) / ... para top(01)
Mensaje D / 00:03:01:000 / top(01) / 00:00:03:000 para Root(00)
Mensaje * / 00:03:04:000 / Root(00) para top(01)
Mensaje * / 00:03:04:000 / top(01) para t3(09)
Mensaje Y / 00:03:04:000 / t3(09) / out1 /      1.000 para top(01)
Mensaje Y / 00:03:04:000 / t3(09) / out2 /      2.000 para top(01)
Mensaje Y / 00:03:04:000 / t3(09) / out3 /      3.000 para top(01)
Mensaje Y / 00:03:04:000 / t3(09) / out4 /      4.000 para top(01)
Mensaje Y / 00:03:04:000 / t3(09) / fired /   3001.000 para top(01)
Mensaje D / 00:03:04:000 / t3(09) / ... para top(01)
Mensaje X / 00:03:04:000 / top(01) / in /      1.000 para p3(06)
Mensaje X / 00:03:04:000 / top(01) / in /   3001.000 para p4(03)
Mensaje D / 00:03:04:000 / p3(06) / 00:00:00:000 para top(01)
Mensaje D / 00:03:04:000 / p4(03) / 00:00:00:000 para top(01)
Mensaje D / 00:03:04:000 / top(01) / 00:00:00:000 para Root(00)
Mensaje * / 00:03:04:000 / Root(00) para top(01)
Mensaje * / 00:03:04:000 / top(01) para p4(03)
Mensaje Y / 00:03:04:000 / p4(03) / out /   3005.000 para top(01)
Mensaje D / 00:03:04:000 / p4(03) / ... para top(01)
Mensaje X / 00:03:04:000 / top(01) / in1 /   3005.000 para t3(09)
Mensaje D / 00:03:04:000 / t3(09) / 00:00:14:000 para top(01)
Mensaje D / 00:03:04:000 / top(01) / 00:00:00:000 para Root(00)
Mensaje * / 00:03:04:000 / Root(00) para top(01)
Mensaje * / 00:03:04:000 / top(01) para p3(06)
Mensaje Y / 00:03:04:000 / p3(06) / out /   6003.000 para top(01)
Mensaje D / 00:03:04:000 / p3(06) / ... para top(01)
Mensaje X / 00:03:04:000 / top(01) / in1 /   6003.000 para t1(08)
Mensaje D / 00:03:04:000 / t1(08) / 00:00:17:000 para top(01)
Mensaje D / 00:03:04:000 / top(01) / 00:00:14:000 para Root(00)
Mensaje * / 00:03:18:000 / Root(00) para top(01)
Mensaje * / 00:03:18:000 / top(01) para t3(09)
Mensaje Y / 00:03:18:000 / t3(09) / out1 /      1.000 para top(01)
Mensaje Y / 00:03:18:000 / t3(09) / out2 /      2.000 para top(01)
Mensaje Y / 00:03:18:000 / t3(09) / out3 /      3.000 para top(01)
Mensaje Y / 00:03:18:000 / t3(09) / out4 /      4.000 para top(01)
Mensaje Y / 00:03:18:000 / t3(09) / fired /   3001.000 para top(01)
Mensaje D / 00:03:18:000 / t3(09) / ... para top(01)
Mensaje X / 00:03:18:000 / top(01) / in /      1.000 para p3(06)
Mensaje X / 00:03:18:000 / top(01) / in /   3001.000 para p4(03)
Mensaje D / 00:03:18:000 / p3(06) / 00:00:00:000 para top(01)
Mensaje D / 00:03:18:000 / p4(03) / 00:00:00:000 para top(01)
Mensaje D / 00:03:18:000 / top(01) / 00:00:00:000 para Root(00)
Mensaje * / 00:03:18:000 / Root(00) para top(01)
Mensaje * / 00:03:18:000 / top(01) para p4(03)
Mensaje Y / 00:03:18:000 / p4(03) / out /   3004.000 para top(01)
Mensaje D / 00:03:18:000 / p4(03) / ... para top(01)
Mensaje X / 00:03:18:000 / top(01) / in1 /   3004.000 para t3(09)
Mensaje D / 00:03:18:000 / t3(09) / 00:00:58:000 para top(01)
Mensaje D / 00:03:18:000 / top(01) / 00:00:00:000 para Root(00)
Mensaje * / 00:03:18:000 / Root(00) para top(01)
Mensaje * / 00:03:18:000 / top(01) para p3(06)
Mensaje Y / 00:03:18:000 / p3(06) / out /   6004.000 para top(01)
Mensaje D / 00:03:18:000 / p3(06) / ... para top(01)
Mensaje X / 00:03:18:000 / top(01) / in1 /   6004.000 para t1(08)
Mensaje D / 00:03:18:000 / t1(08) / 00:00:40:000 para top(01)
Mensaje D / 00:03:18:000 / top(01) / 00:00:40:000 para Root(00)
Mensaje * / 00:03:58:000 / Root(00) para top(01)
Mensaje * / 00:03:58:000 / top(01) para t1(08)
Mensaje Y / 00:03:58:000 / t1(08) / out1 /      1.000 para top(01)
Mensaje Y / 00:03:58:000 / t1(08) / out2 /      2.000 para top(01)
Mensaje Y / 00:03:58:000 / t1(08) / out3 /      3.000 para top(01)
Mensaje Y / 00:03:58:000 / t1(08) / out4 /      4.000 para top(01)
Mensaje Y / 00:03:58:000 / t1(08) / fired /   2001.000 para top(01)
Mensaje Y / 00:03:58:000 / t1(08) / fired /   6001.000 para top(01)
Mensaje D / 00:03:58:000 / t1(08) / ... para top(01)
Mensaje X / 00:03:58:000 / top(01) / in /      1.000 para p2(04)
Mensaje X / 00:03:58:000 / top(01) / in /      1.000 para p5(05)
Mensaje X / 00:03:58:000 / top(01) / in /   2001.000 para p1(02)
Mensaje X / 00:03:58:000 / top(01) / in /   2001.000 para p3(06)
Mensaje X / 00:03:58:000 / top(01) / in /   6001.000 para p1(02)
Mensaje X / 00:03:58:000 / top(01) / in /   6001.000 para p3(06)
Mensaje D / 00:03:58:000 / p2(04) / 00:00:00:000 para top(01)
Mensaje D / 00:03:58:000 / p5(05) / 00:00:00:000 para top(01)
Mensaje D / 00:03:58:000 / p1(02) / 00:00:00:000 para top(01)
Mensaje D / 00:03:58:000 / p3(06) / 00:00:00:000 para top(01)
Mensaje D / 00:03:58:000 / p1(02) / 00:00:00:000 para top(01)
Mensaje D / 00:03:58:000 / p3(06) / 00:00:00:000 para top(01)
Mensaje D / 00:03:58:000 / top(01) / 00:00:00:000 para Root(00)
Mensaje * / 00:03:58:000 / Root(00) para top(01)
Mensaje * / 00:03:58:000 / top(01) para p1(02)
Mensaje Y / 00:03:58:000 / p1(02) / out /   2000.000 para top(01)
Mensaje D / 00:03:58:000 / p1(02) / ... para top(01)
Mensaje X / 00:03:58:000 / top(01) / in1 /   2000.000 para t1(08)
Mensaje D / 00:03:58:000 / t1(08) / ... para top(01)
Mensaje D / 00:03:58:000 / top(01) / 00:00:00:000 para Root(00)
Mensaje * / 00:03:58:000 / Root(00) para top(01)
Mensaje * / 00:03:58:000 / top(01) para p2(04)
Mensaje Y / 00:03:58:000 / p2(04) / out /   4001.000 para top(01)
Mensaje D / 00:03:58:000 / p2(04) / ... para top(01)
Mensaje X / 00:03:58:000 / top(01) / in1 /   4001.000 para t2(10)
Mensaje D / 00:03:58:000 / t2(10) / 00:00:39:000 para top(01)
Mensaje D / 00:03:58:000 / top(01) / 00:00:00:000 para Root(00)
Mensaje * / 00:03:58:000 / Root(00) para top(01)
Mensaje * / 00:03:58:000 / top(01) para p5(05)
Mensaje Y / 00:03:58:000 / p5(05) / out /   5001.000 para top(01)
Mensaje D / 00:03:58:000 / p5(05) / ... para top(01)
Mensaje X / 00:03:58:000 / top(01) / in1 /   5001.000 para t4(11)
Mensaje D / 00:03:58:000 / t4(11) / 00:00:36:000 para top(01)
Mensaje D / 00:03:58:000 / top(01) / 00:00:00:000 para Root(00)
Mensaje * / 00:03:58:000 / Root(00) para top(01)
Mensaje * / 00:03:58:000 / top(01) para p3(06)
Mensaje Y / 00:03:58:000 / p3(06) / out /   6003.000 para top(01)
Mensaje D / 00:03:58:000 / p3(06) / ... para top(01)
Mensaje X / 00:03:58:000 / top(01) / in1 /   6003.000 para t1(08)
Mensaje D / 00:03:58:000 / t1(08) / ... para top(01)
Mensaje D / 00:03:58:000 / top(01) / 00:00:18:000 para Root(00)
Mensaje * / 00:04:16:000 / Root(00) para top(01)
Mensaje * / 00:04:16:000 / top(01) para t3(09)
Mensaje Y / 00:04:16:000 / t3(09) / out1 /      1.000 para top(01)
Mensaje Y / 00:04:16:000 / t3(09) / out2 /      2.000 para top(01)
Mensaje Y / 00:04:16:000 / t3(09) / out3 /      3.000 para top(01)
Mensaje Y / 00:04:16:000 / t3(09) / out4 /      4.000 para top(01)
Mensaje Y / 00:04:16:000 / t3(09) / fired /   3001.000 para top(01)
Mensaje D / 00:04:16:000 / t3(09) / ... para top(01)
Mensaje X / 00:04:16:000 / top(01) / in /      1.000 para p3(06)
Mensaje X / 00:04:16:000 / top(01) / in /   3001.000 para p4(03)
Mensaje D / 00:04:16:000 / p3(06) / 00:00:00:000 para top(01)
Mensaje D / 00:04:16:000 / p4(03) / 00:00:00:000 para top(01)
Mensaje D / 00:04:16:000 / top(01) / 00:00:00:000 para Root(00)
Mensaje * / 00:04:16:000 / Root(00) para top(01)
Mensaje * / 00:04:16:000 / top(01) para p4(03)
Mensaje Y / 00:04:16:000 / p4(03) / out /   3003.000 para top(01)
Mensaje D / 00:04:16:000 / p4(03) / ... para top(01)
Mensaje X / 00:04:16:000 / top(01) / in1 /   3003.000 para t3(09)
Mensaje D / 00:04:16:000 / t3(09) / 00:00:47:000 para top(01)
Mensaje D / 00:04:16:000 / top(01) / 00:00:00:000 para Root(00)
Mensaje * / 00:04:16:000 / Root(00) para top(01)
Mensaje * / 00:04:16:000 / top(01) para p3(06)
Mensaje Y / 00:04:16:000 / p3(06) / out /   6004.000 para top(01)
Mensaje D / 00:04:16:000 / p3(06) / ... para top(01)
Mensaje X / 00:04:16:000 / top(01) / in1 /   6004.000 para t1(08)
Mensaje D / 00:04:16:000 / t1(08) / ... para top(01)
Mensaje D / 00:04:16:000 / top(01) / 00:00:18:000 para Root(00)
Mensaje * / 00:04:34:000 / Root(00) para top(01)
Mensaje * / 00:04:34:000 / top(01) para t4(11)
Mensaje Y / 00:04:34:000 / t4(11) / out1 /      1.000 para top(01)
Mensaje Y / 00:04:34:000 / t4(11) / out2 /      2.000 para top(01)
Mensaje Y / 00:04:34:000 / t4(11) / out3 /      3.000 para top(01)
Mensaje Y / 00:04:34:000 / t4(11) / out4 /      4.000 para top(01)
Mensaje Y / 00:04:34:000 / t4(11) / fired /   5001.000 para top(01)
Mensaje D / 00:04:34:000 / t4(11) / ... para top(01)
Mensaje X / 00:04:34:000 / top(01) / in /      1.000 para p6(07)
Mensaje X / 00:04:34:000 / top(01) / in /   5001.000 para p5(05)
Mensaje D / 00:04:34:000 / p6(07) / 00:00:00:000 para top(01)
Mensaje D / 00:04:34:000 / p5(05) / 00:00:00:000 para top(01)
Mensaje D / 00:04:34:000 / top(01) / 00:00:00:000 para Root(00)
Mensaje * / 00:04:34:000 / Root(00) para top(01)
Mensaje * / 00:04:34:000 / top(01) para p5(05)
Mensaje Y / 00:04:34:000 / p5(05) / out /   5000.000 para top(01)
Mensaje D / 00:04:34:000 / p5(05) / ... para top(01)
Mensaje X / 00:04:34:000 / top(01) / in1 /   5000.000 para t4(11)
Mensaje D / 00:04:34:000 / t4(11) / ... para top(01)
Mensaje D / 00:04:34:000 / top(01) / 00:00:00:000 para Root(00)
Mensaje * / 00:04:34:000 / Root(00) para top(01)
Mensaje * / 00:04:34:000 / top(01) para p6(07)
Mensaje Y / 00:04:34:000 / p6(07) / out /   7003.000 para top(01)
Mensaje D / 00:04:34:000 / p6(07) / ... para top(01)
Mensaje D / 00:04:34:000 / top(01) / 00:00:03:000 para Root(00)
Mensaje * / 00:04:37:000 / Root(00) para top(01)
Mensaje * / 00:04:37:000 / top(01) para t2(10)
Mensaje Y / 00:04:37:000 / t2(10) / out1 /      1.000 para top(01)
Mensaje Y / 00:04:37:000 / t2(10) / out2 /      2.000 para top(01)
Mensaje Y / 00:04:37:000 / t2(10) / out3 /      3.000 para top(01)
Mensaje Y / 00:04:37:000 / t2(10) / out4 /      4.000 para top(01)
Mensaje Y / 00:04:37:000 / t2(10) / fired /   4001.000 para top(01)
Mensaje D / 00:04:37:000 / t2(10) / ... para top(01)
Mensaje X / 00:04:37:000 / top(01) / in /      1.000 para p1(02)
Mensaje X / 00:04:37:000 / top(01) / in /   4001.000 para p2(04)
Mensaje D / 00:04:37:000 / p1(02) / 00:00:00:000 para top(01)
Mensaje D / 00:04:37:000 / p2(04) / 00:00:00:000 para top(01)
Mensaje D / 00:04:37:000 / top(01) / 00:00:00:000 para Root(00)
Mensaje * / 00:04:37:000 / Root(00) para top(01)
Mensaje * / 00:04:37:000 / top(01) para p1(02)
Mensaje Y / 00:04:37:000 / p1(02) / out /   2001.000 para top(01)
Mensaje D / 00:04:37:000 / p1(02) / ... para top(01)
Mensaje X / 00:04:37:000 / top(01) / in1 /   2001.000 para t1(08)
Mensaje D / 00:04:37:000 / t1(08) / 00:00:33:000 para top(01)
Mensaje D / 00:04:37:000 / top(01) / 00:00:00:000 para Root(00)
Mensaje * / 00:04:37:000 / Root(00) para top(01)
Mensaje * / 00:04:37:000 / top(01) para p2(04)
Mensaje Y / 00:04:37:000 / p2(04) / out /   4000.000 para top(01)
Mensaje D / 00:04:37:000 / p2(04) / ... para top(01)
Mensaje X / 00:04:37:000 / top(01) / in1 /   4000.000 para t2(10)
Mensaje D / 00:04:37:000 / t2(10) / ... para top(01)
Mensaje D / 00:04:37:000 / top(01) / 00:00:26:000 para Root(00)
Mensaje * / 00:05:03:000 / Root(00) para top(01)
Mensaje * / 00:05:03:000 / top(01) para t3(09)
Mensaje Y / 00:05:03:000 / t3(09) / out1 /      1.000 para top(01)
Mensaje Y / 00:05:03:000 / t3(09) / out2 /      2.000 para top(01)
Mensaje Y / 00:05:03:000 / t3(09) / out3 /      3.000 para top(01)
Mensaje Y / 00:05:03:000 / t3(09) / out4 /      4.000 para top(01)
Mensaje Y / 00:05:03:000 / t3(09) / fired /   3001.000 para top(01)
Mensaje D / 00:05:03:000 / t3(09) / ... para top(01)
Mensaje X / 00:05:03:000 / top(01) / in /      1.000 para p3(06)
Mensaje X / 00:05:03:000 / top(01) / in /   3001.000 para p4(03)
Mensaje D / 00:05:03:000 / p3(06) / 00:00:00:000 para top(01)
Mensaje D / 00:05:03:000 / p4(03) / 00:00:00:000 para top(01)
Mensaje D / 00:05:03:000 / top(01) / 00:00:00:000 para Root(00)
Mensaje * / 00:05:03:000 / Root(00) para top(01)
Mensaje * / 00:05:03:000 / top(01) para p4(03)
Mensaje Y / 00:05:03:000 / p4(03) / out /   3002.000 para top(01)
Mensaje D / 00:05:03:000 / p4(03) / ... para top(01)
Mensaje X / 00:05:03:000 / top(01) / in1 /   3002.000 para t3(09)
Mensaje D / 00:05:03:000 / t3(09) / 00:00:44:000 para top(01)
Mensaje D / 00:05:03:000 / top(01) / 00:00:00:000 para Root(00)
Mensaje * / 00:05:03:000 / Root(00) para top(01)
Mensaje * / 00:05:03:000 / top(01) para p3(06)
Mensaje Y / 00:05:03:000 / p3(06) / out /   6005.000 para top(01)
Mensaje D / 00:05:03:000 / p3(06) / ... para top(01)
Mensaje X / 00:05:03:000 / top(01) / in1 /   6005.000 para t1(08)
Mensaje D / 00:05:03:000 / t1(08) / 00:00:31:000 para top(01)
Mensaje D / 00:05:03:000 / top(01) / 00:00:31:000 para Root(00)
Mensaje * / 00:05:34:000 / Root(00) para top(01)
Mensaje * / 00:05:34:000 / top(01) para t1(08)
Mensaje Y / 00:05:34:000 / t1(08) / out1 /      1.000 para top(01)
Mensaje Y / 00:05:34:000 / t1(08) / out2 /      2.000 para top(01)
Mensaje Y / 00:05:34:000 / t1(08) / out3 /      3.000 para top(01)
Mensaje Y / 00:05:34:000 / t1(08) / out4 /      4.000 para top(01)
Mensaje Y / 00:05:34:000 / t1(08) / fired /   2001.000 para top(01)
Mensaje Y / 00:05:34:000 / t1(08) / fired /   6001.000 para top(01)
Mensaje D / 00:05:34:000 / t1(08) / ... para top(01)
Mensaje X / 00:05:34:000 / top(01) / in /      1.000 para p2(04)
Mensaje X / 00:05:34:000 / top(01) / in /      1.000 para p5(05)
Mensaje X / 00:05:34:000 / top(01) / in /   2001.000 para p1(02)
Mensaje X / 00:05:34:000 / top(01) / in /   2001.000 para p3(06)
Mensaje X / 00:05:34:000 / top(01) / in /   6001.000 para p1(02)
Mensaje X / 00:05:34:000 / top(01) / in /   6001.000 para p3(06)
Mensaje D / 00:05:34:000 / p2(04) / 00:00:00:000 para top(01)
Mensaje D / 00:05:34:000 / p5(05) / 00:00:00:000 para top(01)
Mensaje D / 00:05:34:000 / p1(02) / 00:00:00:000 para top(01)
Mensaje D / 00:05:34:000 / p3(06) / 00:00:00:000 para top(01)
Mensaje D / 00:05:34:000 / p1(02) / 00:00:00:000 para top(01)
Mensaje D / 00:05:34:000 / p3(06) / 00:00:00:000 para top(01)
Mensaje D / 00:05:34:000 / top(01) / 00:00:00:000 para Root(00)
Mensaje * / 00:05:34:000 / Root(00) para top(01)
Mensaje * / 00:05:34:000 / top(01) para p1(02)
Mensaje Y / 00:05:34:000 / p1(02) / out /   2000.000 para top(01)
Mensaje D / 00:05:34:000 / p1(02) / ... para top(01)
Mensaje X / 00:05:34:000 / top(01) / in1 /   2000.000 para t1(08)
Mensaje D / 00:05:34:000 / t1(08) / ... para top(01)
Mensaje D / 00:05:34:000 / top(01) / 00:00:00:000 para Root(00)
Mensaje * / 00:05:34:000 / Root(00) para top(01)
Mensaje * / 00:05:34:000 / top(01) para p2(04)
Mensaje Y / 00:05:34:000 / p2(04) / out /   4001.000 para top(01)
Mensaje D / 00:05:34:000 / p2(04) / ... para top(01)
Mensaje X / 00:05:34:000 / top(01) / in1 /   4001.000 para t2(10)
Mensaje D / 00:05:34:000 / t2(10) / 00:00:42:000 para top(01)
Mensaje D / 00:05:34:000 / top(01) / 00:00:00:000 para Root(00)
Mensaje * / 00:05:34:000 / Root(00) para top(01)
Mensaje * / 00:05:34:000 / top(01) para p5(05)
Mensaje Y / 00:05:34:000 / p5(05) / out /   5001.000 para top(01)
Mensaje D / 00:05:34:000 / p5(05) / ... para top(01)
Mensaje X / 00:05:34:000 / top(01) / in1 /   5001.000 para t4(11)
Mensaje D / 00:05:34:000 / t4(11) / 00:00:21:000 para top(01)
Mensaje D / 00:05:34:000 / top(01) / 00:00:00:000 para Root(00)
Mensaje * / 00:05:34:000 / Root(00) para top(01)
Mensaje * / 00:05:34:000 / top(01) para p3(06)
Mensaje Y / 00:05:34:000 / p3(06) / out /   6004.000 para top(01)
Mensaje D / 00:05:34:000 / p3(06) / ... para top(01)
Mensaje X / 00:05:34:000 / top(01) / in1 /   6004.000 para t1(08)
Mensaje D / 00:05:34:000 / t1(08) / ... para top(01)
Mensaje D / 00:05:34:000 / top(01) / 00:00:13:000 para Root(00)
Mensaje * / 00:05:47:000 / Root(00) para top(01)
Mensaje * / 00:05:47:000 / top(01) para t3(09)
Mensaje Y / 00:05:47:000 / t3(09) / out1 /      1.000 para top(01)
Mensaje Y / 00:05:47:000 / t3(09) / out2 /      2.000 para top(01)
Mensaje Y / 00:05:47:000 / t3(09) / out3 /      3.000 para top(01)
Mensaje Y / 00:05:47:000 / t3(09) / out4 /      4.000 para top(01)
Mensaje Y / 00:05:47:000 / t3(09) / fired /   3001.000 para top(01)
Mensaje D / 00:05:47:000 / t3(09) / ... para top(01)
Mensaje X / 00:05:47:000 / top(01) / in /      1.000 para p3(06)
Mensaje X / 00:05:47:000 / top(01) / in /   3001.000 para p4(03)
Mensaje D / 00:05:47:000 / p3(06) / 00:00:00:000 para top(01)
Mensaje D / 00:05:47:000 / p4(03) / 00:00:00:000 para top(01)
Mensaje D / 00:05:47:000 / top(01) / 00:00:00:000 para Root(00)
Mensaje * / 00:05:47:000 / Root(00) para top(01)
Mensaje * / 00:05:47:000 / top(01) para p4(03)
Mensaje Y / 00:05:47:000 / p4(03) / out /   3001.000 para top(01)
Mensaje D / 00:05:47:000 / p4(03) / ... para top(01)
Mensaje X / 00:05:47:000 / top(01) / in1 /   3001.000 para t3(09)
Mensaje D / 00:05:47:000 / t3(09) / 00:00:12:000 para top(01)
Mensaje D / 00:05:47:000 / top(01) / 00:00:00:000 para Root(00)
Mensaje * / 00:05:47:000 / Root(00) para top(01)
Mensaje * / 00:05:47:000 / top(01) para p3(06)
Mensaje Y / 00:05:47:000 / p3(06) / out /   6005.000 para top(01)
Mensaje D / 00:05:47:000 / p3(06) / ... para top(01)
Mensaje X / 00:05:47:000 / top(01) / in1 /   6005.000 para t1(08)
Mensaje D / 00:05:47:000 / t1(08) / ... para top(01)
Mensaje D / 00:05:47:000 / top(01) / 00:00:08:000 para Root(00)
Mensaje * / 00:05:55:000 / Root(00) para top(01)
Mensaje * / 00:05:55:000 / top(01) para t4(11)
Mensaje Y / 00:05:55:000 / t4(11) / out1 /      1.000 para top(01)
Mensaje Y / 00:05:55:000 / t4(11) / out2 /      2.000 para top(01)
Mensaje Y / 00:05:55:000 / t4(11) / out3 /      3.000 para top(01)
Mensaje Y / 00:05:55:000 / t4(11) / out4 /      4.000 para top(01)
Mensaje Y / 00:05:55:000 / t4(11) / fired /   5001.000 para top(01)
Mensaje D / 00:05:55:000 / t4(11) / ... para top(01)
Mensaje X / 00:05:55:000 / top(01) / in /      1.000 para p6(07)
Mensaje X / 00:05:55:000 / top(01) / in /   5001.000 para p5(05)
Mensaje D / 00:05:55:000 / p6(07) / 00:00:00:000 para top(01)
Mensaje D / 00:05:55:000 / p5(05) / 00:00:00:000 para top(01)
Mensaje D / 00:05:55:000 / top(01) / 00:00:00:000 para Root(00)
Mensaje * / 00:05:55:000 / Root(00) para top(01)
Mensaje * / 00:05:55:000 / top(01) para p5(05)
Mensaje Y / 00:05:55:000 / p5(05) / out /   5000.000 para top(01)
Mensaje D / 00:05:55:000 / p5(05) / ... para top(01)
Mensaje X / 00:05:55:000 / top(01) / in1 /   5000.000 para t4(11)
Mensaje D / 00:05:55:000 / t4(11) / ... para top(01)
Mensaje D / 00:05:55:000 / top(01) / 00:00:00:000 para Root(00)
Mensaje * / 00:05:55:000 / Root(00) para top(01)
Mensaje * / 00:05:55:000 / top(01) para p6(07)
Mensaje Y / 00:05:55:000 / p6(07) / out /   7004.000 para top(01)
Mensaje D / 00:05:55:000 / p6(07) / ... para top(01)
Mensaje D / 00:05:55:000 / top(01) / 00:00:04:000 para Root(00)
Mensaje * / 00:05:59:000 / Root(00) para top(01)
Mensaje * / 00:05:59:000 / top(01) para t3(09)
Mensaje Y / 00:05:59:000 / t3(09) / out1 /      1.000 para top(01)
Mensaje Y / 00:05:59:000 / t3(09) / out2 /      2.000 para top(01)
Mensaje Y / 00:05:59:000 / t3(09) / out3 /      3.000 para top(01)
Mensaje Y / 00:05:59:000 / t3(09) / out4 /      4.000 para top(01)
Mensaje Y / 00:05:59:000 / t3(09) / fired /   3001.000 para top(01)
Mensaje D / 00:05:59:000 / t3(09) / ... para top(01)
Mensaje X / 00:05:59:000 / top(01) / in /      1.000 para p3(06)
Mensaje X / 00:05:59:000 / top(01) / in /   3001.000 para p4(03)
Mensaje D / 00:05:59:000 / p3(06) / 00:00:00:000 para top(01)
Mensaje D / 00:05:59:000 / p4(03) / 00:00:00:000 para top(01)
Mensaje D / 00:05:59:000 / top(01) / 00:00:00:000 para Root(00)
Mensaje * / 00:05:59:000 / Root(00) para top(01)
Mensaje * / 00:05:59:000 / top(01) para p4(03)
Mensaje Y / 00:05:59:000 / p4(03) / out /   3000.000 para top(01)
Mensaje D / 00:05:59:000 / p4(03) / ... para top(01)
Mensaje X / 00:05:59:000 / top(01) / in1 /   3000.000 para t3(09)
Mensaje D / 00:05:59:000 / t3(09) / ... para top(01)
Mensaje D / 00:05:59:000 / top(01) / 00:00:00:000 para Root(00)
Mensaje * / 00:05:59:000 / Root(00) para top(01)
Mensaje * / 00:05:59:000 / top(01) para p3(06)
Mensaje Y / 00:05:59:000 / p3(06) / out /   6006.000 para top(01)
Mensaje D / 00:05:59:000 / p3(06) / ... para top(01)
Mensaje X / 00:05:59:000 / top(01) / in1 /   6006.000 para t1(08)
Mensaje D / 00:05:59:000 / t1(08) / ... para top(01)
Mensaje D / 00:05:59:000 / top(01) / 00:00:17:000 para Root(00)
Mensaje * / 00:06:16:000 / Root(00) para top(01)
Mensaje * / 00:06:16:000 / top(01) para t2(10)
Mensaje Y / 00:06:16:000 / t2(10) / out1 /      1.000 para top(01)
Mensaje Y / 00:06:16:000 / t2(10) / out2 /      2.000 para top(01)
Mensaje Y / 00:06:16:000 / t2(10) / out3 /      3.000 para top(01)
Mensaje Y / 00:06:16:000 / t2(10) / out4 /      4.000 para top(01)
Mensaje Y / 00:06:16:000 / t2(10) / fired /   4001.000 para top(01)
Mensaje D / 00:06:16:000 / t2(10) / ... para top(01)
Mensaje X / 00:06:16:000 / top(01) / in /      1.000 para p1(02)
Mensaje X / 00:06:16:000 / top(01) / in /   4001.000 para p2(04)
Mensaje D / 00:06:16:000 / p1(02) / 00:00:00:000 para top(01)
Mensaje D / 00:06:16:000 / p2(04) / 00:00:00:000 para top(01)
Mensaje D / 00:06:16:000 / top(01) / 00:00:00:000 para Root(00)
Mensaje * / 00:06:16:000 / Root(00) para top(01)
Mensaje * / 00:06:16:000 / top(01) para p1(02)
Mensaje Y / 00:06:16:000 / p1(02) / out /   2001.000 para top(01)
Mensaje D / 00:06:16:000 / p1(02) / ... para top(01)
Mensaje X / 00:06:16:000 / top(01) / in1 /   2001.000 para t1(08)
Mensaje D / 00:06:16:000 / t1(08) / 00:00:18:000 para top(01)
Mensaje D / 00:06:16:000 / top(01) / 00:00:00:000 para Root(00)
Mensaje * / 00:06:16:000 / Root(00) para top(01)
Mensaje * / 00:06:16:000 / top(01) para p2(04)
Mensaje Y / 00:06:16:000 / p2(04) / out /   4000.000 para top(01)
Mensaje D / 00:06:16:000 / p2(04) / ... para top(01)
Mensaje X / 00:06:16:000 / top(01) / in1 /   4000.000 para t2(10)
Mensaje D / 00:06:16:000 / t2(10) / ... para top(01)
Mensaje D / 00:06:16:000 / top(01) / 00:00:18:000 para Root(00)
Mensaje * / 00:06:34:000 / Root(00) para top(01)
Mensaje * / 00:06:34:000 / top(01) para t1(08)
Mensaje Y / 00:06:34:000 / t1(08) / out1 /      1.000 para top(01)
Mensaje Y / 00:06:34:000 / t1(08) / out2 /      2.000 para top(01)
Mensaje Y / 00:06:34:000 / t1(08) / out3 /      3.000 para top(01)
Mensaje Y / 00:06:34:000 / t1(08) / out4 /      4.000 para top(01)
Mensaje Y / 00:06:34:000 / t1(08) / fired /   2001.000 para top(01)
Mensaje Y / 00:06:34:000 / t1(08) / fired /   6001.000 para top(01)
Mensaje D / 00:06:34:000 / t1(08) / ... para top(01)
Mensaje X / 00:06:34:000 / top(01) / in /      1.000 para p2(04)
Mensaje X / 00:06:34:000 / top(01) / in /      1.000 para p5(05)
Mensaje X / 00:06:34:000 / top(01) / in /   2001.000 para p1(02)
Mensaje X / 00:06:34:000 / top(01) / in /   2001.000 para p3(06)
Mensaje X / 00:06:34:000 / top(01) / in /   6001.000 para p1(02)
Mensaje X / 00:06:34:000 / top(01) / in /   6001.000 para p3(06)
Mensaje D / 00:06:34:000 / p2(04) / 00:00:00:000 para top(01)
Mensaje D / 00:06:34:000 / p5(05) / 00:00:00:000 para top(01)
Mensaje D / 00:06:34:000 / p1(02) / 00:00:00:000 para top(01)
Mensaje D / 00:06:34:000 / p3(06) / 00:00:00:000 para top(01)
Mensaje D / 00:06:34:000 / p1(02) / 00:00:00:000 para top(01)
Mensaje D / 00:06:34:000 / p3(06) / 00:00:00:000 para top(01)
Mensaje D / 00:06:34:000 / top(01) / 00:00:00:000 para Root(00)
Mensaje * / 00:06:34:000 / Root(00) para top(01)
Mensaje * / 00:06:34:000 / top(01) para p1(02)
Mensaje Y / 00:06:34:000 / p1(02) / out /   2000.000 para top(01)
Mensaje D / 00:06:34:000 / p1(02) / ... para top(01)
Mensaje X / 00:06:34:000 / top(01) / in1 /   2000.000 para t1(08)
Mensaje D / 00:06:34:000 / t1(08) / ... para top(01)
Mensaje D / 00:06:34:000 / top(01) / 00:00:00:000 para Root(00)
Mensaje * / 00:06:34:000 / Root(00) para top(01)
Mensaje * / 00:06:34:000 / top(01) para p2(04)
Mensaje Y / 00:06:34:000 / p2(04) / out /   4001.000 para top(01)
Mensaje D / 00:06:34:000 / p2(04) / ... para top(01)
Mensaje X / 00:06:34:000 / top(01) / in1 /   4001.000 para t2(10)
Mensaje D / 00:06:34:000 / t2(10) / 00:00:49:000 para top(01)
Mensaje D / 00:06:34:000 / top(01) / 00:00:00:000 para Root(00)
Mensaje * / 00:06:34:000 / Root(00) para top(01)
Mensaje * / 00:06:34:000 / top(01) para p5(05)
Mensaje Y / 00:06:34:000 / p5(05) / out /   5001.000 para top(01)
Mensaje D / 00:06:34:000 / p5(05) / ... para top(01)
Mensaje X / 00:06:34:000 / top(01) / in1 /   5001.000 para t4(11)
Mensaje D / 00:06:34:000 / t4(11) / 00:00:54:000 para top(01)
Mensaje D / 00:06:34:000 / top(01) / 00:00:00:000 para Root(00)
Mensaje * / 00:06:34:000 / Root(00) para top(01)
Mensaje * / 00:06:34:000 / top(01) para p3(06)
Mensaje Y / 00:06:34:000 / p3(06) / out /   6005.000 para top(01)
Mensaje D / 00:06:34:000 / p3(06) / ... para top(01)
Mensaje X / 00:06:34:000 / top(01) / in1 /   6005.000 para t1(08)
Mensaje D / 00:06:34:000 / t1(08) / ... para top(01)
Mensaje D / 00:06:34:000 / top(01) / 00:00:49:000 para Root(00)
Mensaje * / 00:07:23:000 / Root(00) para top(01)
Mensaje * / 00:07:23:000 / top(01) para t2(10)
Mensaje Y / 00:07:23:000 / t2(10) / out1 /      1.000 para top(01)
Mensaje Y / 00:07:23:000 / t2(10) / out2 /      2.000 para top(01)
Mensaje Y / 00:07:23:000 / t2(10) / out3 /      3.000 para top(01)
Mensaje Y / 00:07:23:000 / t2(10) / out4 /      4.000 para top(01)
Mensaje Y / 00:07:23:000 / t2(10) / fired /   4001.000 para top(01)
Mensaje D / 00:07:23:000 / t2(10) / ... para top(01)
Mensaje X / 00:07:23:000 / top(01) / in /      1.000 para p1(02)
Mensaje X / 00:07:23:000 / top(01) / in /   4001.000 para p2(04)
Mensaje D / 00:07:23:000 / p1(02) / 00:00:00:000 para top(01)
Mensaje D / 00:07:23:000 / p2(04) / 00:00:00:000 para top(01)
Mensaje D / 00:07:23:000 / top(01) / 00:00:00:000 para Root(00)
Mensaje * / 00:07:23:000 / Root(00) para top(01)
Mensaje * / 00:07:23:000 / top(01) para p1(02)
Mensaje Y / 00:07:23:000 / p1(02) / out /   2001.000 para top(01)
Mensaje D / 00:07:23:000 / p1(02) / ... para top(01)
Mensaje X / 00:07:23:000 / top(01) / in1 /   2001.000 para t1(08)
Mensaje D / 00:07:23:000 / t1(08) / 00:00:09:000 para top(01)
Mensaje D / 00:07:23:000 / top(01) / 00:00:00:000 para Root(00)
Mensaje * / 00:07:23:000 / Root(00) para top(01)
Mensaje * / 00:07:23:000 / top(01) para p2(04)
Mensaje Y / 00:07:23:000 / p2(04) / out /   4000.000 para top(01)
Mensaje D / 00:07:23:000 / p2(04) / ... para top(01)
Mensaje X / 00:07:23:000 / top(01) / in1 /   4000.000 para t2(10)
Mensaje D / 00:07:23:000 / t2(10) / ... para top(01)
Mensaje D / 00:07:23:000 / top(01) / 00:00:05:000 para Root(00)
Mensaje * / 00:07:28:000 / Root(00) para top(01)
Mensaje * / 00:07:28:000 / top(01) para t4(11)
Mensaje Y / 00:07:28:000 / t4(11) / out1 /      1.000 para top(01)
Mensaje Y / 00:07:28:000 / t4(11) / out2 /      2.000 para top(01)
Mensaje Y / 00:07:28:000 / t4(11) / out3 /      3.000 para top(01)
Mensaje Y / 00:07:28:000 / t4(11) / out4 /      4.000 para top(01)
Mensaje Y / 00:07:28:000 / t4(11) / fired /   5001.000 para top(01)
Mensaje D / 00:07:28:000 / t4(11) / ... para top(01)
Mensaje X / 00:07:28:000 / top(01) / in /      1.000 para p6(07)
Mensaje X / 00:07:28:000 / top(01) / in /   5001.000 para p5(05)
Mensaje D / 00:07:28:000 / p6(07) / 00:00:00:000 para top(01)
Mensaje D / 00:07:28:000 / p5(05) / 00:00:00:000 para top(01)
Mensaje D / 00:07:28:000 / top(01) / 00:00:00:000 para Root(00)
Mensaje * / 00:07:28:000 / Root(00) para top(01)
Mensaje * / 00:07:28:000 / top(01) para p5(05)
Mensaje Y / 00:07:28:000 / p5(05) / out /   5000.000 para top(01)
Mensaje D / 00:07:28:000 / p5(05) / ... para top(01)
Mensaje X / 00:07:28:000 / top(01) / in1 /   5000.000 para t4(11)
Mensaje D / 00:07:28:000 / t4(11) / ... para top(01)
Mensaje D / 00:07:28:000 / top(01) / 00:00:00:000 para Root(00)
Mensaje * / 00:07:28:000 / Root(00) para top(01)
Mensaje * / 00:07:28:000 / top(01) para p6(07)
Mensaje Y / 00:07:28:000 / p6(07) / out /   7005.000 para top(01)
Mensaje D / 00:07:28:000 / p6(07) / ... para top(01)
Mensaje D / 00:07:28:000 / top(01) / 00:00:04:000 para Root(00)
Mensaje * / 00:07:32:000 / Root(00) para top(01)
Mensaje * / 00:07:32:000 / top(01) para t1(08)
Mensaje Y / 00:07:32:000 / t1(08) / out1 /      1.000 para top(01)
Mensaje Y / 00:07:32:000 / t1(08) / out2 /      2.000 para top(01)
Mensaje Y / 00:07:32:000 / t1(08) / out3 /      3.000 para top(01)
Mensaje Y / 00:07:32:000 / t1(08) / out4 /      4.000 para top(01)
Mensaje Y / 00:07:32:000 / t1(08) / fired /   2001.000 para top(01)
Mensaje Y / 00:07:32:000 / t1(08) / fired /   6001.000 para top(01)
Mensaje D / 00:07:32:000 / t1(08) / ... para top(01)
Mensaje X / 00:07:32:000 / top(01) / in /      1.000 para p2(04)
Mensaje X / 00:07:32:000 / top(01) / in /      1.000 para p5(05)
Mensaje X / 00:07:32:000 / top(01) / in /   2001.000 para p1(02)
Mensaje X / 00:07:32:000 / top(01) / in /   2001.000 para p3(06)
Mensaje X / 00:07:32:000 / top(01) / in /   6001.000 para p1(02)
Mensaje X / 00:07:32:000 / top(01) / in /   6001.000 para p3(06)
Mensaje D / 00:07:32:000 / p2(04) / 00:00:00:000 para top(01)
Mensaje D / 00:07:32:000 / p5(05) / 00:00:00:000 para top(01)
Mensaje D / 00:07:32:000 / p1(02) / 00:00:00:000 para top(01)
Mensaje D / 00:07:32:000 / p3(06) / 00:00:00:000 para top(01)
Mensaje D / 00:07:32:000 / p1(02) / 00:00:00:000 para top(01)
Mensaje D / 00:07:32:000 / p3(06) / 00:00:00:000 para top(01)
Mensaje D / 00:07:32:000 / top(01) / 00:00:00:000 para Root(00)
Mensaje * / 00:07:32:000 / Root(00) para top(01)
Mensaje * / 00:07:32:000 / top(01) para p1(02)
Mensaje Y / 00:07:32:000 / p1(02) / out /   2000.000 para top(01)
Mensaje D / 00:07:32:000 / p1(02) / ... para top(01)
Mensaje X / 00:07:32:000 / top(01) / in1 /   2000.000 para t1(08)
Mensaje D / 00:07:32:000 / t1(08) / ... para top(01)
Mensaje D / 00:07:32:000 / top(01) / 00:00:00:000 para Root(00)
Mensaje * / 00:07:32:000 / Root(00) para top(01)
Mensaje * / 00:07:32:000 / top(01) para p2(04)
Mensaje Y / 00:07:32:000 / p2(04) / out /   4001.000 para top(01)
Mensaje D / 00:07:32:000 / p2(04) / ... para top(01)
Mensaje X / 00:07:32:000 / top(01) / in1 /   4001.000 para t2(10)
Mensaje D / 00:07:32:000 / t2(10) / 00:00:03:000 para top(01)
Mensaje D / 00:07:32:000 / top(01) / 00:00:00:000 para Root(00)
Mensaje * / 00:07:32:000 / Root(00) para top(01)
Mensaje * / 00:07:32:000 / top(01) para p5(05)
Mensaje Y / 00:07:32:000 / p5(05) / out /   5001.000 para top(01)
Mensaje D / 00:07:32:000 / p5(05) / ... para top(01)
Mensaje X / 00:07:32:000 / top(01) / in1 /   5001.000 para t4(11)
Mensaje D / 00:07:32:000 / t4(11) / 00:00:28:000 para top(01)
Mensaje D / 00:07:32:000 / top(01) / 00:00:00:000 para Root(00)
Mensaje * / 00:07:32:000 / Root(00) para top(01)
Mensaje * / 00:07:32:000 / top(01) para p3(06)
Mensaje Y / 00:07:32:000 / p3(06) / out /   6004.000 para top(01)
Mensaje D / 00:07:32:000 / p3(06) / ... para top(01)
Mensaje X / 00:07:32:000 / top(01) / in1 /   6004.000 para t1(08)
Mensaje D / 00:07:32:000 / t1(08) / ... para top(01)
Mensaje D / 00:07:32:000 / top(01) / 00:00:03:000 para Root(00)
Mensaje * / 00:07:35:000 / Root(00) para top(01)
Mensaje * / 00:07:35:000 / top(01) para t2(10)
Mensaje Y / 00:07:35:000 / t2(10) / out1 /      1.000 para top(01)
Mensaje Y / 00:07:35:000 / t2(10) / out2 /      2.000 para top(01)
Mensaje Y / 00:07:35:000 / t2(10) / out3 /      3.000 para top(01)
Mensaje Y / 00:07:35:000 / t2(10) / out4 /      4.000 para top(01)
Mensaje Y / 00:07:35:000 / t2(10) / fired /   4001.000 para top(01)
Mensaje D / 00:07:35:000 / t2(10) / ... para top(01)
Mensaje X / 00:07:35:000 / top(01) / in /      1.000 para p1(02)
Mensaje X / 00:07:35:000 / top(01) / in /   4001.000 para p2(04)
Mensaje D / 00:07:35:000 / p1(02) / 00:00:00:000 para top(01)
Mensaje D / 00:07:35:000 / p2(04) / 00:00:00:000 para top(01)
Mensaje D / 00:07:35:000 / top(01) / 00:00:00:000 para Root(00)
Mensaje * / 00:07:35:000 / Root(00) para top(01)
Mensaje * / 00:07:35:000 / top(01) para p1(02)
Mensaje Y / 00:07:35:000 / p1(02) / out /   2001.000 para top(01)
Mensaje D / 00:07:35:000 / p1(02) / ... para top(01)
Mensaje X / 00:07:35:000 / top(01) / in1 /   2001.000 para t1(08)
Mensaje D / 00:07:35:000 / t1(08) / 00:00:01:000 para top(01)
Mensaje D / 00:07:35:000 / top(01) / 00:00:00:000 para Root(00)
Mensaje * / 00:07:35:000 / Root(00) para top(01)
Mensaje * / 00:07:35:000 / top(01) para p2(04)
Mensaje Y / 00:07:35:000 / p2(04) / out /   4000.000 para top(01)
Mensaje D / 00:07:35:000 / p2(04) / ... para top(01)
Mensaje X / 00:07:35:000 / top(01) / in1 /   4000.000 para t2(10)
Mensaje D / 00:07:35:000 / t2(10) / ... para top(01)
Mensaje D / 00:07:35:000 / top(01) / 00:00:01:000 para Root(00)
Mensaje * / 00:07:36:000 / Root(00) para top(01)
Mensaje * / 00:07:36:000 / top(01) para t1(08)
Mensaje Y / 00:07:36:000 / t1(08) / out1 /      1.000 para top(01)
Mensaje Y / 00:07:36:000 / t1(08) / out2 /      2.000 para top(01)
Mensaje Y / 00:07:36:000 / t1(08) / out3 /      3.000 para top(01)
Mensaje Y / 00:07:36:000 / t1(08) / out4 /      4.000 para top(01)
Mensaje Y / 00:07:36:000 / t1(08) / fired /   2001.000 para top(01)
Mensaje Y / 00:07:36:000 / t1(08) / fired /   6001.000 para top(01)
Mensaje D / 00:07:36:000 / t1(08) / ... para top(01)
Mensaje X / 00:07:36:000 / top(01) / in /      1.000 para p2(04)
Mensaje X / 00:07:36:000 / top(01) / in /      1.000 para p5(05)
Mensaje X / 00:07:36:000 / top(01) / in /   2001.000 para p1(02)
Mensaje X / 00:07:36:000 / top(01) / in /   2001.000 para p3(06)
Mensaje X / 00:07:36:000 / top(01) / in /   6001.000 para p1(02)
Mensaje X / 00:07:36:000 / top(01) / in /   6001.000 para p3(06)
Mensaje D / 00:07:36:000 / p2(04) / 00:00:00:000 para top(01)
Mensaje D / 00:07:36:000 / p5(05) / 00:00:00:000 para top(01)
Mensaje D / 00:07:36:000 / p1(02) / 00:00:00:000 para top(01)
Mensaje D / 00:07:36:000 / p3(06) / 00:00:00:000 para top(01)
Mensaje D / 00:07:36:000 / p1(02) / 00:00:00:000 para top(01)
Mensaje D / 00:07:36:000 / p3(06) / 00:00:00:000 para top(01)
Mensaje D / 00:07:36:000 / top(01) / 00:00:00:000 para Root(00)
Mensaje * / 00:07:36:000 / Root(00) para top(01)
Mensaje * / 00:07:36:000 / top(01) para p1(02)
Mensaje Y / 00:07:36:000 / p1(02) / out /   2000.000 para top(01)
Mensaje D / 00:07:36:000 / p1(02) / ... para top(01)
Mensaje X / 00:07:36:000 / top(01) / in1 /   2000.000 para t1(08)
Mensaje D / 00:07:36:000 / t1(08) / ... para top(01)
Mensaje D / 00:07:36:000 / top(01) / 00:00:00:000 para Root(00)
Mensaje * / 00:07:36:000 / Root(00) para top(01)
Mensaje * / 00:07:36:000 / top(01) para p2(04)
Mensaje Y / 00:07:36:000 / p2(04) / out /   4001.000 para top(01)
Mensaje D / 00:07:36:000 / p2(04) / ... para top(01)
Mensaje X / 00:07:36:000 / top(01) / in1 /   4001.000 para t2(10)
Mensaje D / 00:07:36:000 / t2(10) / 00:00:11:000 para top(01)
Mensaje D / 00:07:36:000 / top(01) / 00:00:00:000 para Root(00)
Mensaje * / 00:07:36:000 / Root(00) para top(01)
Mensaje * / 00:07:36:000 / top(01) para p5(05)
Mensaje Y / 00:07:36:000 / p5(05) / out /   5002.000 para top(01)
Mensaje D / 00:07:36:000 / p5(05) / ... para top(01)
Mensaje X / 00:07:36:000 / top(01) / in1 /   5002.000 para t4(11)
Mensaje D / 00:07:36:000 / t4(11) / 00:00:10:000 para top(01)
Mensaje D / 00:07:36:000 / top(01) / 00:00:00:000 para Root(00)
Mensaje * / 00:07:36:000 / Root(00) para top(01)
Mensaje * / 00:07:36:000 / top(01) para p3(06)
Mensaje Y / 00:07:36:000 / p3(06) / out /   6003.000 para top(01)
Mensaje D / 00:07:36:000 / p3(06) / ... para top(01)
Mensaje X / 00:07:36:000 / top(01) / in1 /   6003.000 para t1(08)
Mensaje D / 00:07:36:000 / t1(08) / ... para top(01)
Mensaje D / 00:07:36:000 / top(01) / 00:00:10:000 para Root(00)
Mensaje * / 00:07:46:000 / Root(00) para top(01)
Mensaje * / 00:07:46:000 / top(01) para t4(11)
Mensaje Y / 00:07:46:000 / t4(11) / out1 /      1.000 para top(01)
Mensaje Y / 00:07:46:000 / t4(11) / out2 /      2.000 para top(01)
Mensaje Y / 00:07:46:000 / t4(11) / out3 /      3.000 para top(01)
Mensaje Y / 00:07:46:000 / t4(11) / out4 /      4.000 para top(01)
Mensaje Y / 00:07:46:000 / t4(11) / fired /   5001.000 para top(01)
Mensaje D / 00:07:46:000 / t4(11) / ... para top(01)
Mensaje X / 00:07:46:000 / top(01) / in /      1.000 para p6(07)
Mensaje X / 00:07:46:000 / top(01) / in /   5001.000 para p5(05)
Mensaje D / 00:07:46:000 / p6(07) / 00:00:00:000 para top(01)
Mensaje D / 00:07:46:000 / p5(05) / 00:00:00:000 para top(01)
Mensaje D / 00:07:46:000 / top(01) / 00:00:00:000 para Root(00)
Mensaje * / 00:07:46:000 / Root(00) para top(01)
Mensaje * / 00:07:46:000 / top(01) para p5(05)
Mensaje Y / 00:07:46:000 / p5(05) / out /   5001.000 para top(01)
Mensaje D / 00:07:46:000 / p5(05) / ... para top(01)
Mensaje X / 00:07:46:000 / top(01) / in1 /   5001.000 para t4(11)
Mensaje D / 00:07:46:000 / t4(11) / 00:00:52:000 para top(01)
Mensaje D / 00:07:46:000 / top(01) / 00:00:00:000 para Root(00)
Mensaje * / 00:07:46:000 / Root(00) para top(01)
Mensaje * / 00:07:46:000 / top(01) para p6(07)
Mensaje Y / 00:07:46:000 / p6(07) / out /   7006.000 para top(01)
Mensaje D / 00:07:46:000 / p6(07) / ... para top(01)
Mensaje D / 00:07:46:000 / top(01) / 00:00:01:000 para Root(00)
Mensaje * / 00:07:47:000 / Root(00) para top(01)
Mensaje * / 00:07:47:000 / top(01) para t2(10)
Mensaje Y / 00:07:47:000 / t2(10) / out1 /      1.000 para top(01)
Mensaje Y / 00:07:47:000 / t2(10) / out2 /      2.000 para top(01)
Mensaje Y / 00:07:47:000 / t2(10) / out3 /      3.000 para top(01)
Mensaje Y / 00:07:47:000 / t2(10) / out4 /      4.000 para top(01)
Mensaje Y / 00:07:47:000 / t2(10) / fired /   4001.000 para top(01)
Mensaje D / 00:07:47:000 / t2(10) / ... para top(01)
Mensaje X / 00:07:47:000 / top(01) / in /      1.000 para p1(02)
Mensaje X / 00:07:47:000 / top(01) / in /   4001.000 para p2(04)
Mensaje D / 00:07:47:000 / p1(02) / 00:00:00:000 para top(01)
Mensaje D / 00:07:47:000 / p2(04) / 00:00:00:000 para top(01)
Mensaje D / 00:07:47:000 / top(01) / 00:00:00:000 para Root(00)
Mensaje * / 00:07:47:000 / Root(00) para top(01)
Mensaje * / 00:07:47:000 / top(01) para p1(02)
Mensaje Y / 00:07:47:000 / p1(02) / out /   2001.000 para top(01)
Mensaje D / 00:07:47:000 / p1(02) / ... para top(01)
Mensaje X / 00:07:47:000 / top(01) / in1 /   2001.000 para t1(08)
Mensaje D / 00:07:47:000 / t1(08) / 00:00:45:000 para top(01)
Mensaje D / 00:07:47:000 / top(01) / 00:00:00:000 para Root(00)
Mensaje * / 00:07:47:000 / Root(00) para top(01)
Mensaje * / 00:07:47:000 / top(01) para p2(04)
Mensaje Y / 00:07:47:000 / p2(04) / out /   4000.000 para top(01)
Mensaje D / 00:07:47:000 / p2(04) / ... para top(01)
Mensaje X / 00:07:47:000 / top(01) / in1 /   4000.000 para t2(10)
Mensaje D / 00:07:47:000 / t2(10) / ... para top(01)
Mensaje D / 00:07:47:000 / top(01) / 00:00:45:000 para Root(00)
Mensaje * / 00:08:32:000 / Root(00) para top(01)
Mensaje * / 00:08:32:000 / top(01) para t1(08)
Mensaje Y / 00:08:32:000 / t1(08) / out1 /      1.000 para top(01)
Mensaje Y / 00:08:32:000 / t1(08) / out2 /      2.000 para top(01)
Mensaje Y / 00:08:32:000 / t1(08) / out3 /      3.000 para top(01)
Mensaje Y / 00:08:32:000 / t1(08) / out4 /      4.000 para top(01)
Mensaje Y / 00:08:32:000 / t1(08) / fired /   2001.000 para top(01)
Mensaje Y / 00:08:32:000 / t1(08) / fired /   6001.000 para top(01)
Mensaje D / 00:08:32:000 / t1(08) / ... para top(01)
Mensaje X / 00:08:32:000 / top(01) / in /      1.000 para p2(04)
Mensaje X / 00:08:32:000 / top(01) / in /      1.000 para p5(05)
Mensaje X / 00:08:32:000 / top(01) / in /   2001.000 para p1(02)
Mensaje X / 00:08:32:000 / top(01) / in /   2001.000 para p3(06)
Mensaje X / 00:08:32:000 / top(01) / in /   6001.000 para p1(02)
Mensaje X / 00:08:32:000 / top(01) / in /   6001.000 para p3(06)
Mensaje D / 00:08:32:000 / p2(04) / 00:00:00:000 para top(01)
Mensaje D / 00:08:32:000 / p5(05) / 00:00:00:000 para top(01)
Mensaje D / 00:08:32:000 / p1(02) / 00:00:00:000 para top(01)
Mensaje D / 00:08:32:000 / p3(06) / 00:00:00:000 para top(01)
Mensaje D / 00:08:32:000 / p1(02) / 00:00:00:000 para top(01)
Mensaje D / 00:08:32:000 / p3(06) / 00:00:00:000 para top(01)
Mensaje D / 00:08:32:000 / top(01) / 00:00:00:000 para Root(00)
Mensaje * / 00:08:32:000 / Root(00) para top(01)
Mensaje * / 00:08:32:000 / top(01) para p1(02)
Mensaje Y / 00:08:32:000 / p1(02) / out /   2000.000 para top(01)
Mensaje D / 00:08:32:000 / p1(02) / ... para top(01)
Mensaje X / 00:08:32:000 / top(01) / in1 /   2000.000 para t1(08)
Mensaje D / 00:08:32:000 / t1(08) / ... para top(01)
Mensaje D / 00:08:32:000 / top(01) / 00:00:00:000 para Root(00)
Mensaje * / 00:08:32:000 / Root(00) para top(01)
Mensaje * / 00:08:32:000 / top(01) para p2(04)
Mensaje Y / 00:08:32:000 / p2(04) / out /   4001.000 para top(01)
Mensaje D / 00:08:32:000 / p2(04) / ... para top(01)
Mensaje X / 00:08:32:000 / top(01) / in1 /   4001.000 para t2(10)
Mensaje D / 00:08:32:000 / t2(10) / 00:00:22:000 para top(01)
Mensaje D / 00:08:32:000 / top(01) / 00:00:00:000 para Root(00)
Mensaje * / 00:08:32:000 / Root(00) para top(01)
Mensaje * / 00:08:32:000 / top(01) para p5(05)
Mensaje Y / 00:08:32:000 / p5(05) / out /   5002.000 para top(01)
Mensaje D / 00:08:32:000 / p5(05) / ... para top(01)
Mensaje X / 00:08:32:000 / top(01) / in1 /   5002.000 para t4(11)
Mensaje D / 00:08:32:000 / t4(11) / 00:00:25:000 para top(01)
Mensaje D / 00:08:32:000 / top(01) / 00:00:00:000 para Root(00)
Mensaje * / 00:08:32:000 / Root(00) para top(01)
Mensaje * / 00:08:32:000 / top(01) para p3(06)
Mensaje Y / 00:08:32:000 / p3(06) / out /   6002.000 para top(01)
Mensaje D / 00:08:32:000 / p3(06) / ... para top(01)
Mensaje X / 00:08:32:000 / top(01) / in1 /   6002.000 para t1(08)
Mensaje D / 00:08:32:000 / t1(08) / ... para top(01)
Mensaje D / 00:08:32:000 / top(01) / 00:00:22:000 para Root(00)
Mensaje * / 00:08:54:000 / Root(00) para top(01)
Mensaje * / 00:08:54:000 / top(01) para t2(10)
Mensaje Y / 00:08:54:000 / t2(10) / out1 /      1.000 para top(01)
Mensaje Y / 00:08:54:000 / t2(10) / out2 /      2.000 para top(01)
Mensaje Y / 00:08:54:000 / t2(10) / out3 /      3.000 para top(01)
Mensaje Y / 00:08:54:000 / t2(10) / out4 /      4.000 para top(01)
Mensaje Y / 00:08:54:000 / t2(10) / fired /   4001.000 para top(01)
Mensaje D / 00:08:54:000 / t2(10) / ... para top(01)
Mensaje X / 00:08:54:000 / top(01) / in /      1.000 para p1(02)
Mensaje X / 00:08:54:000 / top(01) / in /   4001.000 para p2(04)
Mensaje D / 00:08:54:000 / p1(02) / 00:00:00:000 para top(01)
Mensaje D / 00:08:54:000 / p2(04) / 00:00:00:000 para top(01)
Mensaje D / 00:08:54:000 / top(01) / 00:00:00:000 para Root(00)
Mensaje * / 00:08:54:000 / Root(00) para top(01)
Mensaje * / 00:08:54:000 / top(01) para p1(02)
Mensaje Y / 00:08:54:000 / p1(02) / out /   2001.000 para top(01)
Mensaje D / 00:08:54:000 / p1(02) / ... para top(01)
Mensaje X / 00:08:54:000 / top(01) / in1 /   2001.000 para t1(08)
Mensaje D / 00:08:54:000 / t1(08) / 00:00:18:000 para top(01)
Mensaje D / 00:08:54:000 / top(01) / 00:00:00:000 para Root(00)
Mensaje * / 00:08:54:000 / Root(00) para top(01)
Mensaje * / 00:08:54:000 / top(01) para p2(04)
Mensaje Y / 00:08:54:000 / p2(04) / out /   4000.000 para top(01)
Mensaje D / 00:08:54:000 / p2(04) / ... para top(01)
Mensaje X / 00:08:54:000 / top(01) / in1 /   4000.000 para t2(10)
Mensaje D / 00:08:54:000 / t2(10) / ... para top(01)
Mensaje D / 00:08:54:000 / top(01) / 00:00:03:000 para Root(00)
Mensaje * / 00:08:57:000 / Root(00) para top(01)
Mensaje * / 00:08:57:000 / top(01) para t4(11)
Mensaje Y / 00:08:57:000 / t4(11) / out1 /      1.000 para top(01)
Mensaje Y / 00:08:57:000 / t4(11) / out2 /      2.000 para top(01)
Mensaje Y / 00:08:57:000 / t4(11) / out3 /      3.000 para top(01)
Mensaje Y / 00:08:57:000 / t4(11) / out4 /      4.000 para top(01)
Mensaje Y / 00:08:57:000 / t4(11) / fired /   5001.000 para top(01)
Mensaje D / 00:08:57:000 / t4(11) / ... para top(01)
Mensaje X / 00:08:57:000 / top(01) / in /      1.000 para p6(07)
Mensaje X / 00:08:57:000 / top(01) / in /   5001.000 para p5(05)
Mensaje D / 00:08:57:000 / p6(07) / 00:00:00:000 para top(01)
Mensaje D / 00:08:57:000 / p5(05) / 00:00:00:000 para top(01)
Mensaje D / 00:08:57:000 / top(01) / 00:00:00:000 para Root(00)
Mensaje * / 00:08:57:000 / Root(00) para top(01)
Mensaje * / 00:08:57:000 / top(01) para p5(05)
Mensaje Y / 00:08:57:000 / p5(05) / out /   5001.000 para top(01)
Mensaje D / 00:08:57:000 / p5(05) / ... para top(01)
Mensaje X / 00:08:57:000 / top(01) / in1 /   5001.000 para t4(11)
Mensaje D / 00:08:57:000 / t4(11) / 00:00:12:000 para top(01)
Mensaje D / 00:08:57:000 / top(01) / 00:00:00:000 para Root(00)
Mensaje * / 00:08:57:000 / Root(00) para top(01)
Mensaje * / 00:08:57:000 / top(01) para p6(07)
Mensaje Y / 00:08:57:000 / p6(07) / out /   7007.000 para top(01)
Mensaje D / 00:08:57:000 / p6(07) / ... para top(01)
Mensaje D / 00:08:57:000 / top(01) / 00:00:12:000 para Root(00)
Mensaje * / 00:09:09:000 / Root(00) para top(01)
Mensaje * / 00:09:09:000 / top(01) para t4(11)
Mensaje Y / 00:09:09:000 / t4(11) / out1 /      1.000 para top(01)
Mensaje Y / 00:09:09:000 / t4(11) / out2 /      2.000 para top(01)
Mensaje Y / 00:09:09:000 / t4(11) / out3 /      3.000 para top(01)
Mensaje Y / 00:09:09:000 / t4(11) / out4 /      4.000 para top(01)
Mensaje Y / 00:09:09:000 / t4(11) / fired /   5001.000 para top(01)
Mensaje D / 00:09:09:000 / t4(11) / ... para top(01)
Mensaje X / 00:09:09:000 / top(01) / in /      1.000 para p6(07)
Mensaje X / 00:09:09:000 / top(01) / in /   5001.000 para p5(05)
Mensaje D / 00:09:09:000 / p6(07) / 00:00:00:000 para top(01)
Mensaje D / 00:09:09:000 / p5(05) / 00:00:00:000 para top(01)
Mensaje D / 00:09:09:000 / top(01) / 00:00:00:000 para Root(00)
Mensaje * / 00:09:09:000 / Root(00) para top(01)
Mensaje * / 00:09:09:000 / top(01) para p5(05)
Mensaje Y / 00:09:09:000 / p5(05) / out /   5000.000 para top(01)
Mensaje D / 00:09:09:000 / p5(05) / ... para top(01)
Mensaje X / 00:09:09:000 / top(01) / in1 /   5000.000 para t4(11)
Mensaje D / 00:09:09:000 / t4(11) / ... para top(01)
Mensaje D / 00:09:09:000 / top(01) / 00:00:00:000 para Root(00)
Mensaje * / 00:09:09:000 / Root(00) para top(01)
Mensaje * / 00:09:09:000 / top(01) para p6(07)
Mensaje Y / 00:09:09:000 / p6(07) / out /   7008.000 para top(01)
Mensaje D / 00:09:09:000 / p6(07) / ... para top(01)
Mensaje D / 00:09:09:000 / top(01) / 00:00:03:000 para Root(00)
Mensaje * / 00:09:12:000 / Root(00) para top(01)
Mensaje * / 00:09:12:000 / top(01) para t1(08)
Mensaje Y / 00:09:12:000 / t1(08) / out1 /      1.000 para top(01)
Mensaje Y / 00:09:12:000 / t1(08) / out2 /      2.000 para top(01)
Mensaje Y / 00:09:12:000 / t1(08) / out3 /      3.000 para top(01)
Mensaje Y / 00:09:12:000 / t1(08) / out4 /      4.000 para top(01)
Mensaje Y / 00:09:12:000 / t1(08) / fired /   2001.000 para top(01)
Mensaje Y / 00:09:12:000 / t1(08) / fired /   6001.000 para top(01)
Mensaje D / 00:09:12:000 / t1(08) / ... para top(01)
Mensaje X / 00:09:12:000 / top(01) / in /      1.000 para p2(04)
Mensaje X / 00:09:12:000 / top(01) / in /      1.000 para p5(05)
Mensaje X / 00:09:12:000 / top(01) / in /   2001.000 para p1(02)
Mensaje X / 00:09:12:000 / top(01) / in /   2001.000 para p3(06)
Mensaje X / 00:09:12:000 / top(01) / in /   6001.000 para p1(02)
Mensaje X / 00:09:12:000 / top(01) / in /   6001.000 para p3(06)
Mensaje D / 00:09:12:000 / p2(04) / 00:00:00:000 para top(01)
Mensaje D / 00:09:12:000 / p5(05) / 00:00:00:000 para top(01)
Mensaje D / 00:09:12:000 / p1(02) / 00:00:00:000 para top(01)
Mensaje D / 00:09:12:000 / p3(06) / 00:00:00:000 para top(01)
Mensaje D / 00:09:12:000 / p1(02) / 00:00:00:000 para top(01)
Mensaje D / 00:09:12:000 / p3(06) / 00:00:00:000 para top(01)
Mensaje D / 00:09:12:000 / top(01) / 00:00:00:000 para Root(00)
Mensaje * / 00:09:12:000 / Root(00) para top(01)
Mensaje * / 00:09:12:000 / top(01) para p1(02)
Mensaje Y / 00:09:12:000 / p1(02) / out /   2000.000 para top(01)
Mensaje D / 00:09:12:000 / p1(02) / ... para top(01)
Mensaje X / 00:09:12:000 / top(01) / in1 /   2000.000 para t1(08)
Mensaje D / 00:09:12:000 / t1(08) / ... para top(01)
Mensaje D / 00:09:12:000 / top(01) / 00:00:00:000 para Root(00)
Mensaje * / 00:09:12:000 / Root(00) para top(01)
Mensaje * / 00:09:12:000 / top(01) para p2(04)
Mensaje Y / 00:09:12:000 / p2(04) / out /   4001.000 para top(01)
Mensaje D / 00:09:12:000 / p2(04) / ... para top(01)
Mensaje X / 00:09:12:000 / top(01) / in1 /   4001.000 para t2(10)
Mensaje D / 00:09:12:000 / t2(10) / 00:00:49:000 para top(01)
Mensaje D / 00:09:12:000 / top(01) / 00:00:00:000 para Root(00)
Mensaje * / 00:09:12:000 / Root(00) para top(01)
Mensaje * / 00:09:12:000 / top(01) para p5(05)
Mensaje Y / 00:09:12:000 / p5(05) / out /   5001.000 para top(01)
Mensaje D / 00:09:12:000 / p5(05) / ... para top(01)
Mensaje X / 00:09:12:000 / top(01) / in1 /   5001.000 para t4(11)
Mensaje D / 00:09:12:000 / t4(11) / 00:00:30:000 para top(01)
Mensaje D / 00:09:12:000 / top(01) / 00:00:00:000 para Root(00)
Mensaje * / 00:09:12:000 / Root(00) para top(01)
Mensaje * / 00:09:12:000 / top(01) para p3(06)
Mensaje Y / 00:09:12:000 / p3(06) / out /   6001.000 para top(01)
Mensaje D / 00:09:12:000 / p3(06) / ... para top(01)
Mensaje X / 00:09:12:000 / top(01) / in1 /   6001.000 para t1(08)
Mensaje D / 00:09:12:000 / t1(08) / ... para top(01)
Mensaje D / 00:09:12:000 / top(01) / 00:00:30:000 para Root(00)
Mensaje * / 00:09:42:000 / Root(00) para top(01)
Mensaje * / 00:09:42:000 / top(01) para t4(11)
Mensaje Y / 00:09:42:000 / t4(11) / out1 /      1.000 para top(01)
Mensaje Y / 00:09:42:000 / t4(11) / out2 /      2.000 para top(01)
Mensaje Y / 00:09:42:000 / t4(11) / out3 /      3.000 para top(01)
Mensaje Y / 00:09:42:000 / t4(11) / out4 /      4.000 para top(01)
Mensaje Y / 00:09:42:000 / t4(11) / fired /   5001.000 para top(01)
Mensaje D / 00:09:42:000 / t4(11) / ... para top(01)
Mensaje X / 00:09:42:000 / top(01) / in /      1.000 para p6(07)
Mensaje X / 00:09:42:000 / top(01) / in /   5001.000 para p5(05)
Mensaje D / 00:09:42:000 / p6(07) / 00:00:00:000 para top(01)
Mensaje D / 00:09:42:000 / p5(05) / 00:00:00:000 para top(01)
Mensaje D / 00:09:42:000 / top(01) / 00:00:00:000 para Root(00)
Mensaje * / 00:09:42:000 / Root(00) para top(01)
Mensaje * / 00:09:42:000 / top(01) para p5(05)
Mensaje Y / 00:09:42:000 / p5(05) / out /   5000.000 para top(01)
Mensaje D / 00:09:42:000 / p5(05) / ... para top(01)
Mensaje X / 00:09:42:000 / top(01) / in1 /   5000.000 para t4(11)
Mensaje D / 00:09:42:000 / t4(11) / ... para top(01)
Mensaje D / 00:09:42:000 / top(01) / 00:00:00:000 para Root(00)
Mensaje * / 00:09:42:000 / Root(00) para top(01)
Mensaje * / 00:09:42:000 / top(01) para p6(07)
Mensaje Y / 00:09:42:000 / p6(07) / out /   7009.000 para top(01)
Mensaje D / 00:09:42:000 / p6(07) / ... para top(01)
Mensaje D / 00:09:42:000 / top(01) / 00:00:19:000 para Root(00)
Mensaje * / 00:10:01:000 / Root(00) para top(01)
Mensaje * / 00:10:01:000 / top(01) para t2(10)
Mensaje Y / 00:10:01:000 / t2(10) / out1 /      1.000 para top(01)
Mensaje Y / 00:10:01:000 / t2(10) / out2 /      2.000 para top(01)
Mensaje Y / 00:10:01:000 / t2(10) / out3 /      3.000 para top(01)
Mensaje Y / 00:10:01:000 / t2(10) / out4 /      4.000 para top(01)
Mensaje Y / 00:10:01:000 / t2(10) / fired /   4001.000 para top(01)
Mensaje D / 00:10:01:000 / t2(10) / ... para top(01)
Mensaje X / 00:10:01:000 / top(01) / in /      1.000 para p1(02)
Mensaje X / 00:10:01:000 / top(01) / in /   4001.000 para p2(04)
Mensaje D / 00:10:01:000 / p1(02) / 00:00:00:000 para top(01)
Mensaje D / 00:10:01:000 / p2(04) / 00:00:00:000 para top(01)
Mensaje D / 00:10:01:000 / top(01) / 00:00:00:000 para Root(00)
Mensaje * / 00:10:01:000 / Root(00) para top(01)
Mensaje * / 00:10:01:000 / top(01) para p1(02)
Mensaje Y / 00:10:01:000 / p1(02) / out /   2001.000 para top(01)
Mensaje D / 00:10:01:000 / p1(02) / ... para top(01)
Mensaje X / 00:10:01:000 / top(01) / in1 /   2001.000 para t1(08)
Mensaje D / 00:10:01:000 / t1(08) / 00:00:12:000 para top(01)
Mensaje D / 00:10:01:000 / top(01) / 00:00:00:000 para Root(00)
Mensaje * / 00:10:01:000 / Root(00) para top(01)
Mensaje * / 00:10:01:000 / top(01) para p2(04)
Mensaje Y / 00:10:01:000 / p2(04) / out /   4000.000 para top(01)
Mensaje D / 00:10:01:000 / p2(04) / ... para top(01)
Mensaje X / 00:10:01:000 / top(01) / in1 /   4000.000 para t2(10)
Mensaje D / 00:10:01:000 / t2(10) / ... para top(01)
Mensaje D / 00:10:01:000 / top(01) / 00:00:12:000 para Root(00)
Mensaje * / 00:10:13:000 / Root(00) para top(01)
Mensaje * / 00:10:13:000 / top(01) para t1(08)
Mensaje Y / 00:10:13:000 / t1(08) / out1 /      1.000 para top(01)
Mensaje Y / 00:10:13:000 / t1(08) / out2 /      2.000 para top(01)
Mensaje Y / 00:10:13:000 / t1(08) / out3 /      3.000 para top(01)
Mensaje Y / 00:10:13:000 / t1(08) / out4 /      4.000 para top(01)
Mensaje Y / 00:10:13:000 / t1(08) / fired /   2001.000 para top(01)
Mensaje Y / 00:10:13:000 / t1(08) / fired /   6001.000 para top(01)
Mensaje D / 00:10:13:000 / t1(08) / ... para top(01)
Mensaje X / 00:10:13:000 / top(01) / in /      1.000 para p2(04)
Mensaje X / 00:10:13:000 / top(01) / in /      1.000 para p5(05)
Mensaje X / 00:10:13:000 / top(01) / in /   2001.000 para p1(02)
Mensaje X / 00:10:13:000 / top(01) / in /   2001.000 para p3(06)
Mensaje X / 00:10:13:000 / top(01) / in /   6001.000 para p1(02)
Mensaje X / 00:10:13:000 / top(01) / in /   6001.000 para p3(06)
Mensaje D / 00:10:13:000 / p2(04) / 00:00:00:000 para top(01)
Mensaje D / 00:10:13:000 / p5(05) / 00:00:00:000 para top(01)
Mensaje D / 00:10:13:000 / p1(02) / 00:00:00:000 para top(01)
Mensaje D / 00:10:13:000 / p3(06) / 00:00:00:000 para top(01)
Mensaje D / 00:10:13:000 / p1(02) / 00:00:00:000 para top(01)
Mensaje D / 00:10:13:000 / p3(06) / 00:00:00:000 para top(01)
Mensaje D / 00:10:13:000 / top(01) / 00:00:00:000 para Root(00)
Mensaje * / 00:10:13:000 / Root(00) para top(01)
Mensaje * / 00:10:13:000 / top(01) para p1(02)
Mensaje Y / 00:10:13:000 / p1(02) / out /   2000.000 para top(01)
Mensaje D / 00:10:13:000 / p1(02) / ... para top(01)
Mensaje X / 00:10:13:000 / top(01) / in1 /   2000.000 para t1(08)
Mensaje D / 00:10:13:000 / t1(08) / ... para top(01)
Mensaje D / 00:10:13:000 / top(01) / 00:00:00:000 para Root(00)
Mensaje * / 00:10:13:000 / Root(00) para top(01)
Mensaje * / 00:10:13:000 / top(01) para p2(04)
Mensaje Y / 00:10:13:000 / p2(04) / out /   4001.000 para top(01)
Mensaje D / 00:10:13:000 / p2(04) / ... para top(01)
Mensaje X / 00:10:13:000 / top(01) / in1 /   4001.000 para t2(10)
Mensaje D / 00:10:13:000 / t2(10) / 00:00:29:000 para top(01)
Mensaje D / 00:10:13:000 / top(01) / 00:00:00:000 para Root(00)
Mensaje * / 00:10:13:000 / Root(00) para top(01)
Mensaje * / 00:10:13:000 / top(01) para p5(05)
Mensaje Y / 00:10:13:000 / p5(05) / out /   5001.000 para top(01)
Mensaje D / 00:10:13:000 / p5(05) / ... para top(01)
Mensaje X / 00:10:13:000 / top(01) / in1 /   5001.000 para t4(11)
Mensaje D / 00:10:13:000 / t4(11) / 00:00:06:000 para top(01)
Mensaje D / 00:10:13:000 / top(01) / 00:00:00:000 para Root(00)
Mensaje * / 00:10:13:000 / Root(00) para top(01)
Mensaje * / 00:10:13:000 / top(01) para p3(06)
Mensaje Y / 00:10:13:000 / p3(06) / out /   6000.000 para top(01)
Mensaje D / 00:10:13:000 / p3(06) / ... para top(01)
Mensaje X / 00:10:13:000 / top(01) / in1 /   6000.000 para t1(08)
Mensaje D / 00:10:13:000 / t1(08) / ... para top(01)
Mensaje D / 00:10:13:000 / top(01) / 00:00:06:000 para Root(00)
Mensaje * / 00:10:19:000 / Root(00) para top(01)
Mensaje * / 00:10:19:000 / top(01) para t4(11)
Mensaje Y / 00:10:19:000 / t4(11) / out1 /      1.000 para top(01)
Mensaje Y / 00:10:19:000 / t4(11) / out2 /      2.000 para top(01)
Mensaje Y / 00:10:19:000 / t4(11) / out3 /      3.000 para top(01)
Mensaje Y / 00:10:19:000 / t4(11) / out4 /      4.000 para top(01)
Mensaje Y / 00:10:19:000 / t4(11) / fired /   5001.000 para top(01)
Mensaje D / 00:10:19:000 / t4(11) / ... para top(01)
Mensaje X / 00:10:19:000 / top(01) / in /      1.000 para p6(07)
Mensaje X / 00:10:19:000 / top(01) / in /   5001.000 para p5(05)
Mensaje D / 00:10:19:000 / p6(07) / 00:00:00:000 para top(01)
Mensaje D / 00:10:19:000 / p5(05) / 00:00:00:000 para top(01)
Mensaje D / 00:10:19:000 / top(01) / 00:00:00:000 para Root(00)
Mensaje * / 00:10:19:000 / Root(00) para top(01)
Mensaje * / 00:10:19:000 / top(01) para p5(05)
Mensaje Y / 00:10:19:000 / p5(05) / out /   5000.000 para top(01)
Mensaje D / 00:10:19:000 / p5(05) / ... para top(01)
Mensaje X / 00:10:19:000 / top(01) / in1 /   5000.000 para t4(11)
Mensaje D / 00:10:19:000 / t4(11) / ... para top(01)
Mensaje D / 00:10:19:000 / top(01) / 00:00:00:000 para Root(00)
Mensaje * / 00:10:19:000 / Root(00) para top(01)
Mensaje * / 00:10:19:000 / top(01) para p6(07)
Mensaje Y / 00:10:19:000 / p6(07) / out /   7010.000 para top(01)
Mensaje D / 00:10:19:000 / p6(07) / ... para top(01)
Mensaje D / 00:10:19:000 / top(01) / 00:00:23:000 para Root(00)
Mensaje * / 00:10:42:000 / Root(00) para top(01)
Mensaje * / 00:10:42:000 / top(01) para t2(10)
Mensaje Y / 00:10:42:000 / t2(10) / out1 /      1.000 para top(01)
Mensaje Y / 00:10:42:000 / t2(10) / out2 /      2.000 para top(01)
Mensaje Y / 00:10:42:000 / t2(10) / out3 /      3.000 para top(01)
Mensaje Y / 00:10:42:000 / t2(10) / out4 /      4.000 para top(01)
Mensaje Y / 00:10:42:000 / t2(10) / fired /   4001.000 para top(01)
Mensaje D / 00:10:42:000 / t2(10) / ... para top(01)
Mensaje X / 00:10:42:000 / top(01) / in /      1.000 para p1(02)
Mensaje X / 00:10:42:000 / top(01) / in /   4001.000 para p2(04)
Mensaje D / 00:10:42:000 / p1(02) / 00:00:00:000 para top(01)
Mensaje D / 00:10:42:000 / p2(04) / 00:00:00:000 para top(01)
Mensaje D / 00:10:42:000 / top(01) / 00:00:00:000 para Root(00)
Mensaje * / 00:10:42:000 / Root(00) para top(01)
Mensaje * / 00:10:42:000 / top(01) para p1(02)
Mensaje Y / 00:10:42:000 / p1(02) / out /   2001.000 para top(01)
Mensaje D / 00:10:42:000 / p1(02) / ... para top(01)
Mensaje X / 00:10:42:000 / top(01) / in1 /   2001.000 para t1(08)
Mensaje D / 00:10:42:000 / t1(08) / ... para top(01)
Mensaje D / 00:10:42:000 / top(01) / 00:00:00:000 para Root(00)
Mensaje * / 00:10:42:000 / Root(00) para top(01)
Mensaje * / 00:10:42:000 / top(01) para p2(04)
Mensaje Y / 00:10:42:000 / p2(04) / out /   4000.000 para top(01)
Mensaje D / 00:10:42:000 / p2(04) / ... para top(01)
Mensaje X / 00:10:42:000 / top(01) / in1 /   4000.000 para t2(10)
Mensaje D / 00:10:42:000 / t2(10) / ... para top(01)
Mensaje D / 00:10:42:000 / top(01) / ... para Root(00)
