Mensaje I / 00:00:00:000 / Root(00) para top(01)
Mensaje I / 00:00:00:000 / top(01) para p1(02)
Mensaje I / 00:00:00:000 / top(01) para p2(03)
Mensaje I / 00:00:00:000 / top(01) para p3(04)
Mensaje I / 00:00:00:000 / top(01) para p4(05)
Mensaje I / 00:00:00:000 / top(01) para p5(06)
Mensaje I / 00:00:00:000 / top(01) para p6(07)
Mensaje I / 00:00:00:000 / top(01) para t1(08)
Mensaje I / 00:00:00:000 / top(01) para t2(09)
Mensaje I / 00:00:00:000 / top(01) para t3(10)
Mensaje I / 00:00:00:000 / top(01) para t4(11)
Mensaje D / 00:00:00:000 / p1(02) / 00:00:00:000 para top(01)
Mensaje D / 00:00:00:000 / p2(03) / 00:00:00:000 para top(01)
Mensaje D / 00:00:00:000 / p3(04) / 00:00:00:000 para top(01)
Mensaje D / 00:00:00:000 / p4(05) / 00:00:00:000 para top(01)
Mensaje D / 00:00:00:000 / p5(06) / 00:00:00:000 para top(01)
Mensaje D / 00:00:00:000 / p6(07) / 00:00:00:000 para top(01)
Mensaje D / 00:00:00:000 / t1(08) / 00:00:25:000 para top(01)
Mensaje D / 00:00:00:000 / t2(09) / 00:00:25:000 para top(01)
Mensaje D / 00:00:00:000 / t3(10) / 00:00:25:000 para top(01)
Mensaje D / 00:00:00:000 / t4(11) / 00:00:25:000 para top(01)
Mensaje D / 00:00:00:000 / top(01) / 00:00:00:000 para Root(00)
Mensaje * / 00:00:00:000 / Root(00) para top(01)
Mensaje * / 00:00:00:000 / top(01) para p1(02)
Mensaje Y / 00:00:00:000 / p1(02) / out /   2001.000 para top(01)
Mensaje D / 00:00:00:000 / p1(02) / ... para top(01)
Mensaje X / 00:00:00:000 / top(01) / in1 /   2001.000 para t1(08)
Mensaje D / 00:00:00:000 / t1(08) / 00:00:42:000 para top(01)
Mensaje D / 00:00:00:000 / top(01) / 00:00:00:000 para Root(00)
Mensaje * / 00:00:00:000 / Root(00) para top(01)
Mensaje * / 00:00:00:000 / top(01) para p2(03)
Mensaje Y / 00:00:00:000 / p2(03) / out /   3000.000 para top(01)
Mensaje D / 00:00:00:000 / p2(03) / ... para top(01)
Mensaje X / 00:00:00:000 / top(01) / in1 /   3000.000 para t2(09)
Mensaje D / 00:00:00:000 / t2(09) / ... para top(01)
Mensaje D / 00:00:00:000 / top(01) / 00:00:00:000 para Root(00)
Mensaje * / 00:00:00:000 / Root(00) para top(01)
Mensaje * / 00:00:00:000 / top(01) para p3(04)
Mensaje Y / 00:00:00:000 / p3(04) / out /   4000.000 para top(01)
Mensaje D / 00:00:00:000 / p3(04) / ... para top(01)
Mensaje X / 00:00:00:000 / top(01) / in1 /   4000.000 para t1(08)
Mensaje D / 00:00:00:000 / t1(08) / ... para top(01)
Mensaje D / 00:00:00:000 / top(01) / 00:00:00:000 para Root(00)
Mensaje * / 00:00:00:000 / Root(00) para top(01)
Mensaje * / 00:00:00:000 / top(01) para p4(05)
Mensaje Y / 00:00:00:000 / p4(05) / out /   5010.000 para top(01)
Mensaje D / 00:00:00:000 / p4(05) / ... para top(01)
Mensaje X / 00:00:00:000 / top(01) / in1 /   5010.000 para t3(10)
Mensaje D / 00:00:00:000 / t3(10) / 00:00:21:000 para top(01)
Mensaje D / 00:00:00:000 / top(01) / 00:00:00:000 para Root(00)
Mensaje * / 00:00:00:000 / Root(00) para top(01)
Mensaje * / 00:00:00:000 / top(01) para p5(06)
Mensaje Y / 00:00:00:000 / p5(06) / out /   6000.000 para top(01)
Mensaje D / 00:00:00:000 / p5(06) / ... para top(01)
Mensaje X / 00:00:00:000 / top(01) / in1 /   6000.000 para t4(11)
Mensaje D / 00:00:00:000 / t4(11) / ... para top(01)
Mensaje D / 00:00:00:000 / top(01) / 00:00:00:000 para Root(00)
Mensaje * / 00:00:00:000 / Root(00) para top(01)
Mensaje * / 00:00:00:000 / top(01) para p6(07)
Mensaje Y / 00:00:00:000 / p6(07) / out /   7000.000 para top(01)
Mensaje D / 00:00:00:000 / p6(07) / ... para top(01)
Mensaje D / 00:00:00:000 / top(01) / 00:00:21:000 para Root(00)
Mensaje * / 00:00:21:000 / Root(00) para top(01)
Mensaje * / 00:00:21:000 / top(01) para t3(10)
Mensaje Y / 00:00:21:000 / t3(10) / out1 /      1.000 para top(01)
Mensaje Y / 00:00:21:000 / t3(10) / out2 /      2.000 para top(01)
Mensaje Y / 00:00:21:000 / t3(10) / out3 /      3.000 para top(01)
Mensaje Y / 00:00:21:000 / t3(10) / out4 /      4.000 para top(01)
Mensaje Y / 00:00:21:000 / t3(10) / fired /   5001.000 para top(01)
Mensaje D / 00:00:21:000 / t3(10) / ... para top(01)
Mensaje X / 00:00:21:000 / top(01) / in /      1.000 para p3(04)
Mensaje X / 00:00:21:000 / top(01) / in /   5001.000 para p4(05)
Mensaje D / 00:00:21:000 / p3(04) / 00:00:00:000 para top(01)
Mensaje D / 00:00:21:000 / p4(05) / 00:00:00:000 para top(01)
Mensaje D / 00:00:21:000 / top(01) / 00:00:00:000 para Root(00)
Mensaje * / 00:00:21:000 / Root(00) para top(01)
Mensaje * / 00:00:21:000 / top(01) para p3(04)
Mensaje Y / 00:00:21:000 / p3(04) / out /   4001.000 para top(01)
Mensaje D / 00:00:21:000 / p3(04) / ... para top(01)
Mensaje X / 00:00:21:000 / top(01) / in1 /   4001.000 para t1(08)
Mensaje D / 00:00:21:000 / t1(08) / 00:00:22:000 para top(01)
Mensaje D / 00:00:21:000 / top(01) / 00:00:00:000 para Root(00)
Mensaje * / 00:00:21:000 / Root(00) para top(01)
Mensaje * / 00:00:21:000 / top(01) para p4(05)
Mensaje Y / 00:00:21:000 / p4(05) / out /   5009.000 para top(01)
Mensaje D / 00:00:21:000 / p4(05) / ... para top(01)
Mensaje X / 00:00:21:000 / top(01) / in1 /   5009.000 para t3(10)
Mensaje D / 00:00:21:000 / t3(10) / 00:00:45:000 para top(01)
Mensaje D / 00:00:21:000 / top(01) / 00:00:22:000 para Root(00)
Mensaje * / 00:00:43:000 / Root(00) para top(01)
Mensaje * / 00:00:43:000 / top(01) para t1(08)
Mensaje Y / 00:00:43:000 / t1(08) / out1 /      1.000 para top(01)
Mensaje Y / 00:00:43:000 / t1(08) / out2 /      2.000 para top(01)
Mensaje Y / 00:00:43:000 / t1(08) / out3 /      3.000 para top(01)
Mensaje Y / 00:00:43:000 / t1(08) / out4 /      4.000 para top(01)
Mensaje Y / 00:00:43:000 / t1(08) / fired /   2001.000 para top(01)
Mensaje Y / 00:00:43:000 / t1(08) / fired /   4001.000 para top(01)
Mensaje D / 00:00:43:000 / t1(08) / ... para top(01)
Mensaje X / 00:00:43:000 / top(01) / in /      1.000 para p2(03)
Mensaje X / 00:00:43:000 / top(01) / in /      1.000 para p5(06)
Mensaje X / 00:00:43:000 / top(01) / in /   2001.000 para p1(02)
Mensaje X / 00:00:43:000 / top(01) / in /   2001.000 para p3(04)
Mensaje X / 00:00:43:000 / top(01) / in /   4001.000 para p1(02)
Mensaje X / 00:00:43:000 / top(01) / in /   4001.000 para p3(04)
Mensaje D / 00:00:43:000 / p2(03) / 00:00:00:000 para top(01)
Mensaje D / 00:00:43:000 / p5(06) / 00:00:00:000 para top(01)
Mensaje D / 00:00:43:000 / p1(02) / 00:00:00:000 para top(01)
Mensaje D / 00:00:43:000 / p3(04) / 00:00:00:000 para top(01)
Mensaje D / 00:00:43:000 / p1(02) / 00:00:00:000 para top(01)
Mensaje D / 00:00:43:000 / p3(04) / 00:00:00:000 para top(01)
Mensaje D / 00:00:43:000 / top(01) / 00:00:00:000 para Root(00)
Mensaje * / 00:00:43:000 / Root(00) para top(01)
Mensaje * / 00:00:43:000 / top(01) para p1(02)
Mensaje Y / 00:00:43:000 / p1(02) / out /   2000.000 para top(01)
Mensaje D / 00:00:43:000 / p1(02) / ... para top(01)
Mensaje X / 00:00:43:000 / top(01) / in1 /   2000.000 para t1(08)
Mensaje D / 00:00:43:000 / t1(08) / ... para top(01)
Mensaje D / 00:00:43:000 / top(01) / 00:00:00:000 para Root(00)
Mensaje * / 00:00:43:000 / Root(00) para top(01)
Mensaje * / 00:00:43:000 / top(01) para p2(03)
Mensaje Y / 00:00:43:000 / p2(03) / out /   3001.000 para top(01)
Mensaje D / 00:00:43:000 / p2(03) / ... para top(01)
Mensaje X / 00:00:43:000 / top(01) / in1 /   3001.000 para t2(09)
Mensaje D / 00:00:43:000 / t2(09) / 00:00:44:000 para top(01)
Mensaje D / 00:00:43:000 / top(01) / 00:00:00:000 para Root(00)
Mensaje * / 00:00:43:000 / Root(00) para top(01)
Mensaje * / 00:00:43:000 / top(01) para p3(04)
Mensaje Y / 00:00:43:000 / p3(04) / out /   4000.000 para top(01)
Mensaje D / 00:00:43:000 / p3(04) / ... para top(01)
Mensaje X / 00:00:43:000 / top(01) / in1 /   4000.000 para t1(08)
Mensaje D / 00:00:43:000 / t1(08) / ... para top(01)
Mensaje D / 00:00:43:000 / top(01) / 00:00:00:000 para Root(00)
Mensaje * / 00:00:43:000 / Root(00) para top(01)
Mensaje * / 00:00:43:000 / top(01) para p5(06)
Mensaje Y / 00:00:43:000 / p5(06) / out /   6001.000 para top(01)
Mensaje D / 00:00:43:000 / p5(06) / ... para top(01)
Mensaje X / 00:00:43:000 / top(01) / in1 /   6001.000 para t4(11)
Mensaje D / 00:00:43:000 / t4(11) / 00:00:24:000 para top(01)
Mensaje D / 00:00:43:000 / top(01) / 00:00:23:000 para Root(00)
Mensaje * / 00:01:06:000 / Root(00) para top(01)
Mensaje * / 00:01:06:000 / top(01) para t3(10)
Mensaje Y / 00:01:06:000 / t3(10) / out1 /      1.000 para top(01)
Mensaje Y / 00:01:06:000 / t3(10) / out2 /      2.000 para top(01)
Mensaje Y / 00:01:06:000 / t3(10) / out3 /      3.000 para top(01)
Mensaje Y / 00:01:06:000 / t3(10) / out4 /      4.000 para top(01)
Mensaje Y / 00:01:06:000 / t3(10) / fired /   5001.000 para top(01)
Mensaje D / 00:01:06:000 / t3(10) / ... para top(01)
Mensaje X / 00:01:06:000 / top(01) / in /      1.000 para p3(04)
Mensaje X / 00:01:06:000 / top(01) / in /   5001.000 para p4(05)
Mensaje D / 00:01:06:000 / p3(04) / 00:00:00:000 para top(01)
Mensaje D / 00:01:06:000 / p4(05) / 00:00:00:000 para top(01)
Mensaje D / 00:01:06:000 / top(01) / 00:00:00:000 para Root(00)
Mensaje * / 00:01:06:000 / Root(00) para top(01)
Mensaje * / 00:01:06:000 / top(01) para p3(04)
Mensaje Y / 00:01:06:000 / p3(04) / out /   4001.000 para top(01)
Mensaje D / 00:01:06:000 / p3(04) / ... para top(01)
Mensaje X / 00:01:06:000 / top(01) / in1 /   4001.000 para t1(08)
Mensaje D / 00:01:06:000 / t1(08) / ... para top(01)
Mensaje D / 00:01:06:000 / top(01) / 00:00:00:000 para Root(00)
Mensaje * / 00:01:06:000 / Root(00) para top(01)
Mensaje * / 00:01:06:000 / top(01) para p4(05)
Mensaje Y / 00:01:06:000 / p4(05) / out /   5008.000 para top(01)
Mensaje D / 00:01:06:000 / p4(05) / ... para top(01)
Mensaje X / 00:01:06:000 / top(01) / in1 /   5008.000 para t3(10)
Mensaje D / 00:01:06:000 / t3(10) / 00:00:02:000 para top(01)
Mensaje D / 00:01:06:000 / top(01) / 00:00:01:000 para Root(00)
Mensaje * / 00:01:07:000 / Root(00) para top(01)
Mensaje * / 00:01:07:000 / top(01) para t4(11)
Mensaje Y / 00:01:07:000 / t4(11) / out1 /      1.000 para top(01)
Mensaje Y / 00:01:07:000 / t4(11) / out2 /      2.000 para top(01)
Mensaje Y / 00:01:07:000 / t4(11) / out3 /      3.000 para top(01)
Mensaje Y / 00:01:07:000 / t4(11) / out4 /      4.000 para top(01)
Mensaje Y / 00:01:07:000 / t4(11) / fired /   6001.000 para top(01)
Mensaje D / 00:01:07:000 / t4(11) / ... para top(01)
Mensaje X / 00:01:07:000 / top(01) / in /      1.000 para p6(07)
Mensaje X / 00:01:07:000 / top(01) / in /   6001.000 para p5(06)
Mensaje D / 00:01:07:000 / p6(07) / 00:00:00:000 para top(01)
Mensaje D / 00:01:07:000 / p5(06) / 00:00:00:000 para top(01)
Mensaje D / 00:01:07:000 / top(01) / 00:00:00:000 para Root(00)
Mensaje * / 00:01:07:000 / Root(00) para top(01)
Mensaje * / 00:01:07:000 / top(01) para p5(06)
Mensaje Y / 00:01:07:000 / p5(06) / out /   6000.000 para top(01)
Mensaje D / 00:01:07:000 / p5(06) / ... para top(01)
Mensaje X / 00:01:07:000 / top(01) / in1 /   6000.000 para t4(11)
Mensaje D / 00:01:07:000 / t4(11) / ... para top(01)
Mensaje D / 00:01:07:000 / top(01) / 00:00:00:000 para Root(00)
Mensaje * / 00:01:07:000 / Root(00) para top(01)
Mensaje * / 00:01:07:000 / top(01) para p6(07)
Mensaje Y / 00:01:07:000 / p6(07) / out /   7001.000 para top(01)
Mensaje D / 00:01:07:000 / p6(07) / ... para top(01)
Mensaje D / 00:01:07:000 / top(01) / 00:00:01:000 para Root(00)
Mensaje * / 00:01:08:000 / Root(00) para top(01)
Mensaje * / 00:01:08:000 / top(01) para t3(10)
Mensaje Y / 00:01:08:000 / t3(10) / out1 /      1.000 para top(01)
Mensaje Y / 00:01:08:000 / t3(10) / out2 /      2.000 para top(01)
Mensaje Y / 00:01:08:000 / t3(10) / out3 /      3.000 para top(01)
Mensaje Y / 00:01:08:000 / t3(10) / out4 /      4.000 para top(01)
Mensaje Y / 00:01:08:000 / t3(10) / fired /   5001.000 para top(01)
Mensaje D / 00:01:08:000 / t3(10) / ... para top(01)
Mensaje X / 00:01:08:000 / top(01) / in /      1.000 para p3(04)
Mensaje X / 00:01:08:000 / top(01) / in /   5001.000 para p4(05)
Mensaje D / 00:01:08:000 / p3(04) / 00:00:00:000 para top(01)
Mensaje D / 00:01:08:000 / p4(05) / 00:00:00:000 para top(01)
Mensaje D / 00:01:08:000 / top(01) / 00:00:00:000 para Root(00)
Mensaje * / 00:01:08:000 / Root(00) para top(01)
Mensaje * / 00:01:08:000 / top(01) para p3(04)
Mensaje Y / 00:01:08:000 / p3(04) / out /   4002.000 para top(01)
Mensaje D / 00:01:08:000 / p3(04) / ... para top(01)
Mensaje X / 00:01:08:000 / top(01) / in1 /   4002.000 para t1(08)
Mensaje D / 00:01:08:000 / t1(08) / ... para top(01)
Mensaje D / 00:01:08:000 / top(01) / 00:00:00:000 para Root(00)
Mensaje * / 00:01:08:000 / Root(00) para top(01)
Mensaje * / 00:01:08:000 / top(01) para p4(05)
Mensaje Y / 00:01:08:000 / p4(05) / out /   5007.000 para top(01)
Mensaje D / 00:01:08:000 / p4(05) / ... para top(01)
Mensaje X / 00:01:08:000 / top(01) / in1 /   5007.000 para t3(10)
Mensaje D / 00:01:08:000 / t3(10) / 00:00:41:000 para top(01)
Mensaje D / 00:01:08:000 / top(01) / 00:00:19:000 para Root(00)
Mensaje * / 00:01:27:000 / Root(00) para top(01)
Mensaje * / 00:01:27:000 / top(01) para t2(09)
Mensaje Y / 00:01:27:000 / t2(09) / out1 /      1.000 para top(01)
Mensaje Y / 00:01:27:000 / t2(09) / out2 /      2.000 para top(01)
Mensaje Y / 00:01:27:000 / t2(09) / out3 /      3.000 para top(01)
Mensaje Y / 00:01:27:000 / t2(09) / out4 /      4.000 para top(01)
Mensaje Y / 00:01:27:000 / t2(09) / fired /   3001.000 para top(01)
Mensaje D / 00:01:27:000 / t2(09) / ... para top(01)
Mensaje X / 00:01:27:000 / top(01) / in /      1.000 para p1(02)
Mensaje X / 00:01:27:000 / top(01) / in /   3001.000 para p2(03)
Mensaje D / 00:01:27:000 / p1(02) / 00:00:00:000 para top(01)
Mensaje D / 00:01:27:000 / p2(03) / 00:00:00:000 para top(01)
Mensaje D / 00:01:27:000 / top(01) / 00:00:00:000 para Root(00)
Mensaje * / 00:01:27:000 / Root(00) para top(01)
Mensaje * / 00:01:27:000 / top(01) para p1(02)
Mensaje Y / 00:01:27:000 / p1(02) / out /   2001.000 para top(01)
Mensaje D / 00:01:27:000 / p1(02) / ... para top(01)
Mensaje X / 00:01:27:000 / top(01) / in1 /   2001.000 para t1(08)
Mensaje D / 00:01:27:000 / t1(08) / 00:00:42:000 para top(01)
Mensaje D / 00:01:27:000 / top(01) / 00:00:00:000 para Root(00)
Mensaje * / 00:01:27:000 / Root(00) para top(01)
Mensaje * / 00:01:27:000 / top(01) para p2(03)
Mensaje Y / 00:01:27:000 / p2(03) / out /   3000.000 para top(01)
Mensaje D / 00:01:27:000 / p2(03) / ... para top(01)
Mensaje X / 00:01:27:000 / top(01) / in1 /   3000.000 para t2(09)
Mensaje D / 00:01:27:000 / t2(09) / ... para top(01)
Mensaje D / 00:01:27:000 / top(01) / 00:00:22:000 para Root(00)
Mensaje * / 00:01:49:000 / Root(00) para top(01)
Mensaje * / 00:01:49:000 / top(01) para t3(10)
Mensaje Y / 00:01:49:000 / t3(10) / out1 /      1.000 para top(01)
Mensaje Y / 00:01:49:000 / t3(10) / out2 /      2.000 para top(01)
Mensaje Y / 00:01:49:000 / t3(10) / out3 /      3.000 para top(01)
Mensaje Y / 00:01:49:000 / t3(10) / out4 /      4.000 para top(01)
Mensaje Y / 00:01:49:000 / t3(10) / fired /   5001.000 para top(01)
Mensaje D / 00:01:49:000 / t3(10) / ... para top(01)
Mensaje X / 00:01:49:000 / top(01) / in /      1.000 para p3(04)
Mensaje X / 00:01:49:000 / top(01) / in /   5001.000 para p4(05)
Mensaje D / 00:01:49:000 / p3(04) / 00:00:00:000 para top(01)
Mensaje D / 00:01:49:000 / p4(05) / 00:00:00:000 para top(01)
Mensaje D / 00:01:49:000 / top(01) / 00:00:00:000 para Root(00)
Mensaje * / 00:01:49:000 / Root(00) para top(01)
Mensaje * / 00:01:49:000 / top(01) para p3(04)
Mensaje Y / 00:01:49:000 / p3(04) / out /   4003.000 para top(01)
Mensaje D / 00:01:49:000 / p3(04) / ... para top(01)
Mensaje X / 00:01:49:000 / top(01) / in1 /   4003.000 para t1(08)
Mensaje D / 00:01:49:000 / t1(08) / 00:00:27:000 para top(01)
Mensaje D / 00:01:49:000 / top(01) / 00:00:00:000 para Root(00)
Mensaje * / 00:01:49:000 / Root(00) para top(01)
Mensaje * / 00:01:49:000 / top(01) para p4(05)
Mensaje Y / 00:01:49:000 / p4(05) / out /   5006.000 para top(01)
Mensaje D / 00:01:49:000 / p4(05) / ... para top(01)
Mensaje X / 00:01:49:000 / top(01) / in1 /   5006.000 para t3(10)
Mensaje D / 00:01:49:000 / t3(10) / 00:00:35:000 para top(01)
Mensaje D / 00:01:49:000 / top(01) / 00:00:27:000 para Root(00)
Mensaje * / 00:02:16:000 / Root(00) para top(01)
Mensaje * / 00:02:16:000 / top(01) para t1(08)
Mensaje Y / 00:02:16:000 / t1(08) / out1 /      1.000 para top(01)
Mensaje Y / 00:02:16:000 / t1(08) / out2 /      2.000 para top(01)
Mensaje Y / 00:02:16:000 / t1(08) / out3 /      3.000 para top(01)
Mensaje Y / 00:02:16:000 / t1(08) / out4 /      4.000 para top(01)
Mensaje Y / 00:02:16:000 / t1(08) / fired /   2001.000 para top(01)
Mensaje Y / 00:02:16:000 / t1(08) / fired /   4001.000 para top(01)
Mensaje D / 00:02:16:000 / t1(08) / ... para top(01)
Mensaje X / 00:02:16:000 / top(01) / in /      1.000 para p2(03)
Mensaje X / 00:02:16:000 / top(01) / in /      1.000 para p5(06)
Mensaje X / 00:02:16:000 / top(01) / in /   2001.000 para p1(02)
Mensaje X / 00:02:16:000 / top(01) / in /   2001.000 para p3(04)
Mensaje X / 00:02:16:000 / top(01) / in /   4001.000 para p1(02)
Mensaje X / 00:02:16:000 / top(01) / in /   4001.000 para p3(04)
Mensaje D / 00:02:16:000 / p2(03) / 00:00:00:000 para top(01)
Mensaje D / 00:02:16:000 / p5(06) / 00:00:00:000 para top(01)
Mensaje D / 00:02:16:000 / p1(02) / 00:00:00:000 para top(01)
Mensaje D / 00:02:16:000 / p3(04) / 00:00:00:000 para top(01)
Mensaje D / 00:02:16:000 / p1(02) / 00:00:00:000 para top(01)
Mensaje D / 00:02:16:000 / p3(04) / 00:00:00:000 para top(01)
Mensaje D / 00:02:16:000 / top(01) / 00:00:00:000 para Root(00)
Mensaje * / 00:02:16:000 / Root(00) para top(01)
Mensaje * / 00:02:16:000 / top(01) para p1(02)
Mensaje Y / 00:02:16:000 / p1(02) / out /   2000.000 para top(01)
Mensaje D / 00:02:16:000 / p1(02) / ... para top(01)
Mensaje X / 00:02:16:000 / top(01) / in1 /   2000.000 para t1(08)
Mensaje D / 00:02:16:000 / t1(08) / ... para top(01)
Mensaje D / 00:02:16:000 / top(01) / 00:00:00:000 para Root(00)
Mensaje * / 00:02:16:000 / Root(00) para top(01)
Mensaje * / 00:02:16:000 / top(01) para p2(03)
Mensaje Y / 00:02:16:000 / p2(03) / out /   3001.000 para top(01)
Mensaje D / 00:02:16:000 / p2(03) / ... para top(01)
Mensaje X / 00:02:16:000 / top(01) / in1 /   3001.000 para t2(09)
Mensaje D / 00:02:16:000 / t2(09) / 00:00:04:000 para top(01)
Mensaje D / 00:02:16:000 / top(01) / 00:00:00:000 para Root(00)
Mensaje * / 00:02:16:000 / Root(00) para top(01)
Mensaje * / 00:02:16:000 / top(01) para p3(04)
Mensaje Y / 00:02:16:000 / p3(04) / out /   4002.000 para top(01)
Mensaje D / 00:02:16:000 / p3(04) / ... para top(01)
Mensaje X / 00:02:16:000 / top(01) / in1 /   4002.000 para t1(08)
Mensaje D / 00:02:16:000 / t1(08) / ... para top(01)
Mensaje D / 00:02:16:000 / top(01) / 00:00:00:000 para Root(00)
Mensaje * / 00:02:16:000 / Root(00) para top(01)
Mensaje * / 00:02:16:000 / top(01) para p5(06)
Mensaje Y / 00:02:16:000 / p5(06) / out /   6001.000 para top(01)
Mensaje D / 00:02:16:000 / p5(06) / ... para top(01)
Mensaje X / 00:02:16:000 / top(01) / in1 /   6001.000 para t4(11)
Mensaje D / 00:02:16:000 / t4(11) / 00:00:38:000 para top(01)
Mensaje D / 00:02:16:000 / top(01) / 00:00:04:000 para Root(00)
Mensaje * / 00:02:20:000 / Root(00) para top(01)
Mensaje * / 00:02:20:000 / top(01) para t2(09)
Mensaje Y / 00:02:20:000 / t2(09) / out1 /      1.000 para top(01)
Mensaje Y / 00:02:20:000 / t2(09) / out2 /      2.000 para top(01)
Mensaje Y / 00:02:20:000 / t2(09) / out3 /      3.000 para top(01)
Mensaje Y / 00:02:20:000 / t2(09) / out4 /      4.000 para top(01)
Mensaje Y / 00:02:20:000 / t2(09) / fired /   3001.000 para top(01)
Mensaje D / 00:02:20:000 / t2(09) / ... para top(01)
Mensaje X / 00:02:20:000 / top(01) / in /      1.000 para p1(02)
Mensaje X / 00:02:20:000 / top(01) / in /   3001.000 para p2(03)
Mensaje D / 00:02:20:000 / p1(02) / 00:00:00:000 para top(01)
Mensaje D / 00:02:20:000 / p2(03) / 00:00:00:000 para top(01)
Mensaje D / 00:02:20:000 / top(01) / 00:00:00:000 para Root(00)
Mensaje * / 00:02:20:000 / Root(00) para top(01)
Mensaje * / 00:02:20:000 / top(01) para p1(02)
Mensaje Y / 00:02:20:000 / p1(02) / out /   2001.000 para top(01)
Mensaje D / 00:02:20:000 / p1(02) / ... para top(01)
Mensaje X / 00:02:20:000 / top(01) / in1 /   2001.000 para t1(08)
Mensaje D / 00:02:20:000 / t1(08) / 00:00:56:000 para top(01)
Mensaje D / 00:02:20:000 / top(01) / 00:00:00:000 para Root(00)
Mensaje * / 00:02:20:000 / Root(00) para top(01)
Mensaje * / 00:02:20:000 / top(01) para p2(03)
Mensaje Y / 00:02:20:000 / p2(03) / out /   3000.000 para top(01)
Mensaje D / 00:02:20:000 / p2(03) / ... para top(01)
Mensaje X / 00:02:20:000 / top(01) / in1 /   3000.000 para t2(09)
Mensaje D / 00:02:20:000 / t2(09) / ... para top(01)
Mensaje D / 00:02:20:000 / top(01) / 00:00:04:000 para Root(00)
Mensaje * / 00:02:24:000 / Root(00) para top(01)
Mensaje * / 00:02:24:000 / top(01) para t3(10)
Mensaje Y / 00:02:24:000 / t3(10) / out1 /      1.000 para top(01)
Mensaje Y / 00:02:24:000 / t3(10) / out2 /      2.000 para top(01)
Mensaje Y / 00:02:24:000 / t3(10) / out3 /      3.000 para top(01)
Mensaje Y / 00:02:24:000 / t3(10) / out4 /      4.000 para top(01)
Mensaje Y / 00:02:24:000 / t3(10) / fired /   5001.000 para top(01)
Mensaje D / 00:02:24:000 / t3(10) / ... para top(01)
Mensaje X / 00:02:24:000 / top(01) / in /      1.000 para p3(04)
Mensaje X / 00:02:24:000 / top(01) / in /   5001.000 para p4(05)
Mensaje D / 00:02:24:000 / p3(04) / 00:00:00:000 para top(01)
Mensaje D / 00:02:24:000 / p4(05) / 00:00:00:000 para top(01)
Mensaje D / 00:02:24:000 / top(01) / 00:00:00:000 para Root(00)
Mensaje * / 00:02:24:000 / Root(00) para top(01)
Mensaje * / 00:02:24:000 / top(01) para p3(04)
Mensaje Y / 00:02:24:000 / p3(04) / out /   4003.000 para top(01)
Mensaje D / 00:02:24:000 / p3(04) / ... para top(01)
Mensaje X / 00:02:24:000 / top(01) / in1 /   4003.000 para t1(08)
Mensaje D / 00:02:24:000 / t1(08) / 00:00:11:000 para top(01)
Mensaje D / 00:02:24:000 / top(01) / 00:00:00:000 para Root(00)
Mensaje * / 00:02:24:000 / Root(00) para top(01)
Mensaje * / 00:02:24:000 / top(01) para p4(05)
Mensaje Y / 00:02:24:000 / p4(05) / out /   5005.000 para top(01)
Mensaje D / 00:02:24:000 / p4(05) / ... para top(01)
Mensaje X / 00:02:24:000 / top(01) / in1 /   5005.000 para t3(10)
Mensaje D / 00:02:24:000 / t3(10) / 00:00:37:000 para top(01)
Mensaje D / 00:02:24:000 / top(01) / 00:00:11:000 para Root(00)
Mensaje * / 00:02:35:000 / Root(00) para top(01)
Mensaje * / 00:02:35:000 / top(01) para t1(08)
Mensaje Y / 00:02:35:000 / t1(08) / out1 /      1.000 para top(01)
Mensaje Y / 00:02:35:000 / t1(08) / out2 /      2.000 para top(01)
Mensaje Y / 00:02:35:000 / t1(08) / out3 /      3.000 para top(01)
Mensaje Y / 00:02:35:000 / t1(08) / out4 /      4.000 para top(01)
Mensaje Y / 00:02:35:000 / t1(08) / fired /   2001.000 para top(01)
Mensaje Y / 00:02:35:000 / t1(08) / fired /   4001.000 para top(01)
Mensaje D / 00:02:35:000 / t1(08) / ... para top(01)
Mensaje X / 00:02:35:000 / top(01) / in /      1.000 para p2(03)
Mensaje X / 00:02:35:000 / top(01) / in /      1.000 para p5(06)
Mensaje X / 00:02:35:000 / top(01) / in /   2001.000 para p1(02)
Mensaje X / 00:02:35:000 / top(01) / in /   2001.000 para p3(04)
Mensaje X / 00:02:35:000 / top(01) / in /   4001.000 para p1(02)
Mensaje X / 00:02:35:000 / top(01) / in /   4001.000 para p3(04)
Mensaje D / 00:02:35:000 / p2(03) / 00:00:00:000 para top(01)
Mensaje D / 00:02:35:000 / p5(06) / 00:00:00:000 para top(01)
Mensaje D / 00:02:35:000 / p1(02) / 00:00:00:000 para top(01)
Mensaje D / 00:02:35:000 / p3(04) / 00:00:00:000 para top(01)
Mensaje D / 00:02:35:000 / p1(02) / 00:00:00:000 para top(01)
Mensaje D / 00:02:35:000 / p3(04) / 00:00:00:000 para top(01)
Mensaje D / 00:02:35:000 / top(01) / 00:00:00:000 para Root(00)
Mensaje * / 00:02:35:000 / Root(00) para top(01)
Mensaje * / 00:02:35:000 / top(01) para p1(02)
Mensaje Y / 00:02:35:000 / p1(02) / out /   2000.000 para top(01)
Mensaje D / 00:02:35:000 / p1(02) / ... para top(01)
Mensaje X / 00:02:35:000 / top(01) / in1 /   2000.000 para t1(08)
Mensaje D / 00:02:35:000 / t1(08) / ... para top(01)
Mensaje D / 00:02:35:000 / top(01) / 00:00:00:000 para Root(00)
Mensaje * / 00:02:35:000 / Root(00) para top(01)
Mensaje * / 00:02:35:000 / top(01) para p2(03)
Mensaje Y / 00:02:35:000 / p2(03) / out /   3001.000 para top(01)
Mensaje D / 00:02:35:000 / p2(03) / ... para top(01)
Mensaje X / 00:02:35:000 / top(01) / in1 /   3001.000 para t2(09)
Mensaje D / 00:02:35:000 / t2(09) / 00:00:18:000 para top(01)
Mensaje D / 00:02:35:000 / top(01) / 00:00:00:000 para Root(00)
Mensaje * / 00:02:35:000 / Root(00) para top(01)
Mensaje * / 00:02:35:000 / top(01) para p3(04)
Mensaje Y / 00:02:35:000 / p3(04) / out /   4002.000 para top(01)
Mensaje D / 00:02:35:000 / p3(04) / ... para top(01)
Mensaje X / 00:02:35:000 / top(01) / in1 /   4002.000 para t1(08)
Mensaje D / 00:02:35:000 / t1(08) / ... para top(01)
Mensaje D / 00:02:35:000 / top(01) / 00:00:00:000 para Root(00)
Mensaje * / 00:02:35:000 / Root(00) para top(01)
Mensaje * / 00:02:35:000 / top(01) para p5(06)
Mensaje Y / 00:02:35:000 / p5(06) / out /   6002.000 para top(01)
Mensaje D / 00:02:35:000 / p5(06) / ... para top(01)
Mensaje X / 00:02:35:000 / top(01) / in1 /   6002.000 para t4(11)
Mensaje D / 00:02:35:000 / t4(11) / 00:00:05:000 para top(01)
Mensaje D / 00:02:35:000 / top(01) / 00:00:05:000 para Root(00)
Mensaje * / 00:02:40:000 / Root(00) para top(01)
Mensaje * / 00:02:40:000 / top(01) para t4(11)
Mensaje Y / 00:02:40:000 / t4(11) / out1 /      1.000 para top(01)
Mensaje Y / 00:02:40:000 / t4(11) / out2 /      2.000 para top(01)
Mensaje Y / 00:02:40:000 / t4(11) / out3 /      3.000 para top(01)
Mensaje Y / 00:02:40:000 / t4(11) / out4 /      4.000 para top(01)
Mensaje Y / 00:02:40:000 / t4(11) / fired /   6001.000 para top(01)
Mensaje D / 00:02:40:000 / t4(11) / ... para top(01)
Mensaje X / 00:02:40:000 / top(01) / in /      1.000 para p6(07)
Mensaje X / 00:02:40:000 / top(01) / in /   6001.000 para p5(06)
Mensaje D / 00:02:40:000 / p6(07) / 00:00:00:000 para top(01)
Mensaje D / 00:02:40:000 / p5(06) / 00:00:00:000 para top(01)
Mensaje D / 00:02:40:000 / top(01) / 00:00:00:000 para Root(00)
Mensaje * / 00:02:40:000 / Root(00) para top(01)
Mensaje * / 00:02:40:000 / top(01) para p5(06)
Mensaje Y / 00:02:40:000 / p5(06) / out /   6001.000 para top(01)
Mensaje D / 00:02:40:000 / p5(06) / ... para top(01)
Mensaje X / 00:02:40:000 / top(01) / in1 /   6001.000 para t4(11)
Mensaje D / 00:02:40:000 / t4(11) / 00:00:03:000 para top(01)
Mensaje D / 00:02:40:000 / top(01) / 00:00:00:000 para Root(00)
Mensaje * / 00:02:40:000 / Root(00) para top(01)
Mensaje * / 00:02:40:000 / top(01) para p6(07)
Mensaje Y / 00:02:40:000 / p6(07) / out /   7002.000 para top(01)
Mensaje D / 00:02:40:000 / p6(07) / ... para top(01)
Mensaje D / 00:02:40:000 / top(01) / 00:00:03:000 para Root(00)
Mensaje * / 00:02:43:000 / Root(00) para top(01)
Mensaje * / 00:02:43:000 / top(01) para t4(11)
Mensaje Y / 00:02:43:000 / t4(11) / out1 /      1.000 para top(01)
Mensaje Y / 00:02:43:000 / t4(11) / out2 /      2.000 para top(01)
Mensaje Y / 00:02:43:000 / t4(11) / out3 /      3.000 para top(01)
Mensaje Y / 00:02:43:000 / t4(11) / out4 /      4.000 para top(01)
Mensaje Y / 00:02:43:000 / t4(11) / fired /   6001.000 para top(01)
Mensaje D / 00:02:43:000 / t4(11) / ... para top(01)
Mensaje X / 00:02:43:000 / top(01) / in /      1.000 para p6(07)
Mensaje X / 00:02:43:000 / top(01) / in /   6001.000 para p5(06)
Mensaje D / 00:02:43:000 / p6(07) / 00:00:00:000 para top(01)
Mensaje D / 00:02:43:000 / p5(06) / 00:00:00:000 para top(01)
Mensaje D / 00:02:43:000 / top(01) / 00:00:00:000 para Root(00)
Mensaje * / 00:02:43:000 / Root(00) para top(01)
Mensaje * / 00:02:43:000 / top(01) para p5(06)
Mensaje Y / 00:02:43:000 / p5(06) / out /   6000.000 para top(01)
Mensaje D / 00:02:43:000 / p5(06) / ... para top(01)
Mensaje X / 00:02:43:000 / top(01) / in1 /   6000.000 para t4(11)
Mensaje D / 00:02:43:000 / t4(11) / ... para top(01)
Mensaje D / 00:02:43:000 / top(01) / 00:00:00:000 para Root(00)
Mensaje * / 00:02:43:000 / Root(00) para top(01)
Mensaje * / 00:02:43:000 / top(01) para p6(07)
Mensaje Y / 00:02:43:000 / p6(07) / out /   7003.000 para top(01)
Mensaje D / 00:02:43:000 / p6(07) / ... para top(01)
Mensaje D / 00:02:43:000 / top(01) / 00:00:10:000 para Root(00)
Mensaje * / 00:02:53:000 / Root(00) para top(01)
Mensaje * / 00:02:53:000 / top(01) para t2(09)
Mensaje Y / 00:02:53:000 / t2(09) / out1 /      1.000 para top(01)
Mensaje Y / 00:02:53:000 / t2(09) / out2 /      2.000 para top(01)
Mensaje Y / 00:02:53:000 / t2(09) / out3 /      3.000 para top(01)
Mensaje Y / 00:02:53:000 / t2(09) / out4 /      4.000 para top(01)
Mensaje Y / 00:02:53:000 / t2(09) / fired /   3001.000 para top(01)
Mensaje D / 00:02:53:000 / t2(09) / ... para top(01)
Mensaje X / 00:02:53:000 / top(01) / in /      1.000 para p1(02)
Mensaje X / 00:02:53:000 / top(01) / in /   3001.000 para p2(03)
Mensaje D / 00:02:53:000 / p1(02) / 00:00:00:000 para top(01)
Mensaje D / 00:02:53:000 / p2(03) / 00:00:00:000 para top(01)
Mensaje D / 00:02:53:000 / top(01) / 00:00:00:000 para Root(00)
Mensaje * / 00:02:53:000 / Root(00) para top(01)
Mensaje * / 00:02:53:000 / top(01) para p1(02)
Mensaje Y / 00:02:53:000 / p1(02) / out /   2001.000 para top(01)
Mensaje D / 00:02:53:000 / p1(02) / ... para top(01)
Mensaje X / 00:02:53:000 / top(01) / in1 /   2001.000 para t1(08)
Mensaje D / 00:02:53:000 / t1(08) / 00:00:32:000 para top(01)
Mensaje D / 00:02:53:000 / top(01) / 00:00:00:000 para Root(00)
Mensaje * / 00:02:53:000 / Root(00) para top(01)
Mensaje * / 00:02:53:000 / top(01) para p2(03)
Mensaje Y / 00:02:53:000 / p2(03) / out /   3000.000 para top(01)
Mensaje D / 00:02:53:000 / p2(03) / ... para top(01)
Mensaje X / 00:02:53:000 / top(01) / in1 /   3000.000 para t2(09)
Mensaje D / 00:02:53:000 / t2(09) / ... para top(01)
Mensaje D / 00:02:53:000 / top(01) / 00:00:08:000 para Root(00)
Mensaje * / 00:03:01:000 / Root(00) para top(01)
Mensaje * / 00:03:01:000 / top(01) para t3(10)
Mensaje Y / 00:03:01:000 / t3(10) / out1 /      1.000 para top(01)
Mensaje Y / 00:03:01:000 / t3(10) / out2 /      2.000 para top(01)
Mensaje Y / 00:03:01:000 / t3(10) / out3 /      3.000 para top(01)
Mensaje Y / 00:03:01:000 / t3(10) / out4 /      4.000 para top(01)
Mensaje Y / 00:03:01:000 / t3(10) / fired /   5001.000 para top(01)
Mensaje D / 00:03:01:000 / t3(10) / ... para top(01)
Mensaje X / 00:03:01:000 / top(01) / in /      1.000 para p3(04)
Mensaje X / 00:03:01:000 / top(01) / in /   5001.000 para p4(05)
Mensaje D / 00:03:01:000 / p3(04) / 00:00:00:000 para top(01)
Mensaje D / 00:03:01:000 / p4(05) / 00:00:00:000 para top(01)
Mensaje D / 00:03:01:000 / top(01) / 00:00:00:000 para Root(00)
Mensaje * / 00:03:01:000 / Root(00) para top(01)
Mensaje * / 00:03:01:000 / top(01) para p3(04)
Mensaje Y / 00:03:01:000 / p3(04) / out /   4003.000 para top(01)
Mensaje D / 00:03:01:000 / p3(04) / ... para top(01)
Mensaje X / 00:03:01:000 / top(01) / in1 /   4003.000 para t1(08)
Mensaje D / 00:03:01:000 / t1(08) / 00:00:35:000 para top(01)
Mensaje D / 00:03:01:000 / top(01) / 00:00:00:000 para Root(00)
Mensaje * / 00:03:01:000 / Root(00) para top(01)
Mensaje * / 00:03:01:000 / top(01) para p4(05)
Mensaje Y / 00:03:01:000 / p4(05) / out /   5004.000 para top(01)
Mensaje D / 00:03:01:000 / p4(05) / ... para top(01)
Mensaje X / 00:03:01:000 / top(01) / in1 /   5004.000 para t3(10)
Mensaje D / 00:03:01:000 / t3(10) / 00:00:08:000 para top(01)
Mensaje D / 00:03:01:000 / top(01) / 00:00:08:000 para Root(00)
Mensaje * / 00:03:09:000 / Root(00) para top(01)
Mensaje * / 00:03:09:000 / top(01) para t3(10)
Mensaje Y / 00:03:09:000 / t3(10) / out1 /      1.000 para top(01)
Mensaje Y / 00:03:09:000 / t3(10) / out2 /      2.000 para top(01)
Mensaje Y / 00:03:09:000 / t3(10) / out3 /      3.000 para top(01)
Mensaje Y / 00:03:09:000 / t3(10) / out4 /      4.000 para top(01)
Mensaje Y / 00:03:09:000 / t3(10) / fired /   5001.000 para top(01)
Mensaje D / 00:03:09:000 / t3(10) / ... para top(01)
Mensaje X / 00:03:09:000 / top(01) / in /      1.000 para p3(04)
Mensaje X / 00:03:09:000 / top(01) / in /   5001.000 para p4(05)
Mensaje D / 00:03:09:000 / p3(04) / 00:00:00:000 para top(01)
Mensaje D / 00:03:09:000 / p4(05) / 00:00:00:000 para top(01)
Mensaje D / 00:03:09:000 / top(01) / 00:00:00:000 para Root(00)
Mensaje * / 00:03:09:000 / Root(00) para top(01)
Mensaje * / 00:03:09:000 / top(01) para p3(04)
Mensaje Y / 00:03:09:000 / p3(04) / out /   4004.000 para top(01)
Mensaje D / 00:03:09:000 / p3(04) / ... para top(01)
Mensaje X / 00:03:09:000 / top(01) / in1 /   4004.000 para t1(08)
Mensaje D / 00:03:09:000 / t1(08) / 00:00:58:000 para top(01)
Mensaje D / 00:03:09:000 / top(01) / 00:00:00:000 para Root(00)
Mensaje * / 00:03:09:000 / Root(00) para top(01)
Mensaje * / 00:03:09:000 / top(01) para p4(05)
Mensaje Y / 00:03:09:000 / p4(05) / out /   5003.000 para top(01)
Mensaje D / 00:03:09:000 / p4(05) / ... para top(01)
Mensaje X / 00:03:09:000 / top(01) / in1 /   5003.000 para t3(10)
Mensaje D / 00:03:09:000 / t3(10) / 00:00:44:000 para top(01)
Mensaje D / 00:03:09:000 / top(01) / 00:00:44:000 para Root(00)
Mensaje * / 00:03:53:000 / Root(00) para top(01)
Mensaje * / 00:03:53:000 / top(01) para t3(10)
Mensaje Y / 00:03:53:000 / t3(10) / out1 /      1.000 para top(01)
Mensaje Y / 00:03:53:000 / t3(10) / out2 /      2.000 para top(01)
Mensaje Y / 00:03:53:000 / t3(10) / out3 /      3.000 para top(01)
Mensaje Y / 00:03:53:000 / t3(10) / out4 /      4.000 para top(01)
Mensaje Y / 00:03:53:000 / t3(10) / fired /   5001.000 para top(01)
Mensaje D / 00:03:53:000 / t3(10) / ... para top(01)
Mensaje X / 00:03:53:000 / top(01) / in /      1.000 para p3(04)
Mensaje X / 00:03:53:000 / top(01) / in /   5001.000 para p4(05)
Mensaje D / 00:03:53:000 / p3(04) / 00:00:00:000 para top(01)
Mensaje D / 00:03:53:000 / p4(05) / 00:00:00:000 para top(01)
Mensaje D / 00:03:53:000 / top(01) / 00:00:00:000 para Root(00)
Mensaje * / 00:03:53:000 / Root(00) para top(01)
Mensaje * / 00:03:53:000 / top(01) para p3(04)
Mensaje Y / 00:03:53:000 / p3(04) / out /   4005.000 para top(01)
Mensaje D / 00:03:53:000 / p3(04) / ... para top(01)
Mensaje X / 00:03:53:000 / top(01) / in1 /   4005.000 para t1(08)
Mensaje D / 00:03:53:000 / t1(08) / 00:00:30:000 para top(01)
Mensaje D / 00:03:53:000 / top(01) / 00:00:00:000 para Root(00)
Mensaje * / 00:03:53:000 / Root(00) para top(01)
Mensaje * / 00:03:53:000 / top(01) para p4(05)
Mensaje Y / 00:03:53:000 / p4(05) / out /   5002.000 para top(01)
Mensaje D / 00:03:53:000 / p4(05) / ... para top(01)
Mensaje X / 00:03:53:000 / top(01) / in1 /   5002.000 para t3(10)
Mensaje D / 00:03:53:000 / t3(10) / 00:00:05:000 para top(01)
Mensaje D / 00:03:53:000 / top(01) / 00:00:05:000 para Root(00)
Mensaje * / 00:03:58:000 / Root(00) para top(01)
Mensaje * / 00:03:58:000 / top(01) para t3(10)
Mensaje Y / 00:03:58:000 / t3(10) / out1 /      1.000 para top(01)
Mensaje Y / 00:03:58:000 / t3(10) / out2 /      2.000 para top(01)
Mensaje Y / 00:03:58:000 / t3(10) / out3 /      3.000 para top(01)
Mensaje Y / 00:03:58:000 / t3(10) / out4 /      4.000 para top(01)
Mensaje Y / 00:03:58:000 / t3(10) / fired /   5001.000 para top(01)
Mensaje D / 00:03:58:000 / t3(10) / ... para top(01)
Mensaje X / 00:03:58:000 / top(01) / in /      1.000 para p3(04)
Mensaje X / 00:03:58:000 / top(01) / in /   5001.000 para p4(05)
Mensaje D / 00:03:58:000 / p3(04) / 00:00:00:000 para top(01)
Mensaje D / 00:03:58:000 / p4(05) / 00:00:00:000 para top(01)
Mensaje D / 00:03:58:000 / top(01) / 00:00:00:000 para Root(00)
Mensaje * / 00:03:58:000 / Root(00) para top(01)
Mensaje * / 00:03:58:000 / top(01) para p3(04)
Mensaje Y / 00:03:58:000 / p3(04) / out /   4006.000 para top(01)
Mensaje D / 00:03:58:000 / p3(04) / ... para top(01)
Mensaje X / 00:03:58:000 / top(01) / in1 /   4006.000 para t1(08)
Mensaje D / 00:03:58:000 / t1(08) / 00:00:21:000 para top(01)
Mensaje D / 00:03:58:000 / top(01) / 00:00:00:000 para Root(00)
Mensaje * / 00:03:58:000 / Root(00) para top(01)
Mensaje * / 00:03:58:000 / top(01) para p4(05)
Mensaje Y / 00:03:58:000 / p4(05) / out /   5001.000 para top(01)
Mensaje D / 00:03:58:000 / p4(05) / ... para top(01)
Mensaje X / 00:03:58:000 / top(01) / in1 /   5001.000 para t3(10)
Mensaje D / 00:03:58:000 / t3(10) / 00:00:39:000 para top(01)
Mensaje D / 00:03:58:000 / top(01) / 00:00:21:000 para Root(00)
Mensaje * / 00:04:19:000 / Root(00) para top(01)
Mensaje * / 00:04:19:000 / top(01) para t1(08)
Mensaje Y / 00:04:19:000 / t1(08) / out1 /      1.000 para top(01)
Mensaje Y / 00:04:19:000 / t1(08) / out2 /      2.000 para top(01)
Mensaje Y / 00:04:19:000 / t1(08) / out3 /      3.000 para top(01)
Mensaje Y / 00:04:19:000 / t1(08) / out4 /      4.000 para top(01)
Mensaje Y / 00:04:19:000 / t1(08) / fired /   2001.000 para top(01)
Mensaje Y / 00:04:19:000 / t1(08) / fired /   4001.000 para top(01)
Mensaje D / 00:04:19:000 / t1(08) / ... para top(01)
Mensaje X / 00:04:19:000 / top(01) / in /      1.000 para p2(03)
Mensaje X / 00:04:19:000 / top(01) / in /      1.000 para p5(06)
Mensaje X / 00:04:19:000 / top(01) / in /   2001.000 para p1(02)
Mensaje X / 00:04:19:000 / top(01) / in /   2001.000 para p3(04)
Mensaje X / 00:04:19:000 / top(01) / in /   4001.000 para p1(02)
Mensaje X / 00:04:19:000 / top(01) / in /   4001.000 para p3(04)
Mensaje D / 00:04:19:000 / p2(03) / 00:00:00:000 para top(01)
Mensaje D / 00:04:19:000 / p5(06) / 00:00:00:000 para top(01)
Mensaje D / 00:04:19:000 / p1(02) / 00:00:00:000 para top(01)
Mensaje D / 00:04:19:000 / p3(04) / 00:00:00:000 para top(01)
Mensaje D / 00:04:19:000 / p1(02) / 00:00:00:000 para top(01)
Mensaje D / 00:04:19:000 / p3(04) / 00:00:00:000 para top(01)
Mensaje D / 00:04:19:000 / top(01) / 00:00:00:000 para Root(00)
Mensaje * / 00:04:19:000 / Root(00) para top(01)
Mensaje * / 00:04:19:000 / top(01) para p1(02)
Mensaje Y / 00:04:19:000 / p1(02) / out /   2000.000 para top(01)
Mensaje D / 00:04:19:000 / p1(02) / ... para top(01)
Mensaje X / 00:04:19:000 / top(01) / in1 /   2000.000 para t1(08)
Mensaje D / 00:04:19:000 / t1(08) / ... para top(01)
Mensaje D / 00:04:19:000 / top(01) / 00:00:00:000 para Root(00)
Mensaje * / 00:04:19:000 / Root(00) para top(01)
Mensaje * / 00:04:19:000 / top(01) para p2(03)
Mensaje Y / 00:04:19:000 / p2(03) / out /   3001.000 para top(01)
Mensaje D / 00:04:19:000 / p2(03) / ... para top(01)
Mensaje X / 00:04:19:000 / top(01) / in1 /   3001.000 para t2(09)
Mensaje D / 00:04:19:000 / t2(09) / 00:00:57:000 para top(01)
Mensaje D / 00:04:19:000 / top(01) / 00:00:00:000 para Root(00)
Mensaje * / 00:04:19:000 / Root(00) para top(01)
Mensaje * / 00:04:19:000 / top(01) para p3(04)
Mensaje Y / 00:04:19:000 / p3(04) / out /   4005.000 para top(01)
Mensaje D / 00:04:19:000 / p3(04) / ... para top(01)
Mensaje X / 00:04:19:000 / top(01) / in1 /   4005.000 para t1(08)
Mensaje D / 00:04:19:000 / t1(08) / ... para top(01)
Mensaje D / 00:04:19:000 / top(01) / 00:00:00:000 para Root(00)
Mensaje * / 00:04:19:000 / Root(00) para top(01)
Mensaje * / 00:04:19:000 / top(01) para p5(06)
Mensaje Y / 00:04:19:000 / p5(06) / out /   6001.000 para top(01)
Mensaje D / 00:04:19:000 / p5(06) / ... para top(01)
Mensaje X / 00:04:19:000 / top(01) / in1 /   6001.000 para t4(11)
Mensaje D / 00:04:19:000 / t4(11) / 00:00:43:000 para top(01)
Mensaje D / 00:04:19:000 / top(01) / 00:00:18:000 para Root(00)
Mensaje * / 00:04:37:000 / Root(00) para top(01)
Mensaje * / 00:04:37:000 / top(01) para t3(10)
Mensaje Y / 00:04:37:000 / t3(10) / out1 /      1.000 para top(01)
Mensaje Y / 00:04:37:000 / t3(10) / out2 /      2.000 para top(01)
Mensaje Y / 00:04:37:000 / t3(10) / out3 /      3.000 para top(01)
Mensaje Y / 00:04:37:000 / t3(10) / out4 /      4.000 para top(01)
Mensaje Y / 00:04:37:000 / t3(10) / fired /   5001.000 para top(01)
Mensaje D / 00:04:37:000 / t3(10) / ... para top(01)
Mensaje X / 00:04:37:000 / top(01) / in /      1.000 para p3(04)
Mensaje X / 00:04:37:000 / top(01) / in /   5001.000 para p4(05)
Mensaje D / 00:04:37:000 / p3(04) / 00:00:00:000 para top(01)
Mensaje D / 00:04:37:000 / p4(05) / 00:00:00:000 para top(01)
Mensaje D / 00:04:37:000 / top(01) / 00:00:00:000 para Root(00)
Mensaje * / 00:04:37:000 / Root(00) para top(01)
Mensaje * / 00:04:37:000 / top(01) para p3(04)
Mensaje Y / 00:04:37:000 / p3(04) / out /   4006.000 para top(01)
Mensaje D / 00:04:37:000 / p3(04) / ... para top(01)
Mensaje X / 00:04:37:000 / top(01) / in1 /   4006.000 para t1(08)
Mensaje D / 00:04:37:000 / t1(08) / ... para top(01)
Mensaje D / 00:04:37:000 / top(01) / 00:00:00:000 para Root(00)
Mensaje * / 00:04:37:000 / Root(00) para top(01)
Mensaje * / 00:04:37:000 / top(01) para p4(05)
Mensaje Y / 00:04:37:000 / p4(05) / out /   5000.000 para top(01)
Mensaje D / 00:04:37:000 / p4(05) / ... para top(01)
Mensaje X / 00:04:37:000 / top(01) / in1 /   5000.000 para t3(10)
Mensaje D / 00:04:37:000 / t3(10) / ... para top(01)
Mensaje D / 00:04:37:000 / top(01) / 00:00:25:000 para Root(00)
Mensaje * / 00:05:02:000 / Root(00) para top(01)
Mensaje * / 00:05:02:000 / top(01) para t4(11)
Mensaje Y / 00:05:02:000 / t4(11) / out1 /      1.000 para top(01)
Mensaje Y / 00:05:02:000 / t4(11) / out2 /      2.000 para top(01)
Mensaje Y / 00:05:02:000 / t4(11) / out3 /      3.000 para top(01)
Mensaje Y / 00:05:02:000 / t4(11) / out4 /      4.000 para top(01)
Mensaje Y / 00:05:02:000 / t4(11) / fired /   6001.000 para top(01)
Mensaje D / 00:05:02:000 / t4(11) / ... para top(01)
Mensaje X / 00:05:02:000 / top(01) / in /      1.000 para p6(07)
Mensaje X / 00:05:02:000 / top(01) / in /   6001.000 para p5(06)
Mensaje D / 00:05:02:000 / p6(07) / 00:00:00:000 para top(01)
Mensaje D / 00:05:02:000 / p5(06) / 00:00:00:000 para top(01)
Mensaje D / 00:05:02:000 / top(01) / 00:00:00:000 para Root(00)
Mensaje * / 00:05:02:000 / Root(00) para top(01)
Mensaje * / 00:05:02:000 / top(01) para p5(06)
Mensaje Y / 00:05:02:000 / p5(06) / out /   6000.000 para top(01)
Mensaje D / 00:05:02:000 / p5(06) / ... para top(01)
Mensaje X / 00:05:02:000 / top(01) / in1 /   6000.000 para t4(11)
Mensaje D / 00:05:02:000 / t4(11) / ... para top(01)
Mensaje D / 00:05:02:000 / top(01) / 00:00:00:000 para Root(00)
Mensaje * / 00:05:02:000 / Root(00) para top(01)
Mensaje * / 00:05:02:000 / top(01) para p6(07)
Mensaje Y / 00:05:02:000 / p6(07) / out /   7004.000 para top(01)
Mensaje D / 00:05:02:000 / p6(07) / ... para top(01)
Mensaje D / 00:05:02:000 / top(01) / 00:00:14:000 para Root(00)
Mensaje * / 00:05:16:000 / Root(00) para top(01)
Mensaje * / 00:05:16:000 / top(01) para t2(09)
Mensaje Y / 00:05:16:000 / t2(09) / out1 /      1.000 para top(01)
Mensaje Y / 00:05:16:000 / t2(09) / out2 /      2.000 para top(01)
Mensaje Y / 00:05:16:000 / t2(09) / out3 /      3.000 para top(01)
Mensaje Y / 00:05:16:000 / t2(09) / out4 /      4.000 para top(01)
Mensaje Y / 00:05:16:000 / t2(09) / fired /   3001.000 para top(01)
Mensaje D / 00:05:16:000 / t2(09) / ... para top(01)
Mensaje X / 00:05:16:000 / top(01) / in /      1.000 para p1(02)
Mensaje X / 00:05:16:000 / top(01) / in /   3001.000 para p2(03)
Mensaje D / 00:05:16:000 / p1(02) / 00:00:00:000 para top(01)
Mensaje D / 00:05:16:000 / p2(03) / 00:00:00:000 para top(01)
Mensaje D / 00:05:16:000 / top(01) / 00:00:00:000 para Root(00)
Mensaje * / 00:05:16:000 / Root(00) para top(01)
Mensaje * / 00:05:16:000 / top(01) para p1(02)
Mensaje Y / 00:05:16:000 / p1(02) / out /   2001.000 para top(01)
Mensaje D / 00:05:16:000 / p1(02) / ... para top(01)
Mensaje X / 00:05:16:000 / top(01) / in1 /   2001.000 para t1(08)
Mensaje D / 00:05:16:000 / t1(08) / 00:00:27:000 para top(01)
Mensaje D / 00:05:16:000 / top(01) / 00:00:00:000 para Root(00)
Mensaje * / 00:05:16:000 / Root(00) para top(01)
Mensaje * / 00:05:16:000 / top(01) para p2(03)
Mensaje Y / 00:05:16:000 / p2(03) / out /   3000.000 para top(01)
Mensaje D / 00:05:16:000 / p2(03) / ... para top(01)
Mensaje X / 00:05:16:000 / top(01) / in1 /   3000.000 para t2(09)
Mensaje D / 00:05:16:000 / t2(09) / ... para top(01)
Mensaje D / 00:05:16:000 / top(01) / 00:00:27:000 para Root(00)
Mensaje * / 00:05:43:000 / Root(00) para top(01)
Mensaje * / 00:05:43:000 / top(01) para t1(08)
Mensaje Y / 00:05:43:000 / t1(08) / out1 /      1.000 para top(01)
Mensaje Y / 00:05:43:000 / t1(08) / out2 /      2.000 para top(01)
Mensaje Y / 00:05:43:000 / t1(08) / out3 /      3.000 para top(01)
Mensaje Y / 00:05:43:000 / t1(08) / out4 /      4.000 para top(01)
Mensaje Y / 00:05:43:000 / t1(08) / fired /   2001.000 para top(01)
Mensaje Y / 00:05:43:000 / t1(08) / fired /   4001.000 para top(01)
Mensaje D / 00:05:43:000 / t1(08) / ... para top(01)
Mensaje X / 00:05:43:000 / top(01) / in /      1.000 para p2(03)
Mensaje X / 00:05:43:000 / top(01) / in /      1.000 para p5(06)
Mensaje X / 00:05:43:000 / top(01) / in /   2001.000 para p1(02)
Mensaje X / 00:05:43:000 / top(01) / in /   2001.000 para p3(04)
Mensaje X / 00:05:43:000 / top(01) / in /   4001.000 para p1(02)
Mensaje X / 00:05:43:000 / top(01) / in /   4001.000 para p3(04)
Mensaje D / 00:05:43:000 / p2(03) / 00:00:00:000 para top(01)
Mensaje D / 00:05:43:000 / p5(06) / 00:00:00:000 para top(01)
Mensaje D / 00:05:43:000 / p1(02) / 00:00:00:000 para top(01)
Mensaje D / 00:05:43:000 / p3(04) / 00:00:00:000 para top(01)
Mensaje D / 00:05:43:000 / p1(02) / 00:00:00:000 para top(01)
Mensaje D / 00:05:43:000 / p3(04) / 00:00:00:000 para top(01)
Mensaje D / 00:05:43:000 / top(01) / 00:00:00:000 para Root(00)
Mensaje * / 00:05:43:000 / Root(00) para top(01)
Mensaje * / 00:05:43:000 / top(01) para p1(02)
Mensaje Y / 00:05:43:000 / p1(02) / out /   2000.000 para top(01)
Mensaje D / 00:05:43:000 / p1(02) / ... para top(01)
Mensaje X / 00:05:43:000 / top(01) / in1 /   2000.000 para t1(08)
Mensaje D / 00:05:43:000 / t1(08) / ... para top(01)
Mensaje D / 00:05:43:000 / top(01) / 00:00:00:000 para Root(00)
Mensaje * / 00:05:43:000 / Root(00) para top(01)
Mensaje * / 00:05:43:000 / top(01) para p2(03)
Mensaje Y / 00:05:43:000 / p2(03) / out /   3001.000 para top(01)
Mensaje D / 00:05:43:000 / p2(03) / ... para top(01)
Mensaje X / 00:05:43:000 / top(01) / in1 /   3001.000 para t2(09)
Mensaje D / 00:05:43:000 / t2(09) / 00:00:49:000 para top(01)
Mensaje D / 00:05:43:000 / top(01) / 00:00:00:000 para Root(00)
Mensaje * / 00:05:43:000 / Root(00) para top(01)
Mensaje * / 00:05:43:000 / top(01) para p3(04)
Mensaje Y / 00:05:43:000 / p3(04) / out /   4005.000 para top(01)
Mensaje D / 00:05:43:000 / p3(04) / ... para top(01)
Mensaje X / 00:05:43:000 / top(01) / in1 /   4005.000 para t1(08)
Mensaje D / 00:05:43:000 / t1(08) / ... para top(01)
Mensaje D / 00:05:43:000 / top(01) / 00:00:00:000 para Root(00)
Mensaje * / 00:05:43:000 / Root(00) para top(01)
Mensaje * / 00:05:43:000 / top(01) para p5(06)
Mensaje Y / 00:05:43:000 / p5(06) / out /   6001.000 para top(01)
Mensaje D / 00:05:43:000 / p5(06) / ... para top(01)
Mensaje X / 00:05:43:000 / top(01) / in1 /   6001.000 para t4(11)
Mensaje D / 00:05:43:000 / t4(11) / 00:00:03:000 para top(01)
Mensaje D / 00:05:43:000 / top(01) / 00:00:03:000 para Root(00)
Mensaje * / 00:05:46:000 / Root(00) para top(01)
Mensaje * / 00:05:46:000 / top(01) para t4(11)
Mensaje Y / 00:05:46:000 / t4(11) / out1 /      1.000 para top(01)
Mensaje Y / 00:05:46:000 / t4(11) / out2 /      2.000 para top(01)
Mensaje Y / 00:05:46:000 / t4(11) / out3 /      3.000 para top(01)
Mensaje Y / 00:05:46:000 / t4(11) / out4 /      4.000 para top(01)
Mensaje Y / 00:05:46:000 / t4(11) / fired /   6001.000 para top(01)
Mensaje D / 00:05:46:000 / t4(11) / ... para top(01)
Mensaje X / 00:05:46:000 / top(01) / in /      1.000 para p6(07)
Mensaje X / 00:05:46:000 / top(01) / in /   6001.000 para p5(06)
Mensaje D / 00:05:46:000 / p6(07) / 00:00:00:000 para top(01)
Mensaje D / 00:05:46:000 / p5(06) / 00:00:00:000 para top(01)
Mensaje D / 00:05:46:000 / top(01) / 00:00:00:000 para Root(00)
Mensaje * / 00:05:46:000 / Root(00) para top(01)
Mensaje * / 00:05:46:000 / top(01) para p5(06)
Mensaje Y / 00:05:46:000 / p5(06) / out /   6000.000 para top(01)
Mensaje D / 00:05:46:000 / p5(06) / ... para top(01)
Mensaje X / 00:05:46:000 / top(01) / in1 /   6000.000 para t4(11)
Mensaje D / 00:05:46:000 / t4(11) / ... para top(01)
Mensaje D / 00:05:46:000 / top(01) / 00:00:00:000 para Root(00)
Mensaje * / 00:05:46:000 / Root(00) para top(01)
Mensaje * / 00:05:46:000 / top(01) para p6(07)
Mensaje Y / 00:05:46:000 / p6(07) / out /   7005.000 para top(01)
Mensaje D / 00:05:46:000 / p6(07) / ... para top(01)
Mensaje D / 00:05:46:000 / top(01) / 00:00:46:000 para Root(00)
Mensaje * / 00:06:32:000 / Root(00) para top(01)
Mensaje * / 00:06:32:000 / top(01) para t2(09)
Mensaje Y / 00:06:32:000 / t2(09) / out1 /      1.000 para top(01)
Mensaje Y / 00:06:32:000 / t2(09) / out2 /      2.000 para top(01)
Mensaje Y / 00:06:32:000 / t2(09) / out3 /      3.000 para top(01)
Mensaje Y / 00:06:32:000 / t2(09) / out4 /      4.000 para top(01)
Mensaje Y / 00:06:32:000 / t2(09) / fired /   3001.000 para top(01)
Mensaje D / 00:06:32:000 / t2(09) / ... para top(01)
Mensaje X / 00:06:32:000 / top(01) / in /      1.000 para p1(02)
Mensaje X / 00:06:32:000 / top(01) / in /   3001.000 para p2(03)
Mensaje D / 00:06:32:000 / p1(02) / 00:00:00:000 para top(01)
Mensaje D / 00:06:32:000 / p2(03) / 00:00:00:000 para top(01)
Mensaje D / 00:06:32:000 / top(01) / 00:00:00:000 para Root(00)
Mensaje * / 00:06:32:000 / Root(00) para top(01)
Mensaje * / 00:06:32:000 / top(01) para p1(02)
Mensaje Y / 00:06:32:000 / p1(02) / out /   2001.000 para top(01)
Mensaje D / 00:06:32:000 / p1(02) / ... para top(01)
Mensaje X / 00:06:32:000 / top(01) / in1 /   2001.000 para t1(08)
Mensaje D / 00:06:32:000 / t1(08) / 00:00:31:000 para top(01)
Mensaje D / 00:06:32:000 / top(01) / 00:00:00:000 para Root(00)
Mensaje * / 00:06:32:000 / Root(00) para top(01)
Mensaje * / 00:06:32:000 / top(01) para p2(03)
Mensaje Y / 00:06:32:000 / p2(03) / out /   3000.000 para top(01)
Mensaje D / 00:06:32:000 / p2(03) / ... para top(01)
Mensaje X / 00:06:32:000 / top(01) / in1 /   3000.000 para t2(09)
Mensaje D / 00:06:32:000 / t2(09) / ... para top(01)
Mensaje D / 00:06:32:000 / top(01) / 00:00:31:000 para Root(00)
Mensaje * / 00:07:03:000 / Root(00) para top(01)
Mensaje * / 00:07:03:000 / top(01) para t1(08)
Mensaje Y / 00:07:03:000 / t1(08) / out1 /      1.000 para top(01)
Mensaje Y / 00:07:03:000 / t1(08) / out2 /      2.000 para top(01)
Mensaje Y / 00:07:03:000 / t1(08) / out3 /      3.000 para top(01)
Mensaje Y / 00:07:03:000 / t1(08) / out4 /      4.000 para top(01)
Mensaje Y / 00:07:03:000 / t1(08) / fired /   2001.000 para top(01)
Mensaje Y / 00:07:03:000 / t1(08) / fired /   4001.000 para top(01)
Mensaje D / 00:07:03:000 / t1(08) / ... para top(01)
Mensaje X / 00:07:03:000 / top(01) / in /      1.000 para p2(03)
Mensaje X / 00:07:03:000 / top(01) / in /      1.000 para p5(06)
Mensaje X / 00:07:03:000 / top(01) / in /   2001.000 para p1(02)
Mensaje X / 00:07:03:000 / top(01) / in /   2001.000 para p3(04)
Mensaje X / 00:07:03:000 / top(01) / in /   4001.000 para p1(02)
Mensaje X / 00:07:03:000 / top(01) / in /   4001.000 para p3(04)
Mensaje D / 00:07:03:000 / p2(03) / 00:00:00:000 para top(01)
Mensaje D / 00:07:03:000 / p5(06) / 00:00:00:000 para top(01)
Mensaje D / 00:07:03:000 / p1(02) / 00:00:00:000 para top(01)
Mensaje D / 00:07:03:000 / p3(04) / 00:00:00:000 para top(01)
Mensaje D / 00:07:03:000 / p1(02) / 00:00:00:000 para top(01)
Mensaje D / 00:07:03:000 / p3(04) / 00:00:00:000 para top(01)
Mensaje D / 00:07:03:000 / top(01) / 00:00:00:000 para Root(00)
Mensaje * / 00:07:03:000 / Root(00) para top(01)
Mensaje * / 00:07:03:000 / top(01) para p1(02)
Mensaje Y / 00:07:03:000 / p1(02) / out /   2000.000 para top(01)
Mensaje D / 00:07:03:000 / p1(02) / ... para top(01)
Mensaje X / 00:07:03:000 / top(01) / in1 /   2000.000 para t1(08)
Mensaje D / 00:07:03:000 / t1(08) / ... para top(01)
Mensaje D / 00:07:03:000 / top(01) / 00:00:00:000 para Root(00)
Mensaje * / 00:07:03:000 / Root(00) para top(01)
Mensaje * / 00:07:03:000 / top(01) para p2(03)
Mensaje Y / 00:07:03:000 / p2(03) / out /   3001.000 para top(01)
Mensaje D / 00:07:03:000 / p2(03) / ... para top(01)
Mensaje X / 00:07:03:000 / top(01) / in1 /   3001.000 para t2(09)
Mensaje D / 00:07:03:000 / t2(09) / 00:00:18:000 para top(01)
Mensaje D / 00:07:03:000 / top(01) / 00:00:00:000 para Root(00)
Mensaje * / 00:07:03:000 / Root(00) para top(01)
Mensaje * / 00:07:03:000 / top(01) para p3(04)
Mensaje Y / 00:07:03:000 / p3(04) / out /   4004.000 para top(01)
Mensaje D / 00:07:03:000 / p3(04) / ... para top(01)
Mensaje X / 00:07:03:000 / top(01) / in1 /   4004.000 para t1(08)
Mensaje D / 00:07:03:000 / t1(08) / ... para top(01)
Mensaje D / 00:07:03:000 / top(01) / 00:00:00:000 para Root(00)
Mensaje * / 00:07:03:000 / Root(00) para top(01)
Mensaje * / 00:07:03:000 / top(01) para p5(06)
Mensaje Y / 00:07:03:000 / p5(06) / out /   6001.000 para top(01)
Mensaje D / 00:07:03:000 / p5(06) / ... para top(01)
Mensaje X / 00:07:03:000 / top(01) / in1 /   6001.000 para t4(11)
Mensaje D / 00:07:03:000 / t4(11) / 00:00:22:000 para top(01)
Mensaje D / 00:07:03:000 / top(01) / 00:00:18:000 para Root(00)
Mensaje * / 00:07:21:000 / Root(00) para top(01)
Mensaje * / 00:07:21:000 / top(01) para t2(09)
Mensaje Y / 00:07:21:000 / t2(09) / out1 /      1.000 para top(01)
Mensaje Y / 00:07:21:000 / t2(09) / out2 /      2.000 para top(01)
Mensaje Y / 00:07:21:000 / t2(09) / out3 /      3.000 para top(01)
Mensaje Y / 00:07:21:000 / t2(09) / out4 /      4.000 para top(01)
Mensaje Y / 00:07:21:000 / t2(09) / fired /   3001.000 para top(01)
Mensaje D / 00:07:21:000 / t2(09) / ... para top(01)
Mensaje X / 00:07:21:000 / top(01) / in /      1.000 para p1(02)
Mensaje X / 00:07:21:000 / top(01) / in /   3001.000 para p2(03)
Mensaje D / 00:07:21:000 / p1(02) / 00:00:00:000 para top(01)
Mensaje D / 00:07:21:000 / p2(03) / 00:00:00:000 para top(01)
Mensaje D / 00:07:21:000 / top(01) / 00:00:00:000 para Root(00)
Mensaje * / 00:07:21:000 / Root(00) para top(01)
Mensaje * / 00:07:21:000 / top(01) para p1(02)
Mensaje Y / 00:07:21:000 / p1(02) / out /   2001.000 para top(01)
Mensaje D / 00:07:21:000 / p1(02) / ... para top(01)
Mensaje X / 00:07:21:000 / top(01) / in1 /   2001.000 para t1(08)
Mensaje D / 00:07:21:000 / t1(08) / 00:00:48:000 para top(01)
Mensaje D / 00:07:21:000 / top(01) / 00:00:00:000 para Root(00)
Mensaje * / 00:07:21:000 / Root(00) para top(01)
Mensaje * / 00:07:21:000 / top(01) para p2(03)
Mensaje Y / 00:07:21:000 / p2(03) / out /   3000.000 para top(01)
Mensaje D / 00:07:21:000 / p2(03) / ... para top(01)
Mensaje X / 00:07:21:000 / top(01) / in1 /   3000.000 para t2(09)
Mensaje D / 00:07:21:000 / t2(09) / ... para top(01)
Mensaje D / 00:07:21:000 / top(01) / 00:00:04:000 para Root(00)
Mensaje * / 00:07:25:000 / Root(00) para top(01)
Mensaje * / 00:07:25:000 / top(01) para t4(11)
Mensaje Y / 00:07:25:000 / t4(11) / out1 /      1.000 para top(01)
Mensaje Y / 00:07:25:000 / t4(11) / out2 /      2.000 para top(01)
Mensaje Y / 00:07:25:000 / t4(11) / out3 /      3.000 para top(01)
Mensaje Y / 00:07:25:000 / t4(11) / out4 /      4.000 para top(01)
Mensaje Y / 00:07:25:000 / t4(11) / fired /   6001.000 para top(01)
Mensaje D / 00:07:25:000 / t4(11) / ... para top(01)
Mensaje X / 00:07:25:000 / top(01) / in /      1.000 para p6(07)
Mensaje X / 00:07:25:000 / top(01) / in /   6001.000 para p5(06)
Mensaje D / 00:07:25:000 / p6(07) / 00:00:00:000 para top(01)
Mensaje D / 00:07:25:000 / p5(06) / 00:00:00:000 para top(01)
Mensaje D / 00:07:25:000 / top(01) / 00:00:00:000 para Root(00)
Mensaje * / 00:07:25:000 / Root(00) para top(01)
Mensaje * / 00:07:25:000 / top(01) para p5(06)
Mensaje Y / 00:07:25:000 / p5(06) / out /   6000.000 para top(01)
Mensaje D / 00:07:25:000 / p5(06) / ... para top(01)
Mensaje X / 00:07:25:000 / top(01) / in1 /   6000.000 para t4(11)
Mensaje D / 00:07:25:000 / t4(11) / ... para top(01)
Mensaje D / 00:07:25:000 / top(01) / 00:00:00:000 para Root(00)
Mensaje * / 00:07:25:000 / Root(00) para top(01)
Mensaje * / 00:07:25:000 / top(01) para p6(07)
Mensaje Y / 00:07:25:000 / p6(07) / out /   7006.000 para top(01)
Mensaje D / 00:07:25:000 / p6(07) / ... para top(01)
Mensaje D / 00:07:25:000 / top(01) / 00:00:44:000 para Root(00)
Mensaje * / 00:08:09:000 / Root(00) para top(01)
Mensaje * / 00:08:09:000 / top(01) para t1(08)
Mensaje Y / 00:08:09:000 / t1(08) / out1 /      1.000 para top(01)
Mensaje Y / 00:08:09:000 / t1(08) / out2 /      2.000 para top(01)
Mensaje Y / 00:08:09:000 / t1(08) / out3 /      3.000 para top(01)
Mensaje Y / 00:08:09:000 / t1(08) / out4 /      4.000 para top(01)
Mensaje Y / 00:08:09:000 / t1(08) / fired /   2001.000 para top(01)
Mensaje Y / 00:08:09:000 / t1(08) / fired /   4001.000 para top(01)
Mensaje D / 00:08:09:000 / t1(08) / ... para top(01)
Mensaje X / 00:08:09:000 / top(01) / in /      1.000 para p2(03)
Mensaje X / 00:08:09:000 / top(01) / in /      1.000 para p5(06)
Mensaje X / 00:08:09:000 / top(01) / in /   2001.000 para p1(02)
Mensaje X / 00:08:09:000 / top(01) / in /   2001.000 para p3(04)
Mensaje X / 00:08:09:000 / top(01) / in /   4001.000 para p1(02)
Mensaje X / 00:08:09:000 / top(01) / in /   4001.000 para p3(04)
Mensaje D / 00:08:09:000 / p2(03) / 00:00:00:000 para top(01)
Mensaje D / 00:08:09:000 / p5(06) / 00:00:00:000 para top(01)
Mensaje D / 00:08:09:000 / p1(02) / 00:00:00:000 para top(01)
Mensaje D / 00:08:09:000 / p3(04) / 00:00:00:000 para top(01)
Mensaje D / 00:08:09:000 / p1(02) / 00:00:00:000 para top(01)
Mensaje D / 00:08:09:000 / p3(04) / 00:00:00:000 para top(01)
Mensaje D / 00:08:09:000 / top(01) / 00:00:00:000 para Root(00)
Mensaje * / 00:08:09:000 / Root(00) para top(01)
Mensaje * / 00:08:09:000 / top(01) para p1(02)
Mensaje Y / 00:08:09:000 / p1(02) / out /   2000.000 para top(01)
Mensaje D / 00:08:09:000 / p1(02) / ... para top(01)
Mensaje X / 00:08:09:000 / top(01) / in1 /   2000.000 para t1(08)
Mensaje D / 00:08:09:000 / t1(08) / ... para top(01)
Mensaje D / 00:08:09:000 / top(01) / 00:00:00:000 para Root(00)
Mensaje * / 00:08:09:000 / Root(00) para top(01)
Mensaje * / 00:08:09:000 / top(01) para p2(03)
Mensaje Y / 00:08:09:000 / p2(03) / out /   3001.000 para top(01)
Mensaje D / 00:08:09:000 / p2(03) / ... para top(01)
Mensaje X / 00:08:09:000 / top(01) / in1 /   3001.000 para t2(09)
Mensaje D / 00:08:09:000 / t2(09) / 00:00:34:000 para top(01)
Mensaje D / 00:08:09:000 / top(01) / 00:00:00:000 para Root(00)
Mensaje * / 00:08:09:000 / Root(00) para top(01)
Mensaje * / 00:08:09:000 / top(01) para p3(04)
Mensaje Y / 00:08:09:000 / p3(04) / out /   4003.000 para top(01)
Mensaje D / 00:08:09:000 / p3(04) / ... para top(01)
Mensaje X / 00:08:09:000 / top(01) / in1 /   4003.000 para t1(08)
Mensaje D / 00:08:09:000 / t1(08) / ... para top(01)
Mensaje D / 00:08:09:000 / top(01) / 00:00:00:000 para Root(00)
Mensaje * / 00:08:09:000 / Root(00) para top(01)
Mensaje * / 00:08:09:000 / top(01) para p5(06)
Mensaje Y / 00:08:09:000 / p5(06) / out /   6001.000 para top(01)
Mensaje D / 00:08:09:000 / p5(06) / ... para top(01)
Mensaje X / 00:08:09:000 / top(01) / in1 /   6001.000 para t4(11)
Mensaje D / 00:08:09:000 / t4(11) / 00:00:06:000 para top(01)
Mensaje D / 00:08:09:000 / top(01) / 00:00:06:000 para Root(00)
Mensaje * / 00:08:15:000 / Root(00) para top(01)
Mensaje * / 00:08:15:000 / top(01) para t4(11)
Mensaje Y / 00:08:15:000 / t4(11) / out1 /      1.000 para top(01)
Mensaje Y / 00:08:15:000 / t4(11) / out2 /      2.000 para top(01)
Mensaje Y / 00:08:15:000 / t4(11) / out3 /      3.000 para top(01)
Mensaje Y / 00:08:15:000 / t4(11) / out4 /      4.000 para top(01)
Mensaje Y / 00:08:15:000 / t4(11) / fired /   6001.000 para top(01)
Mensaje D / 00:08:15:000 / t4(11) / ... para top(01)
Mensaje X / 00:08:15:000 / top(01) / in /      1.000 para p6(07)
Mensaje X / 00:08:15:000 / top(01) / in /   6001.000 para p5(06)
Mensaje D / 00:08:15:000 / p6(07) / 00:00:00:000 para top(01)
Mensaje D / 00:08:15:000 / p5(06) / 00:00:00:000 para top(01)
Mensaje D / 00:08:15:000 / top(01) / 00:00:00:000 para Root(00)
Mensaje * / 00:08:15:000 / Root(00) para top(01)
Mensaje * / 00:08:15:000 / top(01) para p5(06)
Mensaje Y / 00:08:15:000 / p5(06) / out /   6000.000 para top(01)
Mensaje D / 00:08:15:000 / p5(06) / ... para top(01)
Mensaje X / 00:08:15:000 / top(01) / in1 /   6000.000 para t4(11)
Mensaje D / 00:08:15:000 / t4(11) / ... para top(01)
Mensaje D / 00:08:15:000 / top(01) / 00:00:00:000 para Root(00)
Mensaje * / 00:08:15:000 / Root(00) para top(01)
Mensaje * / 00:08:15:000 / top(01) para p6(07)
Mensaje Y / 00:08:15:000 / p6(07) / out /   7007.000 para top(01)
Mensaje D / 00:08:15:000 / p6(07) / ... para top(01)
Mensaje D / 00:08:15:000 / top(01) / 00:00:28:000 para Root(00)
Mensaje * / 00:08:43:000 / Root(00) para top(01)
Mensaje * / 00:08:43:000 / top(01) para t2(09)
Mensaje Y / 00:08:43:000 / t2(09) / out1 /      1.000 para top(01)
Mensaje Y / 00:08:43:000 / t2(09) / out2 /      2.000 para top(01)
Mensaje Y / 00:08:43:000 / t2(09) / out3 /      3.000 para top(01)
Mensaje Y / 00:08:43:000 / t2(09) / out4 /      4.000 para top(01)
Mensaje Y / 00:08:43:000 / t2(09) / fired /   3001.000 para top(01)
Mensaje D / 00:08:43:000 / t2(09) / ... para top(01)
Mensaje X / 00:08:43:000 / top(01) / in /      1.000 para p1(02)
Mensaje X / 00:08:43:000 / top(01) / in /   3001.000 para p2(03)
Mensaje D / 00:08:43:000 / p1(02) / 00:00:00:000 para top(01)
Mensaje D / 00:08:43:000 / p2(03) / 00:00:00:000 para top(01)
Mensaje D / 00:08:43:000 / top(01) / 00:00:00:000 para Root(00)
Mensaje * / 00:08:43:000 / Root(00) para top(01)
Mensaje * / 00:08:43:000 / top(01) para p1(02)
Mensaje Y / 00:08:43:000 / p1(02) / out /   2001.000 para top(01)
Mensaje D / 00:08:43:000 / p1(02) / ... para top(01)
Mensaje X / 00:08:43:000 / top(01) / in1 /   2001.000 para t1(08)
Mensaje D / 00:08:43:000 / t1(08) / 00:00:04:000 para top(01)
Mensaje D / 00:08:43:000 / top(01) / 00:00:00:000 para Root(00)
Mensaje * / 00:08:43:000 / Root(00) para top(01)
Mensaje * / 00:08:43:000 / top(01) para p2(03)
Mensaje Y / 00:08:43:000 / p2(03) / out /   3000.000 para top(01)
Mensaje D / 00:08:43:000 / p2(03) / ... para top(01)
Mensaje X / 00:08:43:000 / top(01) / in1 /   3000.000 para t2(09)
Mensaje D / 00:08:43:000 / t2(09) / ... para top(01)
Mensaje D / 00:08:43:000 / top(01) / 00:00:04:000 para Root(00)
Mensaje * / 00:08:47:000 / Root(00) para top(01)
Mensaje * / 00:08:47:000 / top(01) para t1(08)
Mensaje Y / 00:08:47:000 / t1(08) / out1 /      1.000 para top(01)
Mensaje Y / 00:08:47:000 / t1(08) / out2 /      2.000 para top(01)
Mensaje Y / 00:08:47:000 / t1(08) / out3 /      3.000 para top(01)
Mensaje Y / 00:08:47:000 / t1(08) / out4 /      4.000 para top(01)
Mensaje Y / 00:08:47:000 / t1(08) / fired /   2001.000 para top(01)
Mensaje Y / 00:08:47:000 / t1(08) / fired /   4001.000 para top(01)
Mensaje D / 00:08:47:000 / t1(08) / ... para top(01)
Mensaje X / 00:08:47:000 / top(01) / in /      1.000 para p2(03)
Mensaje X / 00:08:47:000 / top(01) / in /      1.000 para p5(06)
Mensaje X / 00:08:47:000 / top(01) / in /   2001.000 para p1(02)
Mensaje X / 00:08:47:000 / top(01) / in /   2001.000 para p3(04)
Mensaje X / 00:08:47:000 / top(01) / in /   4001.000 para p1(02)
Mensaje X / 00:08:47:000 / top(01) / in /   4001.000 para p3(04)
Mensaje D / 00:08:47:000 / p2(03) / 00:00:00:000 para top(01)
Mensaje D / 00:08:47:000 / p5(06) / 00:00:00:000 para top(01)
Mensaje D / 00:08:47:000 / p1(02) / 00:00:00:000 para top(01)
Mensaje D / 00:08:47:000 / p3(04) / 00:00:00:000 para top(01)
Mensaje D / 00:08:47:000 / p1(02) / 00:00:00:000 para top(01)
Mensaje D / 00:08:47:000 / p3(04) / 00:00:00:000 para top(01)
Mensaje D / 00:08:47:000 / top(01) / 00:00:00:000 para Root(00)
Mensaje * / 00:08:47:000 / Root(00) para top(01)
Mensaje * / 00:08:47:000 / top(01) para p1(02)
Mensaje Y / 00:08:47:000 / p1(02) / out /   2000.000 para top(01)
Mensaje D / 00:08:47:000 / p1(02) / ... para top(01)
Mensaje X / 00:08:47:000 / top(01) / in1 /   2000.000 para t1(08)
Mensaje D / 00:08:47:000 / t1(08) / ... para top(01)
Mensaje D / 00:08:47:000 / top(01) / 00:00:00:000 para Root(00)
Mensaje * / 00:08:47:000 / Root(00) para top(01)
Mensaje * / 00:08:47:000 / top(01) para p2(03)
Mensaje Y / 00:08:47:000 / p2(03) / out /   3001.000 para top(01)
Mensaje D / 00:08:47:000 / p2(03) / ... para top(01)
Mensaje X / 00:08:47:000 / top(01) / in1 /   3001.000 para t2(09)
Mensaje D / 00:08:47:000 / t2(09) / 00:00:48:000 para top(01)
Mensaje D / 00:08:47:000 / top(01) / 00:00:00:000 para Root(00)
Mensaje * / 00:08:47:000 / Root(00) para top(01)
Mensaje * / 00:08:47:000 / top(01) para p3(04)
Mensaje Y / 00:08:47:000 / p3(04) / out /   4002.000 para top(01)
Mensaje D / 00:08:47:000 / p3(04) / ... para top(01)
Mensaje X / 00:08:47:000 / top(01) / in1 /   4002.000 para t1(08)
Mensaje D / 00:08:47:000 / t1(08) / ... para top(01)
Mensaje D / 00:08:47:000 / top(01) / 00:00:00:000 para Root(00)
Mensaje * / 00:08:47:000 / Root(00) para top(01)
Mensaje * / 00:08:47:000 / top(01) para p5(06)
Mensaje Y / 00:08:47:000 / p5(06) / out /   6001.000 para top(01)
Mensaje D / 00:08:47:000 / p5(06) / ... para top(01)
Mensaje X / 00:08:47:000 / top(01) / in1 /   6001.000 para t4(11)
Mensaje D / 00:08:47:000 / t4(11) / 00:00:26:000 para top(01)
Mensaje D / 00:08:47:000 / top(01) / 00:00:26:000 para Root(00)
Mensaje * / 00:09:13:000 / Root(00) para top(01)
Mensaje * / 00:09:13:000 / top(01) para t4(11)
Mensaje Y / 00:09:13:000 / t4(11) / out1 /      1.000 para top(01)
Mensaje Y / 00:09:13:000 / t4(11) / out2 /      2.000 para top(01)
Mensaje Y / 00:09:13:000 / t4(11) / out3 /      3.000 para top(01)
Mensaje Y / 00:09:13:000 / t4(11) / out4 /      4.000 para top(01)
Mensaje Y / 00:09:13:000 / t4(11) / fired /   6001.000 para top(01)
Mensaje D / 00:09:13:000 / t4(11) / ... para top(01)
Mensaje X / 00:09:13:000 / top(01) / in /      1.000 para p6(07)
Mensaje X / 00:09:13:000 / top(01) / in /   6001.000 para p5(06)
Mensaje D / 00:09:13:000 / p6(07) / 00:00:00:000 para top(01)
Mensaje D / 00:09:13:000 / p5(06) / 00:00:00:000 para top(01)
Mensaje D / 00:09:13:000 / top(01) / 00:00:00:000 para Root(00)
Mensaje * / 00:09:13:000 / Root(00) para top(01)
Mensaje * / 00:09:13:000 / top(01) para p5(06)
Mensaje Y / 00:09:13:000 / p5(06) / out /   6000.000 para top(01)
Mensaje D / 00:09:13:000 / p5(06) / ... para top(01)
Mensaje X / 00:09:13:000 / top(01) / in1 /   6000.000 para t4(11)
Mensaje D / 00:09:13:000 / t4(11) / ... para top(01)
Mensaje D / 00:09:13:000 / top(01) / 00:00:00:000 para Root(00)
Mensaje * / 00:09:13:000 / Root(00) para top(01)
Mensaje * / 00:09:13:000 / top(01) para p6(07)
Mensaje Y / 00:09:13:000 / p6(07) / out /   7008.000 para top(01)
Mensaje D / 00:09:13:000 / p6(07) / ... para top(01)
Mensaje D / 00:09:13:000 / top(01) / 00:00:22:000 para Root(00)
Mensaje * / 00:09:35:000 / Root(00) para top(01)
Mensaje * / 00:09:35:000 / top(01) para t2(09)
Mensaje Y / 00:09:35:000 / t2(09) / out1 /      1.000 para top(01)
Mensaje Y / 00:09:35:000 / t2(09) / out2 /      2.000 para top(01)
Mensaje Y / 00:09:35:000 / t2(09) / out3 /      3.000 para top(01)
Mensaje Y / 00:09:35:000 / t2(09) / out4 /      4.000 para top(01)
Mensaje Y / 00:09:35:000 / t2(09) / fired /   3001.000 para top(01)
Mensaje D / 00:09:35:000 / t2(09) / ... para top(01)
Mensaje X / 00:09:35:000 / top(01) / in /      1.000 para p1(02)
Mensaje X / 00:09:35:000 / top(01) / in /   3001.000 para p2(03)
Mensaje D / 00:09:35:000 / p1(02) / 00:00:00:000 para top(01)
Mensaje D / 00:09:35:000 / p2(03) / 00:00:00:000 para top(01)
Mensaje D / 00:09:35:000 / top(01) / 00:00:00:000 para Root(00)
Mensaje * / 00:09:35:000 / Root(00) para top(01)
Mensaje * / 00:09:35:000 / top(01) para p1(02)
Mensaje Y / 00:09:35:000 / p1(02) / out /   2001.000 para top(01)
Mensaje D / 00:09:35:000 / p1(02) / ... para top(01)
Mensaje X / 00:09:35:000 / top(01) / in1 /   2001.000 para t1(08)
Mensaje D / 00:09:35:000 / t1(08) / 00:00:51:000 para top(01)
Mensaje D / 00:09:35:000 / top(01) / 00:00:00:000 para Root(00)
Mensaje * / 00:09:35:000 / Root(00) para top(01)
Mensaje * / 00:09:35:000 / top(01) para p2(03)
Mensaje Y / 00:09:35:000 / p2(03) / out /   3000.000 para top(01)
Mensaje D / 00:09:35:000 / p2(03) / ... para top(01)
Mensaje X / 00:09:35:000 / top(01) / in1 /   3000.000 para t2(09)
Mensaje D / 00:09:35:000 / t2(09) / ... para top(01)
Mensaje D / 00:09:35:000 / top(01) / 00:00:51:000 para Root(00)
Mensaje * / 00:10:26:000 / Root(00) para top(01)
Mensaje * / 00:10:26:000 / top(01) para t1(08)
Mensaje Y / 00:10:26:000 / t1(08) / out1 /      1.000 para top(01)
Mensaje Y / 00:10:26:000 / t1(08) / out2 /      2.000 para top(01)
Mensaje Y / 00:10:26:000 / t1(08) / out3 /      3.000 para top(01)
Mensaje Y / 00:10:26:000 / t1(08) / out4 /      4.000 para top(01)
Mensaje Y / 00:10:26:000 / t1(08) / fired /   2001.000 para top(01)
Mensaje Y / 00:10:26:000 / t1(08) / fired /   4001.000 para top(01)
Mensaje D / 00:10:26:000 / t1(08) / ... para top(01)
Mensaje X / 00:10:26:000 / top(01) / in /      1.000 para p2(03)
Mensaje X / 00:10:26:000 / top(01) / in /      1.000 para p5(06)
Mensaje X / 00:10:26:000 / top(01) / in /   2001.000 para p1(02)
Mensaje X / 00:10:26:000 / top(01) / in /   2001.000 para p3(04)
Mensaje X / 00:10:26:000 / top(01) / in /   4001.000 para p1(02)
Mensaje X / 00:10:26:000 / top(01) / in /   4001.000 para p3(04)
Mensaje D / 00:10:26:000 / p2(03) / 00:00:00:000 para top(01)
Mensaje D / 00:10:26:000 / p5(06) / 00:00:00:000 para top(01)
Mensaje D / 00:10:26:000 / p1(02) / 00:00:00:000 para top(01)
Mensaje D / 00:10:26:000 / p3(04) / 00:00:00:000 para top(01)
Mensaje D / 00:10:26:000 / p1(02) / 00:00:00:000 para top(01)
Mensaje D / 00:10:26:000 / p3(04) / 00:00:00:000 para top(01)
Mensaje D / 00:10:26:000 / top(01) / 00:00:00:000 para Root(00)
Mensaje * / 00:10:26:000 / Root(00) para top(01)
Mensaje * / 00:10:26:000 / top(01) para p1(02)
Mensaje Y / 00:10:26:000 / p1(02) / out /   2000.000 para top(01)
Mensaje D / 00:10:26:000 / p1(02) / ... para top(01)
Mensaje X / 00:10:26:000 / top(01) / in1 /   2000.000 para t1(08)
Mensaje D / 00:10:26:000 / t1(08) / ... para top(01)
Mensaje D / 00:10:26:000 / top(01) / 00:00:00:000 para Root(00)
Mensaje * / 00:10:26:000 / Root(00) para top(01)
Mensaje * / 00:10:26:000 / top(01) para p2(03)
Mensaje Y / 00:10:26:000 / p2(03) / out /   3001.000 para top(01)
Mensaje D / 00:10:26:000 / p2(03) / ... para top(01)
Mensaje X / 00:10:26:000 / top(01) / in1 /   3001.000 para t2(09)
Mensaje D / 00:10:26:000 / t2(09) / 00:00:54:000 para top(01)
Mensaje D / 00:10:26:000 / top(01) / 00:00:00:000 para Root(00)
Mensaje * / 00:10:26:000 / Root(00) para top(01)
Mensaje * / 00:10:26:000 / top(01) para p3(04)
Mensaje Y / 00:10:26:000 / p3(04) / out /   4001.000 para top(01)
Mensaje D / 00:10:26:000 / p3(04) / ... para top(01)
Mensaje X / 00:10:26:000 / top(01) / in1 /   4001.000 para t1(08)
Mensaje D / 00:10:26:000 / t1(08) / ... para top(01)
Mensaje D / 00:10:26:000 / top(01) / 00:00:00:000 para Root(00)
Mensaje * / 00:10:26:000 / Root(00) para top(01)
Mensaje * / 00:10:26:000 / top(01) para p5(06)
Mensaje Y / 00:10:26:000 / p5(06) / out /   6001.000 para top(01)
Mensaje D / 00:10:26:000 / p5(06) / ... para top(01)
Mensaje X / 00:10:26:000 / top(01) / in1 /   6001.000 para t4(11)
Mensaje D / 00:10:26:000 / t4(11) / 00:00:55:000 para top(01)
Mensaje D / 00:10:26:000 / top(01) / 00:00:54:000 para Root(00)
Mensaje * / 00:11:20:000 / Root(00) para top(01)
Mensaje * / 00:11:20:000 / top(01) para t2(09)
Mensaje Y / 00:11:20:000 / t2(09) / out1 /      1.000 para top(01)
Mensaje Y / 00:11:20:000 / t2(09) / out2 /      2.000 para top(01)
Mensaje Y / 00:11:20:000 / t2(09) / out3 /      3.000 para top(01)
Mensaje Y / 00:11:20:000 / t2(09) / out4 /      4.000 para top(01)
Mensaje Y / 00:11:20:000 / t2(09) / fired /   3001.000 para top(01)
Mensaje D / 00:11:20:000 / t2(09) / ... para top(01)
Mensaje X / 00:11:20:000 / top(01) / in /      1.000 para p1(02)
Mensaje X / 00:11:20:000 / top(01) / in /   3001.000 para p2(03)
Mensaje D / 00:11:20:000 / p1(02) / 00:00:00:000 para top(01)
Mensaje D / 00:11:20:000 / p2(03) / 00:00:00:000 para top(01)
Mensaje D / 00:11:20:000 / top(01) / 00:00:00:000 para Root(00)
Mensaje * / 00:11:20:000 / Root(00) para top(01)
Mensaje * / 00:11:20:000 / top(01) para p1(02)
Mensaje Y / 00:11:20:000 / p1(02) / out /   2001.000 para top(01)
Mensaje D / 00:11:20:000 / p1(02) / ... para top(01)
Mensaje X / 00:11:20:000 / top(01) / in1 /   2001.000 para t1(08)
Mensaje D / 00:11:20:000 / t1(08) / 00:00:02:000 para top(01)
Mensaje D / 00:11:20:000 / top(01) / 00:00:00:000 para Root(00)
Mensaje * / 00:11:20:000 / Root(00) para top(01)
Mensaje * / 00:11:20:000 / top(01) para p2(03)
Mensaje Y / 00:11:20:000 / p2(03) / out /   3000.000 para top(01)
Mensaje D / 00:11:20:000 / p2(03) / ... para top(01)
Mensaje X / 00:11:20:000 / top(01) / in1 /   3000.000 para t2(09)
Mensaje D / 00:11:20:000 / t2(09) / ... para top(01)
Mensaje D / 00:11:20:000 / top(01) / 00:00:01:000 para Root(00)
Mensaje * / 00:11:21:000 / Root(00) para top(01)
Mensaje * / 00:11:21:000 / top(01) para t4(11)
Mensaje Y / 00:11:21:000 / t4(11) / out1 /      1.000 para top(01)
Mensaje Y / 00:11:21:000 / t4(11) / out2 /      2.000 para top(01)
Mensaje Y / 00:11:21:000 / t4(11) / out3 /      3.000 para top(01)
Mensaje Y / 00:11:21:000 / t4(11) / out4 /      4.000 para top(01)
Mensaje Y / 00:11:21:000 / t4(11) / fired /   6001.000 para top(01)
Mensaje D / 00:11:21:000 / t4(11) / ... para top(01)
Mensaje X / 00:11:21:000 / top(01) / in /      1.000 para p6(07)
Mensaje X / 00:11:21:000 / top(01) / in /   6001.000 para p5(06)
Mensaje D / 00:11:21:000 / p6(07) / 00:00:00:000 para top(01)
Mensaje D / 00:11:21:000 / p5(06) / 00:00:00:000 para top(01)
Mensaje D / 00:11:21:000 / top(01) / 00:00:00:000 para Root(00)
Mensaje * / 00:11:21:000 / Root(00) para top(01)
Mensaje * / 00:11:21:000 / top(01) para p5(06)
Mensaje Y / 00:11:21:000 / p5(06) / out /   6000.000 para top(01)
Mensaje D / 00:11:21:000 / p5(06) / ... para top(01)
Mensaje X / 00:11:21:000 / top(01) / in1 /   6000.000 para t4(11)
Mensaje D / 00:11:21:000 / t4(11) / ... para top(01)
Mensaje D / 00:11:21:000 / top(01) / 00:00:00:000 para Root(00)
Mensaje * / 00:11:21:000 / Root(00) para top(01)
Mensaje * / 00:11:21:000 / top(01) para p6(07)
Mensaje Y / 00:11:21:000 / p6(07) / out /   7009.000 para top(01)
Mensaje D / 00:11:21:000 / p6(07) / ... para top(01)
Mensaje D / 00:11:21:000 / top(01) / 00:00:01:000 para Root(00)
Mensaje * / 00:11:22:000 / Root(00) para top(01)
Mensaje * / 00:11:22:000 / top(01) para t1(08)
Mensaje Y / 00:11:22:000 / t1(08) / out1 /      1.000 para top(01)
Mensaje Y / 00:11:22:000 / t1(08) / out2 /      2.000 para top(01)
Mensaje Y / 00:11:22:000 / t1(08) / out3 /      3.000 para top(01)
Mensaje Y / 00:11:22:000 / t1(08) / out4 /      4.000 para top(01)
Mensaje Y / 00:11:22:000 / t1(08) / fired /   2001.000 para top(01)
Mensaje Y / 00:11:22:000 / t1(08) / fired /   4001.000 para top(01)
Mensaje D / 00:11:22:000 / t1(08) / ... para top(01)
Mensaje X / 00:11:22:000 / top(01) / in /      1.000 para p2(03)
Mensaje X / 00:11:22:000 / top(01) / in /      1.000 para p5(06)
Mensaje X / 00:11:22:000 / top(01) / in /   2001.000 para p1(02)
Mensaje X / 00:11:22:000 / top(01) / in /   2001.000 para p3(04)
Mensaje X / 00:11:22:000 / top(01) / in /   4001.000 para p1(02)
Mensaje X / 00:11:22:000 / top(01) / in /   4001.000 para p3(04)
Mensaje D / 00:11:22:000 / p2(03) / 00:00:00:000 para top(01)
Mensaje D / 00:11:22:000 / p5(06) / 00:00:00:000 para top(01)
Mensaje D / 00:11:22:000 / p1(02) / 00:00:00:000 para top(01)
Mensaje D / 00:11:22:000 / p3(04) / 00:00:00:000 para top(01)
Mensaje D / 00:11:22:000 / p1(02) / 00:00:00:000 para top(01)
Mensaje D / 00:11:22:000 / p3(04) / 00:00:00:000 para top(01)
Mensaje D / 00:11:22:000 / top(01) / 00:00:00:000 para Root(00)
Mensaje * / 00:11:22:000 / Root(00) para top(01)
Mensaje * / 00:11:22:000 / top(01) para p1(02)
Mensaje Y / 00:11:22:000 / p1(02) / out /   2000.000 para top(01)
Mensaje D / 00:11:22:000 / p1(02) / ... para top(01)
Mensaje X / 00:11:22:000 / top(01) / in1 /   2000.000 para t1(08)
Mensaje D / 00:11:22:000 / t1(08) / ... para top(01)
Mensaje D / 00:11:22:000 / top(01) / 00:00:00:000 para Root(00)
Mensaje * / 00:11:22:000 / Root(00) para top(01)
Mensaje * / 00:11:22:000 / top(01) para p2(03)
Mensaje Y / 00:11:22:000 / p2(03) / out /   3001.000 para top(01)
Mensaje D / 00:11:22:000 / p2(03) / ... para top(01)
Mensaje X / 00:11:22:000 / top(01) / in1 /   3001.000 para t2(09)
Mensaje D / 00:11:22:000 / t2(09) / 00:00:38:000 para top(01)
Mensaje D / 00:11:22:000 / top(01) / 00:00:00:000 para Root(00)
Mensaje * / 00:11:22:000 / Root(00) para top(01)
Mensaje * / 00:11:22:000 / top(01) para p3(04)
Mensaje Y / 00:11:22:000 / p3(04) / out /   4000.000 para top(01)
Mensaje D / 00:11:22:000 / p3(04) / ... para top(01)
Mensaje X / 00:11:22:000 / top(01) / in1 /   4000.000 para t1(08)
Mensaje D / 00:11:22:000 / t1(08) / ... para top(01)
Mensaje D / 00:11:22:000 / top(01) / 00:00:00:000 para Root(00)
Mensaje * / 00:11:22:000 / Root(00) para top(01)
Mensaje * / 00:11:22:000 / top(01) para p5(06)
Mensaje Y / 00:11:22:000 / p5(06) / out /   6001.000 para top(01)
Mensaje D / 00:11:22:000 / p5(06) / ... para top(01)
Mensaje X / 00:11:22:000 / top(01) / in1 /   6001.000 para t4(11)
Mensaje D / 00:11:22:000 / t4(11) / 00:00:18:000 para top(01)
Mensaje D / 00:11:22:000 / top(01) / 00:00:18:000 para Root(00)
Mensaje * / 00:11:40:000 / Root(00) para top(01)
Mensaje * / 00:11:40:000 / top(01) para t4(11)
Mensaje Y / 00:11:40:000 / t4(11) / out1 /      1.000 para top(01)
Mensaje Y / 00:11:40:000 / t4(11) / out2 /      2.000 para top(01)
Mensaje Y / 00:11:40:000 / t4(11) / out3 /      3.000 para top(01)
Mensaje Y / 00:11:40:000 / t4(11) / out4 /      4.000 para top(01)
Mensaje Y / 00:11:40:000 / t4(11) / fired /   6001.000 para top(01)
Mensaje D / 00:11:40:000 / t4(11) / ... para top(01)
Mensaje X / 00:11:40:000 / top(01) / in /      1.000 para p6(07)
Mensaje X / 00:11:40:000 / top(01) / in /   6001.000 para p5(06)
Mensaje D / 00:11:40:000 / p6(07) / 00:00:00:000 para top(01)
Mensaje D / 00:11:40:000 / p5(06) / 00:00:00:000 para top(01)
Mensaje D / 00:11:40:000 / top(01) / 00:00:00:000 para Root(00)
Mensaje * / 00:11:40:000 / Root(00) para top(01)
Mensaje * / 00:11:40:000 / top(01) para p5(06)
Mensaje Y / 00:11:40:000 / p5(06) / out /   6000.000 para top(01)
Mensaje D / 00:11:40:000 / p5(06) / ... para top(01)
Mensaje X / 00:11:40:000 / top(01) / in1 /   6000.000 para t4(11)
Mensaje D / 00:11:40:000 / t4(11) / ... para top(01)
Mensaje D / 00:11:40:000 / top(01) / 00:00:00:000 para Root(00)
Mensaje * / 00:11:40:000 / Root(00) para top(01)
Mensaje * / 00:11:40:000 / top(01) para p6(07)
Mensaje Y / 00:11:40:000 / p6(07) / out /   7010.000 para top(01)
Mensaje D / 00:11:40:000 / p6(07) / ... para top(01)
Mensaje D / 00:11:40:000 / top(01) / 00:00:20:000 para Root(00)
Mensaje * / 00:12:00:000 / Root(00) para top(01)
Mensaje * / 00:12:00:000 / top(01) para t2(09)
Mensaje Y / 00:12:00:000 / t2(09) / out1 /      1.000 para top(01)
Mensaje Y / 00:12:00:000 / t2(09) / out2 /      2.000 para top(01)
Mensaje Y / 00:12:00:000 / t2(09) / out3 /      3.000 para top(01)
Mensaje Y / 00:12:00:000 / t2(09) / out4 /      4.000 para top(01)
Mensaje Y / 00:12:00:000 / t2(09) / fired /   3001.000 para top(01)
Mensaje D / 00:12:00:000 / t2(09) / ... para top(01)
Mensaje X / 00:12:00:000 / top(01) / in /      1.000 para p1(02)
Mensaje X / 00:12:00:000 / top(01) / in /   3001.000 para p2(03)
Mensaje D / 00:12:00:000 / p1(02) / 00:00:00:000 para top(01)
Mensaje D / 00:12:00:000 / p2(03) / 00:00:00:000 para top(01)
Mensaje D / 00:12:00:000 / top(01) / 00:00:00:000 para Root(00)
Mensaje * / 00:12:00:000 / Root(00) para top(01)
Mensaje * / 00:12:00:000 / top(01) para p1(02)
Mensaje Y / 00:12:00:000 / p1(02) / out /   2001.000 para top(01)
Mensaje D / 00:12:00:000 / p1(02) / ... para top(01)
Mensaje X / 00:12:00:000 / top(01) / in1 /   2001.000 para t1(08)
Mensaje D / 00:12:00:000 / t1(08) / ... para top(01)
Mensaje D / 00:12:00:000 / top(01) / 00:00:00:000 para Root(00)
Mensaje * / 00:12:00:000 / Root(00) para top(01)
Mensaje * / 00:12:00:000 / top(01) para p2(03)
Mensaje Y / 00:12:00:000 / p2(03) / out /   3000.000 para top(01)
Mensaje D / 00:12:00:000 / p2(03) / ... para top(01)
Mensaje X / 00:12:00:000 / top(01) / in1 /   3000.000 para t2(09)
Mensaje D / 00:12:00:000 / t2(09) / ... para top(01)
Mensaje D / 00:12:00:000 / top(01) / ... para Root(00)
